<?xml version="1.0" ?>
<!DOCTYPE coverage SYSTEM "http://cobertura.sourceforge.net/xml/coverage-04.dtd">
<coverage lines-valid="887"  lines-covered="357"  line-rate="0.4025"  branches-valid="357"  branches-covered="98"  branch-rate="0.27449999999999997"  timestamp="1378318118672" complexity="0" version="0.1">
<sources>
	<source>/Users/murphyd/git/public-data-platform</source>
</sources>
<packages>
	<package name="modules"  line-rate="0.4025"  branch-rate="0.27449999999999997" >
	<classes>
		<class name="app.js"  filename="./src/static/js/modules/app.js"  line-rate="0.3457"  branch-rate="0.1364" >
		<methods>
			<method name="(anonymous_1)"  hits="1"  signature="()V" >
				<lines><line number="6"  hits="1" /></lines>
			</method>
			<method name="(anonymous_2)"  hits="0"  signature="()V" >
				<lines><line number="16"  hits="0" /></lines>
			</method>
			<method name="(anonymous_3)"  hits="0"  signature="()V" >
				<lines><line number="28"  hits="0" /></lines>
			</method>
			<method name="(anonymous_4)"  hits="0"  signature="()V" >
				<lines><line number="60"  hits="0" /></lines>
			</method>
			<method name="(anonymous_5)"  hits="0"  signature="()V" >
				<lines><line number="75"  hits="0" /></lines>
			</method>
			<method name="(anonymous_6)"  hits="0"  signature="()V" >
				<lines><line number="81"  hits="0" /></lines>
			</method>
			<method name="(anonymous_7)"  hits="0"  signature="()V" >
				<lines><line number="102"  hits="0" /></lines>
			</method>
			<method name="(anonymous_8)"  hits="0"  signature="()V" >
				<lines><line number="107"  hits="0" /></lines>
			</method>
			<method name="(anonymous_9)"  hits="0"  signature="()V" >
				<lines><line number="113"  hits="0" /></lines>
			</method>
			<method name="(anonymous_10)"  hits="0"  signature="()V" >
				<lines><line number="119"  hits="0" /></lines>
			</method>
			<method name="(anonymous_11)"  hits="7"  signature="()V" >
				<lines><line number="140"  hits="7" /></lines>
			</method>
			<method name="buildParam"  hits="16"  signature="()V" >
				<lines><line number="145"  hits="16" /></lines>
			</method>
			<method name="(anonymous_13)"  hits="19"  signature="()V" >
				<lines><line number="157"  hits="19" /></lines>
			</method>
			<method name="(anonymous_14)"  hits="0"  signature="()V" >
				<lines><line number="178"  hits="0" /></lines>
			</method>
			<method name="(anonymous_15)"  hits="0"  signature="()V" >
				<lines><line number="213"  hits="0" /></lines>
			</method>
		</methods>
		<lines>
			<line number="6"  hits="1"  branch="false" />
			<line number="13"  hits="1"  branch="false" />
			<line number="16"  hits="1"  branch="false" />
			<line number="18"  hits="0"  branch="false" />
			<line number="22"  hits="1"  branch="false" />
			<line number="25"  hits="1"  branch="false" />
			<line number="28"  hits="1"  branch="false" />
			<line number="30"  hits="0"  branch="false" />
			<line number="34"  hits="0"  branch="false" />
			<line number="35"  hits="0"  branch="false" />
			<line number="38"  hits="0"  branch="false" />
			<line number="39"  hits="0"  branch="false" />
			<line number="43"  hits="0"  branch="true"  condition-coverage="0% (0/2)" />
			<line number="44"  hits="0"  branch="false" />
			<line number="45"  hits="0"  branch="false" />
			<line number="48"  hits="0"  branch="false" />
			<line number="52"  hits="0"  branch="false" />
			<line number="55"  hits="0"  branch="false" />
			<line number="60"  hits="1"  branch="false" />
			<line number="62"  hits="0"  branch="false" />
			<line number="66"  hits="0"  branch="false" />
			<line number="69"  hits="0"  branch="false" />
			<line number="72"  hits="0"  branch="false" />
			<line number="75"  hits="0"  branch="false" />
			<line number="76"  hits="0"  branch="false" />
			<line number="78"  hits="0"  branch="false" />
			<line number="81"  hits="0"  branch="false" />
			<line number="82"  hits="0"  branch="false" />
			<line number="84"  hits="0"  branch="false" />
			<line number="87"  hits="0"  branch="false" />
			<line number="90"  hits="0"  branch="false" />
			<line number="93"  hits="0"  branch="false" />
			<line number="96"  hits="0"  branch="false" />
			<line number="102"  hits="1"  branch="false" />
			<line number="103"  hits="0"  branch="false" />
			<line number="107"  hits="1"  branch="false" />
			<line number="108"  hits="0"  branch="false" />
			<line number="113"  hits="1"  branch="false" />
			<line number="114"  hits="0"  branch="false" />
			<line number="119"  hits="1"  branch="false" />
			<line number="121"  hits="0"  branch="false" />
			<line number="124"  hits="0"  branch="true"  condition-coverage="0% (0/2)" />
			<line number="125"  hits="0"  branch="true"  condition-coverage="0% (0/2)" />
			<line number="129"  hits="0"  branch="false" />
			<line number="135"  hits="0"  branch="false" />
			<line number="140"  hits="1"  branch="false" />
			<line number="142"  hits="7"  branch="false" />
			<line number="145"  hits="1"  branch="false" />
			<line number="147"  hits="16"  branch="false" />
			<line number="152"  hits="16"  branch="true"  condition-coverage="100% (2/2)" />
			<line number="153"  hits="1"  branch="false" />
			<line number="154"  hits="1"  branch="false" />
			<line number="157"  hits="15"  branch="false" />
			<line number="158"  hits="19"  branch="false" />
			<line number="161"  hits="15"  branch="false" />
			<line number="167"  hits="15"  branch="false" />
			<line number="171"  hits="7"  branch="false" />
			<line number="172"  hits="7"  branch="false" />
			<line number="178"  hits="1"  branch="false" />
			<line number="179"  hits="0"  branch="true"  condition-coverage="0% (0/2)" />
			<line number="180"  hits="0"  branch="true"  condition-coverage="0% (0/2)" />
			<line number="182"  hits="0"  branch="true"  condition-coverage="0% (0/2)" />
			<line number="183"  hits="0"  branch="false" />
			<line number="186"  hits="0"  branch="false" />
			<line number="187"  hits="0"  branch="false" />
			<line number="188"  hits="0"  branch="false" />
			<line number="189"  hits="0"  branch="false" />
			<line number="192"  hits="0"  branch="false" />
			<line number="195"  hits="0"  branch="false" />
			<line number="198"  hits="0"  branch="false" />
			<line number="200"  hits="0"  branch="true"  condition-coverage="0% (0/2)" />
			<line number="202"  hits="0"  branch="false" />
			<line number="205"  hits="0"  branch="true"  condition-coverage="0% (0/2)" />
			<line number="206"  hits="0"  branch="false" />
			<line number="213"  hits="1"  branch="false" />
			<line number="215"  hits="0"  branch="false" />
			<line number="217"  hits="0"  branch="false" />
			<line number="218"  hits="0"  branch="true"  condition-coverage="0% (0/2)" />
			<line number="219"  hits="0"  branch="false" />
			<line number="224"  hits="1"  branch="false" />
			<line number="226"  hits="1"  branch="false" />
		</lines>
		</class>
		<class name="dom.js"  filename="./src/static/js/modules/dom.js"  line-rate="0.2813"  branch-rate="0.0833" >
		<methods>
			<method name="(anonymous_1)"  hits="1"  signature="()V" >
				<lines><line number="7"  hits="1" /></lines>
			</method>
			<method name="(anonymous_2)"  hits="0"  signature="()V" >
				<lines><line number="16"  hits="0" /></lines>
			</method>
			<method name="(anonymous_3)"  hits="0"  signature="()V" >
				<lines><line number="27"  hits="0" /></lines>
			</method>
			<method name="(anonymous_4)"  hits="0"  signature="()V" >
				<lines><line number="32"  hits="0" /></lines>
			</method>
			<method name="(anonymous_5)"  hits="0"  signature="()V" >
				<lines><line number="46"  hits="0" /></lines>
			</method>
			<method name="(anonymous_6)"  hits="0"  signature="()V" >
				<lines><line number="59"  hits="0" /></lines>
			</method>
			<method name="(anonymous_7)"  hits="0"  signature="()V" >
				<lines><line number="70"  hits="0" /></lines>
			</method>
			<method name="(anonymous_8)"  hits="0"  signature="()V" >
				<lines><line number="82"  hits="0" /></lines>
			</method>
			<method name="(anonymous_9)"  hits="0"  signature="()V" >
				<lines><line number="94"  hits="0" /></lines>
			</method>
			<method name="(anonymous_10)"  hits="0"  signature="()V" >
				<lines><line number="110"  hits="0" /></lines>
			</method>
			<method name="(anonymous_11)"  hits="0"  signature="()V" >
				<lines><line number="129"  hits="0" /></lines>
			</method>
			<method name="(anonymous_12)"  hits="0"  signature="()V" >
				<lines><line number="134"  hits="0" /></lines>
			</method>
			<method name="(anonymous_13)"  hits="0"  signature="()V" >
				<lines><line number="142"  hits="0" /></lines>
			</method>
			<method name="(anonymous_14)"  hits="0"  signature="()V" >
				<lines><line number="150"  hits="0" /></lines>
			</method>
			<method name="(anonymous_15)"  hits="0"  signature="()V" >
				<lines><line number="165"  hits="0" /></lines>
			</method>
			<method name="(anonymous_16)"  hits="1"  signature="()V" >
				<lines><line number="171"  hits="1" /></lines>
			</method>
		</methods>
		<lines>
			<line number="7"  hits="1"  branch="false" />
			<line number="16"  hits="1"  branch="false" />
			<line number="18"  hits="0"  branch="false" />
			<line number="20"  hits="0"  branch="false" />
			<line number="22"  hits="0"  branch="false" />
			<line number="27"  hits="1"  branch="false" />
			<line number="28"  hits="0"  branch="false" />
			<line number="32"  hits="1"  branch="false" />
			<line number="34"  hits="0"  branch="false" />
			<line number="36"  hits="0"  branch="false" />
			<line number="37"  hits="0"  branch="false" />
			<line number="39"  hits="0"  branch="true"  condition-coverage="0% (0/2)" />
			<line number="40"  hits="0"  branch="false" />
			<line number="46"  hits="1"  branch="false" />
			<line number="48"  hits="0"  branch="false" />
			<line number="50"  hits="0"  branch="true"  condition-coverage="0% (0/2)" />
			<line number="51"  hits="0"  branch="false" />
			<line number="53"  hits="0"  branch="false" />
			<line number="59"  hits="1"  branch="false" />
			<line number="60"  hits="0"  branch="false" />
			<line number="64"  hits="0"  branch="false" />
			<line number="65"  hits="0"  branch="false" />
			<line number="70"  hits="1"  branch="false" />
			<line number="72"  hits="0"  branch="false" />
			<line number="76"  hits="0"  branch="false" />
			<line number="77"  hits="0"  branch="false" />
			<line number="82"  hits="1"  branch="false" />
			<line number="84"  hits="0"  branch="false" />
			<line number="88"  hits="0"  branch="false" />
			<line number="89"  hits="0"  branch="false" />
			<line number="94"  hits="1"  branch="false" />
			<line number="96"  hits="0"  branch="false" />
			<line number="99"  hits="0"  branch="false" />
			<line number="101"  hits="0"  branch="true"  condition-coverage="0% (0/2)" />
			<line number="102"  hits="0"  branch="false" />
			<line number="104"  hits="0"  branch="false" />
			<line number="110"  hits="1"  branch="false" />
			<line number="112"  hits="0"  branch="false" />
			<line number="114"  hits="0"  branch="false" />
			<line number="116"  hits="0"  branch="true"  condition-coverage="0% (0/2)" />
			<line number="118"  hits="0"  branch="true"  condition-coverage="0% (0/2)" />
			<line number="119"  hits="0"  branch="false" />
			<line number="121"  hits="0"  branch="false" />
			<line number="129"  hits="1"  branch="false" />
			<line number="130"  hits="0"  branch="false" />
			<line number="134"  hits="1"  branch="false" />
			<line number="136"  hits="0"  branch="false" />
			<line number="137"  hits="0"  branch="false" />
			<line number="142"  hits="1"  branch="false" />
			<line number="144"  hits="0"  branch="false" />
			<line number="146"  hits="0"  branch="false" />
			<line number="147"  hits="0"  branch="false" />
			<line number="148"  hits="0"  branch="false" />
			<line number="150"  hits="0"  branch="false" />
			<line number="151"  hits="0"  branch="false" />
			<line number="153"  hits="0"  branch="false" />
			<line number="155"  hits="0"  branch="false" />
			<line number="156"  hits="0"  branch="false" />
			<line number="161"  hits="1"  branch="false" />
			<line number="165"  hits="1"  branch="false" />
			<line number="166"  hits="0"  branch="false" />
			<line number="171"  hits="1"  branch="false" />
			<line number="172"  hits="1"  branch="false" />
			<line number="175"  hits="1"  branch="false" />
		</lines>
		</class>
		<class name="form.js"  filename="./src/static/js/modules/form.js"  line-rate="0.203"  branch-rate="0.011399999999999999" >
		<methods>
			<method name="(anonymous_1)"  hits="1"  signature="()V" >
				<lines><line number="6"  hits="1" /></lines>
			</method>
			<method name="(anonymous_2)"  hits="0"  signature="()V" >
				<lines><line number="22"  hits="0" /></lines>
			</method>
			<method name="(anonymous_3)"  hits="0"  signature="()V" >
				<lines><line number="32"  hits="0" /></lines>
			</method>
			<method name="(anonymous_4)"  hits="0"  signature="()V" >
				<lines><line number="36"  hits="0" /></lines>
			</method>
			<method name="(anonymous_5)"  hits="0"  signature="()V" >
				<lines><line number="43"  hits="0" /></lines>
			</method>
			<method name="(anonymous_6)"  hits="0"  signature="()V" >
				<lines><line number="48"  hits="0" /></lines>
			</method>
			<method name="(anonymous_7)"  hits="0"  signature="()V" >
				<lines><line number="57"  hits="0" /></lines>
			</method>
			<method name="(anonymous_8)"  hits="0"  signature="()V" >
				<lines><line number="69"  hits="0" /></lines>
			</method>
			<method name="(anonymous_9)"  hits="0"  signature="()V" >
				<lines><line number="77"  hits="0" /></lines>
			</method>
			<method name="(anonymous_10)"  hits="0"  signature="()V" >
				<lines><line number="79"  hits="0" /></lines>
			</method>
			<method name="(anonymous_11)"  hits="0"  signature="()V" >
				<lines><line number="91"  hits="0" /></lines>
			</method>
			<method name="(anonymous_12)"  hits="0"  signature="()V" >
				<lines><line number="102"  hits="0" /></lines>
			</method>
			<method name="(anonymous_13)"  hits="0"  signature="()V" >
				<lines><line number="109"  hits="0" /></lines>
			</method>
			<method name="(anonymous_14)"  hits="0"  signature="()V" >
				<lines><line number="125"  hits="0" /></lines>
			</method>
			<method name="(anonymous_15)"  hits="0"  signature="()V" >
				<lines><line number="139"  hits="0" /></lines>
			</method>
			<method name="(anonymous_16)"  hits="0"  signature="()V" >
				<lines><line number="154"  hits="0" /></lines>
			</method>
			<method name="(anonymous_17)"  hits="0"  signature="()V" >
				<lines><line number="193"  hits="0" /></lines>
			</method>
			<method name="(anonymous_18)"  hits="0"  signature="()V" >
				<lines><line number="198"  hits="0" /></lines>
			</method>
			<method name="(anonymous_19)"  hits="0"  signature="()V" >
				<lines><line number="215"  hits="0" /></lines>
			</method>
			<method name="(anonymous_20)"  hits="0"  signature="()V" >
				<lines><line number="220"  hits="0" /></lines>
			</method>
			<method name="(anonymous_21)"  hits="0"  signature="()V" >
				<lines><line number="243"  hits="0" /></lines>
			</method>
			<method name="emptyOptions"  hits="0"  signature="()V" >
				<lines><line number="248"  hits="0" /></lines>
			</method>
			<method name="(anonymous_23)"  hits="0"  signature="()V" >
				<lines><line number="263"  hits="0" /></lines>
			</method>
			<method name="(anonymous_24)"  hits="0"  signature="()V" >
				<lines><line number="291"  hits="0" /></lines>
			</method>
			<method name="filterDeps"  hits="0"  signature="()V" >
				<lines><line number="299"  hits="0" /></lines>
			</method>
			<method name="mapDeps"  hits="0"  signature="()V" >
				<lines><line number="304"  hits="0" /></lines>
			</method>
			<method name="mapCensus"  hits="0"  signature="()V" >
				<lines><line number="312"  hits="0" /></lines>
			</method>
			<method name="sortDeps"  hits="0"  signature="()V" >
				<lines><line number="320"  hits="0" /></lines>
			</method>
			<method name="cleanCounties"  hits="0"  signature="()V" >
				<lines><line number="325"  hits="0" /></lines>
			</method>
			<method name="(anonymous_30)"  hits="0"  signature="()V" >
				<lines><line number="366"  hits="0" /></lines>
			</method>
			<method name="(anonymous_31)"  hits="0"  signature="()V" >
				<lines><line number="371"  hits="0" /></lines>
			</method>
			<method name="(anonymous_32)"  hits="0"  signature="()V" >
				<lines><line number="380"  hits="0" /></lines>
			</method>
			<method name="(anonymous_33)"  hits="0"  signature="()V" >
				<lines><line number="409"  hits="0" /></lines>
			</method>
			<method name="(anonymous_34)"  hits="0"  signature="()V" >
				<lines><line number="418"  hits="0" /></lines>
			</method>
			<method name="(anonymous_35)"  hits="0"  signature="()V" >
				<lines><line number="422"  hits="0" /></lines>
			</method>
			<method name="(anonymous_36)"  hits="0"  signature="()V" >
				<lines><line number="437"  hits="0" /></lines>
			</method>
			<method name="(anonymous_37)"  hits="0"  signature="()V" >
				<lines><line number="456"  hits="0" /></lines>
			</method>
			<method name="(anonymous_38)"  hits="0"  signature="()V" >
				<lines><line number="475"  hits="0" /></lines>
			</method>
			<method name="(anonymous_39)"  hits="0"  signature="()V" >
				<lines><line number="481"  hits="0" /></lines>
			</method>
			<method name="(anonymous_40)"  hits="0"  signature="()V" >
				<lines><line number="488"  hits="0" /></lines>
			</method>
			<method name="emit"  hits="0"  signature="()V" >
				<lines><line number="494"  hits="0" /></lines>
			</method>
			<method name="(anonymous_42)"  hits="0"  signature="()V" >
				<lines><line number="498"  hits="0" /></lines>
			</method>
			<method name="(anonymous_43)"  hits="0"  signature="()V" >
				<lines><line number="517"  hits="0" /></lines>
			</method>
			<method name="(anonymous_44)"  hits="0"  signature="()V" >
				<lines><line number="524"  hits="0" /></lines>
			</method>
			<method name="(anonymous_45)"  hits="0"  signature="()V" >
				<lines><line number="537"  hits="0" /></lines>
			</method>
			<method name="(anonymous_46)"  hits="0"  signature="()V" >
				<lines><line number="542"  hits="0" /></lines>
			</method>
			<method name="(anonymous_47)"  hits="0"  signature="()V" >
				<lines><line number="558"  hits="0" /></lines>
			</method>
			<method name="(anonymous_48)"  hits="0"  signature="()V" >
				<lines><line number="570"  hits="0" /></lines>
			</method>
			<method name="(anonymous_49)"  hits="0"  signature="()V" >
				<lines><line number="582"  hits="0" /></lines>
			</method>
		</methods>
		<lines>
			<line number="6"  hits="1"  branch="false" />
			<line number="13"  hits="1"  branch="false" />
			<line number="16"  hits="1"  branch="false" />
			<line number="19"  hits="1"  branch="false" />
			<line number="22"  hits="1"  branch="false" />
			<line number="23"  hits="0"  branch="false" />
			<line number="27"  hits="1"  branch="false" />
			<line number="32"  hits="1"  branch="false" />
			<line number="34"  hits="0"  branch="false" />
			<line number="35"  hits="0"  branch="false" />
			<line number="36"  hits="0"  branch="false" />
			<line number="37"  hits="0"  branch="false" />
			<line number="43"  hits="1"  branch="false" />
			<line number="44"  hits="0"  branch="false" />
			<line number="48"  hits="1"  branch="false" />
			<line number="50"  hits="0"  branch="false" />
			<line number="56"  hits="0"  branch="false" />
			<line number="57"  hits="0"  branch="false" />
			<line number="60"  hits="0"  branch="false" />
			<line number="63"  hits="0"  branch="false" />
			<line number="64"  hits="0"  branch="false" />
			<line number="69"  hits="1"  branch="false" />
			<line number="71"  hits="0"  branch="false" />
			<line number="72"  hits="0"  branch="false" />
			<line number="77"  hits="1"  branch="false" />
			<line number="79"  hits="0"  branch="false" />
			<line number="81"  hits="0"  branch="false" />
			<line number="84"  hits="0"  branch="true"  condition-coverage="0% (0/4)" />
			<line number="85"  hits="0"  branch="false" />
			<line number="91"  hits="0"  branch="false" />
			<line number="93"  hits="0"  branch="true"  condition-coverage="0% (0/2)" />
			<line number="94"  hits="0"  branch="false" />
			<line number="102"  hits="1"  branch="false" />
			<line number="104"  hits="0"  branch="false" />
			<line number="109"  hits="0"  branch="false" />
			<line number="110"  hits="0"  branch="false" />
			<line number="111"  hits="0"  branch="true"  condition-coverage="0% (0/4)" />
			<line number="112"  hits="0"  branch="false" />
			<line number="117"  hits="0"  branch="false" />
			<line number="118"  hits="0"  branch="false" />
			<line number="119"  hits="0"  branch="false" />
			<line number="125"  hits="1"  branch="false" />
			<line number="127"  hits="0"  branch="false" />
			<line number="130"  hits="0"  branch="true"  condition-coverage="0% (0/4)" />
			<line number="132"  hits="0"  branch="true"  condition-coverage="0% (0/2)" />
			<line number="133"  hits="0"  branch="false" />
			<line number="137"  hits="0"  branch="true"  condition-coverage="0% (0/4)" />
			<line number="139"  hits="0"  branch="false" />
			<line number="140"  hits="0"  branch="false" />
			<line number="143"  hits="0"  branch="false" />
			<line number="148"  hits="0"  branch="false" />
			<line number="154"  hits="1"  branch="false" />
			<line number="156"  hits="0"  branch="false" />
			<line number="165"  hits="0"  branch="true"  condition-coverage="0% (0/6)" />
			<line number="166"  hits="0"  branch="false" />
			<line number="171"  hits="0"  branch="true"  condition-coverage="0% (0/4)" />
			<line number="172"  hits="0"  branch="true"  condition-coverage="0% (0/2)" />
			<line number="173"  hits="0"  branch="false" />
			<line number="175"  hits="0"  branch="false" />
			<line number="180"  hits="0"  branch="false" />
			<line number="188"  hits="0"  branch="false" />
			<line number="193"  hits="1"  branch="false" />
			<line number="195"  hits="0"  branch="false" />
			<line number="198"  hits="0"  branch="false" />
			<line number="200"  hits="0"  branch="false" />
			<line number="203"  hits="0"  branch="true"  condition-coverage="0% (0/2)" />
			<line number="204"  hits="0"  branch="false" />
			<line number="209"  hits="0"  branch="false" />
			<line number="215"  hits="1"  branch="false" />
			<line number="217"  hits="0"  branch="false" />
			<line number="220"  hits="0"  branch="false" />
			<line number="223"  hits="0"  branch="false" />
			<line number="226"  hits="0"  branch="false" />
			<line number="231"  hits="0"  branch="false" />
			<line number="234"  hits="0"  branch="true"  condition-coverage="0% (0/2)" />
			<line number="235"  hits="0"  branch="false" />
			<line number="237"  hits="0"  branch="false" />
			<line number="243"  hits="1"  branch="false" />
			<line number="245"  hits="0"  branch="true"  condition-coverage="0% (0/2)" />
			<line number="248"  hits="1"  branch="false" />
			<line number="251"  hits="0"  branch="false" />
			<line number="254"  hits="0"  branch="false" />
			<line number="258"  hits="0"  branch="true"  condition-coverage="0% (0/2)" />
			<line number="263"  hits="1"  branch="false" />
			<line number="266"  hits="0"  branch="true"  condition-coverage="0% (0/2)" />
			<line number="267"  hits="0"  branch="false" />
			<line number="270"  hits="0"  branch="true"  condition-coverage="0% (0/2)" />
			<line number="271"  hits="0"  branch="false" />
			<line number="274"  hits="0"  branch="false" />
			<line number="277"  hits="0"  branch="false" />
			<line number="280"  hits="0"  branch="false" />
			<line number="284"  hits="0"  branch="true"  condition-coverage="0% (0/2)" />
			<line number="291"  hits="0"  branch="false" />
			<line number="295"  hits="0"  branch="false" />
			<line number="299"  hits="1"  branch="false" />
			<line number="300"  hits="0"  branch="false" />
			<line number="304"  hits="1"  branch="false" />
			<line number="305"  hits="0"  branch="false" />
			<line number="312"  hits="1"  branch="false" />
			<line number="313"  hits="0"  branch="false" />
			<line number="320"  hits="1"  branch="false" />
			<line number="321"  hits="0"  branch="false" />
			<line number="325"  hits="1"  branch="false" />
			<line number="326"  hits="0"  branch="true"  condition-coverage="0% (0/2)" />
			<line number="327"  hits="0"  branch="false" />
			<line number="332"  hits="0"  branch="false" />
			<line number="336"  hits="0"  branch="true"  condition-coverage="0% (0/2)" />
			<line number="338"  hits="0"  branch="false" />
			<line number="339"  hits="0"  branch="false" />
			<line number="342"  hits="0"  branch="false" />
			<line number="347"  hits="0"  branch="true"  condition-coverage="0% (0/2)" />
			<line number="349"  hits="0"  branch="false" />
			<line number="350"  hits="0"  branch="false" />
			<line number="353"  hits="0"  branch="false" />
			<line number="357"  hits="0"  branch="false" />
			<line number="359"  hits="0"  branch="false" />
			<line number="366"  hits="1"  branch="false" />
			<line number="368"  hits="0"  branch="false" />
			<line number="371"  hits="0"  branch="false" />
			<line number="372"  hits="0"  branch="false" />
			<line number="375"  hits="0"  branch="false" />
			<line number="380"  hits="1"  branch="false" />
			<line number="382"  hits="0"  branch="false" />
			<line number="384"  hits="0"  branch="true"  condition-coverage="0% (0/3)" />
			<line number="388"  hits="0"  branch="false" />
			<line number="389"  hits="0"  branch="false" />
			<line number="394"  hits="0"  branch="false" />
			<line number="395"  hits="0"  branch="false" />
			<line number="399"  hits="0"  branch="false" />
			<line number="403"  hits="0"  branch="false" />
			<line number="409"  hits="1"  branch="false" />
			<line number="411"  hits="0"  branch="false" />
			<line number="412"  hits="0"  branch="false" />
			<line number="418"  hits="1"  branch="false" />
			<line number="420"  hits="0"  branch="false" />
			<line number="422"  hits="0"  branch="false" />
			<line number="424"  hits="0"  branch="false" />
			<line number="427"  hits="0"  branch="false" />
			<line number="428"  hits="0"  branch="false" />
			<line number="429"  hits="0"  branch="false" />
			<line number="430"  hits="0"  branch="false" />
			<line number="437"  hits="1"  branch="false" />
			<line number="439"  hits="0"  branch="false" />
			<line number="443"  hits="0"  branch="false" />
			<line number="446"  hits="0"  branch="true"  condition-coverage="0% (0/2)" />
			<line number="447"  hits="0"  branch="false" />
			<line number="448"  hits="0"  branch="false" />
			<line number="451"  hits="0"  branch="false" />
			<line number="456"  hits="1"  branch="false" />
			<line number="458"  hits="0"  branch="false" />
			<line number="462"  hits="0"  branch="false" />
			<line number="465"  hits="0"  branch="true"  condition-coverage="0% (0/2)" />
			<line number="466"  hits="0"  branch="false" />
			<line number="467"  hits="0"  branch="false" />
			<line number="470"  hits="0"  branch="false" />
			<line number="475"  hits="1"  branch="false" />
			<line number="476"  hits="0"  branch="false" />
			<line number="477"  hits="0"  branch="false" />
			<line number="481"  hits="1"  branch="false" />
			<line number="482"  hits="0"  branch="false" />
			<line number="483"  hits="0"  branch="false" />
			<line number="488"  hits="1"  branch="false" />
			<line number="491"  hits="0"  branch="true"  condition-coverage="0% (0/2)" />
			<line number="494"  hits="1"  branch="false" />
			<line number="495"  hits="0"  branch="false" />
			<line number="498"  hits="0"  branch="false" />
			<line number="502"  hits="0"  branch="false" />
			<line number="507"  hits="0"  branch="true"  condition-coverage="0% (0/2)" />
			<line number="511"  hits="0"  branch="false" />
			<line number="512"  hits="0"  branch="false" />
			<line number="516"  hits="0"  branch="true"  condition-coverage="0% (0/2)" />
			<line number="517"  hits="0"  branch="false" />
			<line number="520"  hits="0"  branch="false" />
			<line number="521"  hits="0"  branch="false" />
			<line number="524"  hits="0"  branch="false" />
			<line number="525"  hits="0"  branch="false" />
			<line number="537"  hits="1"  branch="false" />
			<line number="540"  hits="0"  branch="true"  condition-coverage="0% (0/2)" />
			<line number="542"  hits="0"  branch="false" />
			<line number="544"  hits="0"  branch="false" />
			<line number="547"  hits="0"  branch="true"  condition-coverage="0% (0/5)" />
			<line number="548"  hits="0"  branch="false" />
			<line number="550"  hits="0"  branch="false" />
			<line number="558"  hits="1"  branch="false" />
			<line number="560"  hits="0"  branch="false" />
			<line number="562"  hits="0"  branch="false" />
			<line number="563"  hits="0"  branch="false" />
			<line number="570"  hits="1"  branch="false" />
			<line number="572"  hits="0"  branch="true"  condition-coverage="0% (0/2)" />
			<line number="573"  hits="0"  branch="false" />
			<line number="575"  hits="0"  branch="false" />
			<line number="576"  hits="0"  branch="false" />
			<line number="582"  hits="1"  branch="false" />
			<line number="583"  hits="0"  branch="false" />
			<line number="586"  hits="0"  branch="false" />
			<line number="590"  hits="1"  branch="false" />
			<line number="592"  hits="1"  branch="false" />
		</lines>
		</class>
		<class name="observer.js"  filename="./src/static/js/modules/observer.js"  line-rate="1"  branch-rate="0.5" >
		<methods>
			<method name="(anonymous_1)"  hits="1"  signature="()V" >
				<lines><line number="6"  hits="1" /></lines>
			</method>
		</methods>
		<lines>
			<line number="6"  hits="1"  branch="false" />
			<line number="15"  hits="1"  branch="false" />
			<line number="18"  hits="1"  branch="false" />
			<line number="20"  hits="1"  branch="false" />
		</lines>
		</class>
		<class name="preview.js"  filename="./src/static/js/modules/preview.js"  line-rate="0.22579999999999997"  branch-rate="0.0417" >
		<methods>
			<method name="(anonymous_1)"  hits="1"  signature="()V" >
				<lines><line number="6"  hits="1" /></lines>
			</method>
			<method name="(anonymous_2)"  hits="0"  signature="()V" >
				<lines><line number="34"  hits="0" /></lines>
			</method>
			<method name="(anonymous_3)"  hits="0"  signature="()V" >
				<lines><line number="45"  hits="0" /></lines>
			</method>
			<method name="(anonymous_4)"  hits="0"  signature="()V" >
				<lines><line number="55"  hits="0" /></lines>
			</method>
			<method name="(anonymous_5)"  hits="0"  signature="()V" >
				<lines><line number="64"  hits="0" /></lines>
			</method>
			<method name="(anonymous_6)"  hits="0"  signature="()V" >
				<lines><line number="72"  hits="0" /></lines>
			</method>
			<method name="(anonymous_7)"  hits="0"  signature="()V" >
				<lines><line number="80"  hits="0" /></lines>
			</method>
			<method name="(anonymous_8)"  hits="0"  signature="()V" >
				<lines><line number="94"  hits="0" /></lines>
			</method>
			<method name="(anonymous_9)"  hits="0"  signature="()V" >
				<lines><line number="106"  hits="0" /></lines>
			</method>
			<method name="_abort"  hits="0"  signature="()V" >
				<lines><line number="115"  hits="0" /></lines>
			</method>
			<method name="(anonymous_11)"  hits="0"  signature="()V" >
				<lines><line number="127"  hits="0" /></lines>
			</method>
			<method name="(anonymous_12)"  hits="0"  signature="()V" >
				<lines><line number="143"  hits="0" /></lines>
			</method>
			<method name="(anonymous_13)"  hits="0"  signature="()V" >
				<lines><line number="152"  hits="0" /></lines>
			</method>
			<method name="(anonymous_14)"  hits="0"  signature="()V" >
				<lines><line number="162"  hits="0" /></lines>
			</method>
			<method name="(anonymous_15)"  hits="0"  signature="()V" >
				<lines><line number="182"  hits="0" /></lines>
			</method>
			<method name="(anonymous_16)"  hits="0"  signature="()V" >
				<lines><line number="204"  hits="0" /></lines>
			</method>
			<method name="(anonymous_17)"  hits="0"  signature="()V" >
				<lines><line number="239"  hits="0" /></lines>
			</method>
			<method name="(anonymous_18)"  hits="0"  signature="()V" >
				<lines><line number="243"  hits="0" /></lines>
			</method>
			<method name="(anonymous_19)"  hits="0"  signature="()V" >
				<lines><line number="248"  hits="0" /></lines>
			</method>
			<method name="(anonymous_20)"  hits="0"  signature="()V" >
				<lines><line number="254"  hits="0" /></lines>
			</method>
		</methods>
		<lines>
			<line number="6"  hits="1"  branch="false" />
			<line number="13"  hits="1"  branch="false" />
			<line number="16"  hits="1"  branch="false" />
			<line number="19"  hits="1"  branch="false" />
			<line number="22"  hits="1"  branch="false" />
			<line number="25"  hits="1"  branch="false" />
			<line number="34"  hits="1"  branch="false" />
			<line number="36"  hits="0"  branch="false" />
			<line number="37"  hits="0"  branch="false" />
			<line number="38"  hits="0"  branch="false" />
			<line number="39"  hits="0"  branch="false" />
			<line number="40"  hits="0"  branch="false" />
			<line number="45"  hits="1"  branch="false" />
			<line number="47"  hits="0"  branch="false" />
			<line number="48"  hits="0"  branch="false" />
			<line number="49"  hits="0"  branch="false" />
			<line number="50"  hits="0"  branch="false" />
			<line number="55"  hits="1"  branch="false" />
			<line number="57"  hits="0"  branch="false" />
			<line number="58"  hits="0"  branch="false" />
			<line number="59"  hits="0"  branch="false" />
			<line number="64"  hits="1"  branch="false" />
			<line number="66"  hits="0"  branch="false" />
			<line number="67"  hits="0"  branch="false" />
			<line number="72"  hits="1"  branch="false" />
			<line number="74"  hits="0"  branch="false" />
			<line number="75"  hits="0"  branch="false" />
			<line number="80"  hits="1"  branch="false" />
			<line number="82"  hits="0"  branch="false" />
			<line number="84"  hits="0"  branch="false" />
			<line number="85"  hits="0"  branch="false" />
			<line number="86"  hits="0"  branch="false" />
			<line number="91"  hits="1"  branch="false" />
			<line number="94"  hits="1"  branch="false" />
			<line number="95"  hits="0"  branch="false" />
			<line number="98"  hits="0"  branch="false" />
			<line number="99"  hits="0"  branch="false" />
			<line number="101"  hits="0"  branch="false" />
			<line number="106"  hits="1"  branch="false" />
			<line number="108"  hits="0"  branch="false" />
			<line number="113"  hits="0"  branch="false" />
			<line number="115"  hits="1"  branch="false" />
			<line number="117"  hits="0"  branch="false" />
			<line number="118"  hits="0"  branch="false" />
			<line number="119"  hits="0"  branch="false" />
			<line number="123"  hits="0"  branch="false" />
			<line number="124"  hits="0"  branch="false" />
			<line number="125"  hits="0"  branch="false" />
			<line number="127"  hits="0"  branch="false" />
			<line number="129"  hits="0"  branch="true"  condition-coverage="0% (0/4)" />
			<line number="130"  hits="0"  branch="false" />
			<line number="133"  hits="0"  branch="false" />
			<line number="134"  hits="0"  branch="false" />
			<line number="135"  hits="0"  branch="false" />
			<line number="136"  hits="0"  branch="false" />
			<line number="137"  hits="0"  branch="false" />
			<line number="141"  hits="0"  branch="false" />
			<line number="143"  hits="0"  branch="false" />
			<line number="144"  hits="0"  branch="true"  condition-coverage="0% (0/4)" />
			<line number="145"  hits="0"  branch="false" />
			<line number="152"  hits="1"  branch="false" />
			<line number="155"  hits="0"  branch="true"  condition-coverage="0% (0/2)" />
			<line number="159"  hits="0"  branch="true"  condition-coverage="0% (0/2)" />
			<line number="162"  hits="0"  branch="false" />
			<line number="163"  hits="0"  branch="true"  condition-coverage="0% (0/2)" />
			<line number="164"  hits="0"  branch="false" />
			<line number="166"  hits="0"  branch="false" />
			<line number="171"  hits="0"  branch="true"  condition-coverage="0% (0/2)" />
			<line number="175"  hits="0"  branch="false" />
			<line number="176"  hits="0"  branch="false" />
			<line number="182"  hits="1"  branch="false" />
			<line number="184"  hits="0"  branch="false" />
			<line number="187"  hits="0"  branch="true"  condition-coverage="0% (0/4)" />
			<line number="188"  hits="0"  branch="false" />
			<line number="189"  hits="0"  branch="false" />
			<line number="192"  hits="0"  branch="false" />
			<line number="196"  hits="0"  branch="false" />
			<line number="198"  hits="0"  branch="false" />
			<line number="204"  hits="1"  branch="false" />
			<line number="208"  hits="0"  branch="false" />
			<line number="239"  hits="0"  branch="false" />
			<line number="240"  hits="0"  branch="false" />
			<line number="243"  hits="0"  branch="false" />
			<line number="245"  hits="0"  branch="false" />
			<line number="248"  hits="0"  branch="false" />
			<line number="249"  hits="0"  branch="true"  condition-coverage="0% (0/2)" />
			<line number="250"  hits="0"  branch="false" />
			<line number="254"  hits="0"  branch="false" />
			<line number="255"  hits="0"  branch="false" />
			<line number="258"  hits="0"  branch="false" />
			<line number="262"  hits="0"  branch="false" />
			<line number="272"  hits="1"  branch="false" />
			<line number="274"  hits="1"  branch="false" />
		</lines>
		</class>
		<class name="query.js"  filename="./src/static/js/modules/query.js"  line-rate="0.9523999999999999"  branch-rate="0.7857" >
		<methods>
			<method name="(anonymous_1)"  hits="1"  signature="()V" >
				<lines><line number="6"  hits="1" /></lines>
			</method>
			<method name="(anonymous_2)"  hits="8"  signature="()V" >
				<lines><line number="36"  hits="8" /></lines>
			</method>
			<method name="(anonymous_3)"  hits="6"  signature="()V" >
				<lines><line number="73"  hits="6" /></lines>
			</method>
			<method name="_processField"  hits="13"  signature="()V" >
				<lines><line number="88"  hits="13" /></lines>
			</method>
			<method name="(anonymous_5)"  hits="17"  signature="()V" >
				<lines><line number="105"  hits="17" /></lines>
			</method>
			<method name="(anonymous_6)"  hits="1"  signature="()V" >
				<lines><line number="130"  hits="1" /></lines>
			</method>
			<method name="buildHashParam"  hits="2"  signature="()V" >
				<lines><line number="135"  hits="2" /></lines>
			</method>
			<method name="(anonymous_8)"  hits="5"  signature="()V" >
				<lines><line number="152"  hits="5" /></lines>
			</method>
			<method name="(anonymous_9)"  hits="5"  signature="()V" >
				<lines><line number="162"  hits="5" /></lines>
			</method>
			<method name="(anonymous_10)"  hits="5"  signature="()V" >
				<lines><line number="203"  hits="5" /></lines>
			</method>
			<method name="(anonymous_11)"  hits="4"  signature="()V" >
				<lines><line number="225"  hits="4" /></lines>
			</method>
			<method name="(anonymous_12)"  hits="9"  signature="()V" >
				<lines><line number="232"  hits="9" /></lines>
			</method>
			<method name="(anonymous_13)"  hits="6"  signature="()V" >
				<lines><line number="251"  hits="6" /></lines>
			</method>
			<method name="(anonymous_14)"  hits="7"  signature="()V" >
				<lines><line number="262"  hits="7" /></lines>
			</method>
			<method name="(anonymous_15)"  hits="5"  signature="()V" >
				<lines><line number="280"  hits="5" /></lines>
			</method>
			<method name="(anonymous_16)"  hits="2"  signature="()V" >
				<lines><line number="284"  hits="2" /></lines>
			</method>
			<method name="(anonymous_17)"  hits="9"  signature="()V" >
				<lines><line number="290"  hits="9" /></lines>
			</method>
			<method name="(anonymous_18)"  hits="7"  signature="()V" >
				<lines><line number="310"  hits="7" /></lines>
			</method>
			<method name="(anonymous_19)"  hits="10"  signature="()V" >
				<lines><line number="332"  hits="10" /></lines>
			</method>
			<method name="(anonymous_20)"  hits="0"  signature="()V" >
				<lines><line number="352"  hits="0" /></lines>
			</method>
		</methods>
		<lines>
			<line number="6"  hits="1"  branch="false" />
			<line number="14"  hits="1"  branch="false" />
			<line number="17"  hits="1"  branch="false" />
			<line number="20"  hits="1"  branch="true"  condition-coverage="50% (1/2)" />
			<line number="23"  hits="1"  branch="true"  condition-coverage="50% (1/2)" />
			<line number="26"  hits="1"  branch="false" />
			<line number="29"  hits="1"  branch="false" />
			<line number="32"  hits="1"  branch="false" />
			<line number="36"  hits="1"  branch="false" />
			<line number="38"  hits="8"  branch="true"  condition-coverage="100% (2/2)" />
			<line number="40"  hits="8"  branch="true"  condition-coverage="100% (2/2)" />
			<line number="41"  hits="1"  branch="false" />
			<line number="64"  hits="7"  branch="false" />
			<line number="67"  hits="8"  branch="false" />
			<line number="73"  hits="1"  branch="false" />
			<line number="75"  hits="6"  branch="false" />
			<line number="79"  hits="6"  branch="true"  condition-coverage="50% (1/2)" />
			<line number="80"  hits="6"  branch="false" />
			<line number="82"  hits="0"  branch="false" />
			<line number="85"  hits="6"  branch="false" />
			<line number="88"  hits="1"  branch="false" />
			<line number="90"  hits="13"  branch="true"  condition-coverage="75% (3/4)" />
			<line number="93"  hits="13"  branch="true"  condition-coverage="50% (1/2)" />
			<line number="94"  hits="13"  branch="false" />
			<line number="102"  hits="13"  branch="true"  condition-coverage="50% (1/2)" />
			<line number="103"  hits="0"  branch="false" />
			<line number="105"  hits="13"  branch="false" />
			<line number="107"  hits="17"  branch="false" />
			<line number="110"  hits="17"  branch="true"  condition-coverage="50% (1/2)" />
			<line number="111"  hits="17"  branch="false" />
			<line number="117"  hits="13"  branch="false" />
			<line number="123"  hits="6"  branch="false" />
			<line number="125"  hits="6"  branch="false" />
			<line number="130"  hits="1"  branch="false" />
			<line number="131"  hits="1"  branch="false" />
			<line number="135"  hits="1"  branch="false" />
			<line number="137"  hits="2"  branch="true"  condition-coverage="50% (1/2)" />
			<line number="138"  hits="0"  branch="false" />
			<line number="142"  hits="2"  branch="false" />
			<line number="145"  hits="1"  branch="false" />
			<line number="147"  hits="1"  branch="false" />
			<line number="148"  hits="1"  branch="false" />
			<line number="152"  hits="1"  branch="false" />
			<line number="155"  hits="5"  branch="false" />
			<line number="156"  hits="5"  branch="true"  condition-coverage="83.33333333333334% (5/6)" />
			<line number="157"  hits="5"  branch="false" />
			<line number="158"  hits="5"  branch="false" />
			<line number="162"  hits="1"  branch="false" />
			<line number="164"  hits="5"  branch="false" />
			<line number="169"  hits="5"  branch="false" />
			<line number="172"  hits="5"  branch="false" />
			<line number="174"  hits="5"  branch="true"  condition-coverage="100% (2/2)" />
			<line number="175"  hits="3"  branch="false" />
			<line number="184"  hits="5"  branch="false" />
			<line number="186"  hits="5"  branch="false" />
			<line number="203"  hits="1"  branch="false" />
			<line number="204"  hits="5"  branch="false" />
			<line number="206"  hits="5"  branch="true"  condition-coverage="50% (1/2)" />
			<line number="207"  hits="5"  branch="false" />
			<line number="208"  hits="11"  branch="true"  condition-coverage="50% (1/2)" />
			<line number="209"  hits="11"  branch="false" />
			<line number="213"  hits="0"  branch="false" />
			<line number="216"  hits="5"  branch="false" />
			<line number="222"  hits="1"  branch="false" />
			<line number="227"  hits="4"  branch="false" />
			<line number="232"  hits="4"  branch="false" />
			<line number="234"  hits="9"  branch="true"  condition-coverage="75% (3/4)" />
			<line number="235"  hits="0"  branch="false" />
			<line number="238"  hits="9"  branch="false" />
			<line number="240"  hits="9"  branch="true"  condition-coverage="100% (2/2)" />
			<line number="241"  hits="4"  branch="false" />
			<line number="244"  hits="4"  branch="true"  condition-coverage="100% (2/2)" />
			<line number="245"  hits="2"  branch="false" />
			<line number="251"  hits="4"  branch="false" />
			<line number="252"  hits="6"  branch="false" />
			<line number="256"  hits="5"  branch="false" />
			<line number="262"  hits="4"  branch="false" />
			<line number="264"  hits="7"  branch="false" />
			<line number="267"  hits="7"  branch="false" />
			<line number="268"  hits="7"  branch="false" />
			<line number="269"  hits="7"  branch="false" />
			<line number="275"  hits="4"  branch="false" />
			<line number="281"  hits="5"  branch="false" />
			<line number="285"  hits="2"  branch="false" />
			<line number="292"  hits="9"  branch="false" />
			<line number="296"  hits="9"  branch="false" />
			<line number="297"  hits="156"  branch="true"  condition-coverage="50% (1/2)" />
			<line number="298"  hits="156"  branch="false" />
			<line number="300"  hits="156"  branch="true"  condition-coverage="100% (2/2)" />
			<line number="301"  hits="147"  branch="false" />
			<line number="306"  hits="9"  branch="false" />
			<line number="311"  hits="7"  branch="false" />
			<line number="317"  hits="7"  branch="true"  condition-coverage="100% (2/2)" />
			<line number="319"  hits="3"  branch="true"  condition-coverage="100% (6/6)" />
			<line number="320"  hits="1"  branch="false" />
			<line number="322"  hits="2"  branch="false" />
			<line number="325"  hits="3"  branch="false" />
			<line number="332"  hits="4"  branch="false" />
			<line number="334"  hits="10"  branch="true"  condition-coverage="100% (6/6)" />
			<line number="335"  hits="2"  branch="false" />
			<line number="337"  hits="8"  branch="false" />
			<line number="342"  hits="4"  branch="false" />
			<line number="352"  hits="1"  branch="false" />
			<line number="357"  hits="1"  branch="false" />
			<line number="359"  hits="1"  branch="false" />
		</lines>
		</class>
		<class name="summary-table.js"  filename="./src/static/js/modules/summary-table.js"  line-rate="0.47859999999999997"  branch-rate="0.3553" >
		<methods>
			<method name="(anonymous_1)"  hits="1"  signature="()V" >
				<lines><line number="12"  hits="1" /></lines>
			</method>
			<method name="(anonymous_2)"  hits="6"  signature="()V" >
				<lines><line number="86"  hits="6" /></lines>
			</method>
			<method name="(anonymous_3)"  hits="0"  signature="()V" >
				<lines><line number="93"  hits="0" /></lines>
			</method>
			<method name="(anonymous_4)"  hits="1"  signature="()V" >
				<lines><line number="101"  hits="1" /></lines>
			</method>
			<method name="(anonymous_5)"  hits="0"  signature="()V" >
				<lines><line number="120"  hits="0" /></lines>
			</method>
			<method name="(anonymous_6)"  hits="0"  signature="()V" >
				<lines><line number="128"  hits="0" /></lines>
			</method>
			<method name="(anonymous_7)"  hits="1"  signature="()V" >
				<lines><line number="158"  hits="1" /></lines>
			</method>
			<method name="(anonymous_8)"  hits="0"  signature="()V" >
				<lines><line number="169"  hits="0" /></lines>
			</method>
			<method name="(anonymous_9)"  hits="1"  signature="()V" >
				<lines><line number="173"  hits="1" /></lines>
			</method>
			<method name="(anonymous_10)"  hits="0"  signature="()V" >
				<lines><line number="177"  hits="0" /></lines>
			</method>
			<method name="(anonymous_11)"  hits="0"  signature="()V" >
				<lines><line number="186"  hits="0" /></lines>
			</method>
			<method name="(anonymous_12)"  hits="0"  signature="()V" >
				<lines><line number="193"  hits="0" /></lines>
			</method>
			<method name="_abort"  hits="0"  signature="()V" >
				<lines><line number="195"  hits="0" /></lines>
			</method>
			<method name="(anonymous_14)"  hits="0"  signature="()V" >
				<lines><line number="204"  hits="0" /></lines>
			</method>
			<method name="(anonymous_15)"  hits="0"  signature="()V" >
				<lines><line number="207"  hits="0" /></lines>
			</method>
			<method name="(anonymous_16)"  hits="0"  signature="()V" >
				<lines><line number="215"  hits="0" /></lines>
			</method>
			<method name="(anonymous_17)"  hits="36"  signature="()V" >
				<lines><line number="237"  hits="36" /></lines>
			</method>
			<method name="(anonymous_18)"  hits="0"  signature="()V" >
				<lines><line number="272"  hits="0" /></lines>
			</method>
			<method name="(anonymous_19)"  hits="0"  signature="()V" >
				<lines><line number="278"  hits="0" /></lines>
			</method>
			<method name="(anonymous_20)"  hits="0"  signature="()V" >
				<lines><line number="286"  hits="0" /></lines>
			</method>
			<method name="(anonymous_21)"  hits="2"  signature="()V" >
				<lines><line number="294"  hits="2" /></lines>
			</method>
			<method name="(anonymous_22)"  hits="1"  signature="()V" >
				<lines><line number="313"  hits="1" /></lines>
			</method>
			<method name="(anonymous_23)"  hits="0"  signature="()V" >
				<lines><line number="354"  hits="0" /></lines>
			</method>
			<method name="(anonymous_24)"  hits="1"  signature="()V" >
				<lines><line number="359"  hits="1" /></lines>
			</method>
			<method name="(anonymous_25)"  hits="3"  signature="()V" >
				<lines><line number="368"  hits="3" /></lines>
			</method>
			<method name="(anonymous_26)"  hits="0"  signature="()V" >
				<lines><line number="389"  hits="0" /></lines>
			</method>
			<method name="(anonymous_27)"  hits="1"  signature="()V" >
				<lines><line number="397"  hits="1" /></lines>
			</method>
			<method name="(anonymous_28)"  hits="0"  signature="()V" >
				<lines><line number="423"  hits="0" /></lines>
			</method>
			<method name="(anonymous_29)"  hits="0"  signature="()V" >
				<lines><line number="431"  hits="0" /></lines>
			</method>
			<method name="(anonymous_30)"  hits="0"  signature="()V" >
				<lines><line number="439"  hits="0" /></lines>
			</method>
			<method name="(anonymous_31)"  hits="0"  signature="()V" >
				<lines><line number="461"  hits="0" /></lines>
			</method>
			<method name="(anonymous_32)"  hits="0"  signature="()V" >
				<lines><line number="471"  hits="0" /></lines>
			</method>
			<method name="(anonymous_33)"  hits="0"  signature="()V" >
				<lines><line number="474"  hits="0" /></lines>
			</method>
			<method name="(anonymous_34)"  hits="0"  signature="()V" >
				<lines><line number="501"  hits="0" /></lines>
			</method>
			<method name="(anonymous_35)"  hits="0"  signature="()V" >
				<lines><line number="502"  hits="0" /></lines>
			</method>
			<method name="(anonymous_36)"  hits="0"  signature="()V" >
				<lines><line number="507"  hits="0" /></lines>
			</method>
			<method name="(anonymous_37)"  hits="0"  signature="()V" >
				<lines><line number="523"  hits="0" /></lines>
			</method>
			<method name="(anonymous_38)"  hits="0"  signature="()V" >
				<lines><line number="540"  hits="0" /></lines>
			</method>
			<method name="(anonymous_39)"  hits="0"  signature="()V" >
				<lines><line number="557"  hits="0" /></lines>
			</method>
			<method name="(anonymous_40)"  hits="0"  signature="()V" >
				<lines><line number="575"  hits="0" /></lines>
			</method>
			<method name="(anonymous_41)"  hits="0"  signature="()V" >
				<lines><line number="584"  hits="0" /></lines>
			</method>
		</methods>
		<lines>
			<line number="12"  hits="1"  branch="false" />
			<line number="16"  hits="1"  branch="false" />
			<line number="18"  hits="1"  branch="false" />
			<line number="19"  hits="1"  branch="false" />
			<line number="22"  hits="1"  branch="false" />
			<line number="23"  hits="1"  branch="false" />
			<line number="24"  hits="1"  branch="false" />
			<line number="25"  hits="1"  branch="false" />
			<line number="27"  hits="1"  branch="false" />
			<line number="33"  hits="1"  branch="false" />
			<line number="36"  hits="1"  branch="false" />
			<line number="72"  hits="1"  branch="false" />
			<line number="78"  hits="1"  branch="false" />
			<line number="81"  hits="1"  branch="false" />
			<line number="83"  hits="1"  branch="false" />
			<line number="86"  hits="1"  branch="false" />
			<line number="87"  hits="6"  branch="true"  condition-coverage="100% (2/2)" />
			<line number="89"  hits="6"  branch="false" />
			<line number="93"  hits="1"  branch="false" />
			<line number="94"  hits="0"  branch="false" />
			<line number="101"  hits="1"  branch="false" />
			<line number="102"  hits="1"  branch="false" />
			<line number="108"  hits="1"  branch="false" />
			<line number="109"  hits="2"  branch="false" />
			<line number="111"  hits="2"  branch="false" />
			<line number="112"  hits="4"  branch="false" />
			<line number="114"  hits="4"  branch="false" />
			<line number="120"  hits="1"  branch="false" />
			<line number="121"  hits="0"  branch="false" />
			<line number="128"  hits="1"  branch="false" />
			<line number="129"  hits="0"  branch="false" />
			<line number="133"  hits="0"  branch="true"  condition-coverage="0% (0/2)" />
			<line number="134"  hits="0"  branch="false" />
			<line number="139"  hits="0"  branch="true"  condition-coverage="0% (0/2)" />
			<line number="140"  hits="0"  branch="false" />
			<line number="143"  hits="0"  branch="true"  condition-coverage="0% (0/2)" />
			<line number="144"  hits="0"  branch="false" />
			<line number="146"  hits="0"  branch="false" />
			<line number="147"  hits="0"  branch="false" />
			<line number="148"  hits="0"  branch="false" />
			<line number="149"  hits="0"  branch="true"  condition-coverage="0% (0/2)" />
			<line number="150"  hits="0"  branch="false" />
			<line number="158"  hits="1"  branch="false" />
			<line number="159"  hits="1"  branch="false" />
			<line number="160"  hits="1"  branch="false" />
			<line number="161"  hits="3"  branch="false" />
			<line number="169"  hits="1"  branch="false" />
			<line number="170"  hits="0"  branch="false" />
			<line number="173"  hits="1"  branch="false" />
			<line number="174"  hits="1"  branch="false" />
			<line number="177"  hits="1"  branch="false" />
			<line number="179"  hits="0"  branch="false" />
			<line number="180"  hits="0"  branch="false" />
			<line number="181"  hits="0"  branch="false" />
			<line number="186"  hits="1"  branch="false" />
			<line number="187"  hits="0"  branch="false" />
			<line number="188"  hits="0"  branch="false" />
			<line number="189"  hits="0"  branch="false" />
			<line number="193"  hits="1"  branch="false" />
			<line number="194"  hits="0"  branch="false" />
			<line number="195"  hits="1"  branch="false" />
			<line number="196"  hits="0"  branch="false" />
			<line number="198"  hits="0"  branch="false" />
			<line number="199"  hits="0"  branch="false" />
			<line number="202"  hits="0"  branch="false" />
			<line number="204"  hits="0"  branch="false" />
			<line number="205"  hits="0"  branch="false" />
			<line number="208"  hits="0"  branch="false" />
			<line number="212"  hits="0"  branch="false" />
			<line number="214"  hits="0"  branch="false" />
			<line number="215"  hits="0"  branch="false" />
			<line number="216"  hits="0"  branch="true"  condition-coverage="0% (0/2)" />
			<line number="217"  hits="0"  branch="false" />
			<line number="237"  hits="1"  branch="false" />
			<line number="238"  hits="36"  branch="false" />
			<line number="241"  hits="36"  branch="false" />
			<line number="242"  hits="36"  branch="true"  condition-coverage="50% (1/2)" />
			<line number="244"  hits="36"  branch="false" />
			<line number="247"  hits="72"  branch="true"  condition-coverage="50% (1/2)" />
			<line number="249"  hits="72"  branch="false" />
			<line number="251"  hits="72"  branch="true"  condition-coverage="100% (5/5)" />
			<line number="252"  hits="12"  branch="false" />
			<line number="254"  hits="60"  branch="true"  condition-coverage="100% (2/2)" />
			<line number="255"  hits="4"  branch="false" />
			<line number="258"  hits="56"  branch="true"  condition-coverage="50% (1/2)" />
			<line number="259"  hits="0"  branch="false" />
			<line number="262"  hits="56"  branch="false" />
			<line number="269"  hits="36"  branch="false" />
			<line number="272"  hits="1"  branch="false" />
			<line number="273"  hits="0"  branch="false" />
			<line number="274"  hits="0"  branch="false" />
			<line number="275"  hits="0"  branch="false" />
			<line number="278"  hits="1"  branch="false" />
			<line number="279"  hits="0"  branch="false" />
			<line number="281"  hits="0"  branch="false" />
			<line number="286"  hits="1"  branch="false" />
			<line number="287"  hits="0"  branch="false" />
			<line number="288"  hits="0"  branch="false" />
			<line number="294"  hits="1"  branch="false" />
			<line number="295"  hits="2"  branch="false" />
			<line number="298"  hits="2"  branch="false" />
			<line number="300"  hits="2"  branch="false" />
			<line number="301"  hits="2"  branch="false" />
			<line number="302"  hits="4"  branch="true"  condition-coverage="100% (2/2)" />
			<line number="303"  hits="1"  branch="false" />
			<line number="307"  hits="2"  branch="false" />
			<line number="309"  hits="2"  branch="false" />
			<line number="313"  hits="1"  branch="false" />
			<line number="314"  hits="1"  branch="false" />
			<line number="319"  hits="1"  branch="false" />
			<line number="321"  hits="1"  branch="true"  condition-coverage="50% (1/2)" />
			<line number="322"  hits="0"  branch="false" />
			<line number="323"  hits="0"  branch="false" />
			<line number="326"  hits="1"  branch="false" />
			<line number="327"  hits="2"  branch="false" />
			<line number="329"  hits="2"  branch="false" />
			<line number="331"  hits="4"  branch="true"  condition-coverage="50% (1/2)" />
			<line number="335"  hits="4"  branch="false" />
			<line number="338"  hits="4"  branch="true"  condition-coverage="50% (1/2)" />
			<line number="339"  hits="0"  branch="false" />
			<line number="341"  hits="0"  branch="true"  condition-coverage="0% (0/2)" />
			<line number="342"  hits="0"  branch="false" />
			<line number="345"  hits="4"  branch="false" />
			<line number="349"  hits="2"  branch="false" />
			<line number="354"  hits="1"  branch="false" />
			<line number="355"  hits="0"  branch="false" />
			<line number="359"  hits="1"  branch="false" />
			<line number="360"  hits="1"  branch="false" />
			<line number="361"  hits="1"  branch="false" />
			<line number="362"  hits="1"  branch="false" />
			<line number="368"  hits="1"  branch="false" />
			<line number="370"  hits="3"  branch="true"  condition-coverage="100% (2/2)" />
			<line number="371"  hits="1"  branch="false" />
			<line number="372"  hits="1"  branch="false" />
			<line number="373"  hits="1"  branch="false" />
			<line number="377"  hits="2"  branch="true"  condition-coverage="100% (2/2)" />
			<line number="378"  hits="1"  branch="false" />
			<line number="381"  hits="2"  branch="false" />
			<line number="384"  hits="2"  branch="false" />
			<line number="389"  hits="1"  branch="false" />
			<line number="390"  hits="0"  branch="false" />
			<line number="391"  hits="0"  branch="false" />
			<line number="393"  hits="0"  branch="false" />
			<line number="397"  hits="1"  branch="false" />
			<line number="398"  hits="1"  branch="false" />
			<line number="404"  hits="1"  branch="false" />
			<line number="405"  hits="5"  branch="true"  condition-coverage="100% (2/2)" />
			<line number="409"  hits="4"  branch="true"  condition-coverage="100% (2/2)" />
			<line number="411"  hits="1"  branch="false" />
			<line number="412"  hits="1"  branch="true"  condition-coverage="50% (1/2)" />
			<line number="413"  hits="1"  branch="false" />
			<line number="416"  hits="4"  branch="false" />
			<line number="420"  hits="1"  branch="false" />
			<line number="423"  hits="1"  branch="false" />
			<line number="424"  hits="0"  branch="false" />
			<line number="428"  hits="0"  branch="false" />
			<line number="431"  hits="1"  branch="false" />
			<line number="432"  hits="0"  branch="false" />
			<line number="433"  hits="0"  branch="false" />
			<line number="435"  hits="0"  branch="true"  condition-coverage="0% (0/2)" />
			<line number="436"  hits="0"  branch="false" />
			<line number="437"  hits="0"  branch="false" />
			<line number="439"  hits="0"  branch="false" />
			<line number="440"  hits="0"  branch="true"  condition-coverage="0% (0/2)" />
			<line number="441"  hits="0"  branch="false" />
			<line number="442"  hits="0"  branch="false" />
			<line number="448"  hits="0"  branch="true"  condition-coverage="0% (0/2)" />
			<line number="449"  hits="0"  branch="false" />
			<line number="450"  hits="0"  branch="false" />
			<line number="453"  hits="0"  branch="false" />
			<line number="454"  hits="0"  branch="false" />
			<line number="456"  hits="0"  branch="false" />
			<line number="461"  hits="1"  branch="false" />
			<line number="462"  hits="0"  branch="false" />
			<line number="463"  hits="0"  branch="true"  condition-coverage="0% (0/2)" />
			<line number="464"  hits="0"  branch="true"  condition-coverage="0% (0/2)" />
			<line number="465"  hits="0"  branch="false" />
			<line number="467"  hits="0"  branch="false" />
			<line number="471"  hits="1"  branch="false" />
			<line number="472"  hits="0"  branch="false" />
			<line number="474"  hits="0"  branch="false" />
			<line number="475"  hits="0"  branch="true"  condition-coverage="0% (0/2)" />
			<line number="477"  hits="0"  branch="false" />
			<line number="478"  hits="0"  branch="false" />
			<line number="482"  hits="0"  branch="true"  condition-coverage="0% (0/5)" />
			<line number="483"  hits="0"  branch="false" />
			<line number="484"  hits="0"  branch="false" />
			<line number="485"  hits="0"  branch="false" />
			<line number="486"  hits="0"  branch="false" />
			<line number="491"  hits="0"  branch="true"  condition-coverage="0% (0/2)" />
			<line number="492"  hits="0"  branch="false" />
			<line number="494"  hits="0"  branch="false" />
			<line number="497"  hits="0"  branch="false" />
			<line number="498"  hits="0"  branch="false" />
			<line number="501"  hits="1"  branch="false" />
			<line number="502"  hits="0"  branch="false" />
			<line number="503"  hits="0"  branch="false" />
			<line number="507"  hits="1"  branch="false" />
			<line number="508"  hits="0"  branch="false" />
			<line number="509"  hits="0"  branch="false" />
			<line number="510"  hits="0"  branch="false" />
			<line number="511"  hits="0"  branch="false" />
			<line number="513"  hits="0"  branch="true"  condition-coverage="0% (0/2)" />
			<line number="514"  hits="0"  branch="false" />
			<line number="519"  hits="0"  branch="false" />
			<line number="523"  hits="0"  branch="false" />
			<line number="524"  hits="0"  branch="false" />
			<line number="526"  hits="0"  branch="true"  condition-coverage="0% (0/2)" />
			<line number="527"  hits="0"  branch="false" />
			<line number="530"  hits="0"  branch="false" />
			<line number="533"  hits="0"  branch="true"  condition-coverage="0% (0/2)" />
			<line number="534"  hits="0"  branch="false" />
			<line number="540"  hits="0"  branch="false" />
			<line number="541"  hits="0"  branch="false" />
			<line number="542"  hits="0"  branch="false" />
			<line number="545"  hits="0"  branch="false" />
			<line number="546"  hits="0"  branch="false" />
			<line number="547"  hits="0"  branch="false" />
			<line number="553"  hits="0"  branch="false" />
			<line number="557"  hits="0"  branch="false" />
			<line number="558"  hits="0"  branch="false" />
			<line number="560"  hits="0"  branch="true"  condition-coverage="0% (0/2)" />
			<line number="561"  hits="0"  branch="false" />
			<line number="563"  hits="0"  branch="true"  condition-coverage="0% (0/2)" />
			<line number="564"  hits="0"  branch="false" />
			<line number="566"  hits="0"  branch="false" />
			<line number="575"  hits="1"  branch="false" />
			<line number="577"  hits="0"  branch="false" />
			<line number="579"  hits="0"  branch="false" />
			<line number="584"  hits="1"  branch="false" />
			<line number="586"  hits="0"  branch="false" />
			<line number="588"  hits="0"  branch="false" />
			<line number="592"  hits="1"  branch="false" />
			<line number="594"  hits="1"  branch="false" />
		</lines>
		</class>
		<class name="utils.js"  filename="./src/static/js/modules/utils.js"  line-rate="0.3119"  branch-rate="0.1429" >
		<methods>
			<method name="(anonymous_1)"  hits="1"  signature="()V" >
				<lines><line number="6"  hits="1" /></lines>
			</method>
			<method name="(anonymous_2)"  hits="0"  signature="()V" >
				<lines><line number="16"  hits="0" /></lines>
			</method>
			<method name="(anonymous_3)"  hits="10"  signature="()V" >
				<lines><line number="22"  hits="10" /></lines>
			</method>
			<method name="(anonymous_4)"  hits="0"  signature="()V" >
				<lines><line number="48"  hits="0" /></lines>
			</method>
			<method name="(anonymous_5)"  hits="8"  signature="()V" >
				<lines><line number="66"  hits="8" /></lines>
			</method>
			<method name="(anonymous_6)"  hits="54"  signature="()V" >
				<lines><line number="72"  hits="54" /></lines>
			</method>
			<method name="(anonymous_7)"  hits="0"  signature="()V" >
				<lines><line number="87"  hits="0" /></lines>
			</method>
			<method name="(anonymous_8)"  hits="0"  signature="()V" >
				<lines><line number="91"  hits="0" /></lines>
			</method>
			<method name="(anonymous_9)"  hits="0"  signature="()V" >
				<lines><line number="100"  hits="0" /></lines>
			</method>
			<method name="(anonymous_10)"  hits="0"  signature="()V" >
				<lines><line number="101"  hits="0" /></lines>
			</method>
			<method name="(anonymous_11)"  hits="0"  signature="()V" >
				<lines><line number="102"  hits="0" /></lines>
			</method>
			<method name="(anonymous_12)"  hits="0"  signature="()V" >
				<lines><line number="103"  hits="0" /></lines>
			</method>
			<method name="(anonymous_13)"  hits="0"  signature="()V" >
				<lines><line number="108"  hits="0" /></lines>
			</method>
			<method name="getJSON"  hits="0"  signature="()V" >
				<lines><line number="113"  hits="0" /></lines>
			</method>
			<method name="(anonymous_15)"  hits="0"  signature="()V" >
				<lines><line number="117"  hits="0" /></lines>
			</method>
			<method name="getStorage"  hits="0"  signature="()V" >
				<lines><line number="138"  hits="0" /></lines>
			</method>
			<method name="(anonymous_17)"  hits="0"  signature="()V" >
				<lines><line number="148"  hits="0" /></lines>
			</method>
			<method name="(anonymous_18)"  hits="0"  signature="()V" >
				<lines><line number="171"  hits="0" /></lines>
			</method>
			<method name="(anonymous_19)"  hits="0"  signature="()V" >
				<lines><line number="182"  hits="0" /></lines>
			</method>
			<method name="(anonymous_20)"  hits="0"  signature="()V" >
				<lines><line number="191"  hits="0" /></lines>
			</method>
			<method name="(anonymous_21)"  hits="0"  signature="()V" >
				<lines><line number="199"  hits="0" /></lines>
			</method>
			<method name="(anonymous_22)"  hits="0"  signature="()V" >
				<lines><line number="200"  hits="0" /></lines>
			</method>
			<method name="(anonymous_23)"  hits="0"  signature="()V" >
				<lines><line number="212"  hits="0" /></lines>
			</method>
			<method name="(anonymous_24)"  hits="0"  signature="()V" >
				<lines><line number="218"  hits="0" /></lines>
			</method>
		</methods>
		<lines>
			<line number="6"  hits="1"  branch="false" />
			<line number="13"  hits="1"  branch="false" />
			<line number="16"  hits="1"  branch="false" />
			<line number="17"  hits="0"  branch="false" />
			<line number="22"  hits="1"  branch="false" />
			<line number="23"  hits="10"  branch="false" />
			<line number="26"  hits="10"  branch="false" />
			<line number="29"  hits="10"  branch="true"  condition-coverage="100% (2/2)" />
			<line number="30"  hits="1"  branch="false" />
			<line number="33"  hits="10"  branch="true"  condition-coverage="100% (2/2)" />
			<line number="34"  hits="1"  branch="false" />
			<line number="37"  hits="10"  branch="true"  condition-coverage="50% (1/2)" />
			<line number="38"  hits="0"  branch="false" />
			<line number="41"  hits="10"  branch="false" />
			<line number="42"  hits="10"  branch="false" />
			<line number="44"  hits="10"  branch="false" />
			<line number="48"  hits="1"  branch="false" />
			<line number="49"  hits="0"  branch="true"  condition-coverage="0% (0/2)" />
			<line number="50"  hits="0"  branch="false" />
			<line number="51"  hits="0"  branch="true"  condition-coverage="0% (0/2)" />
			<line number="52"  hits="0"  branch="false" />
			<line number="53"  hits="0"  branch="true"  condition-coverage="0% (0/2)" />
			<line number="54"  hits="0"  branch="false" />
			<line number="55"  hits="0"  branch="true"  condition-coverage="0% (0/2)" />
			<line number="56"  hits="0"  branch="false" />
			<line number="57"  hits="0"  branch="true"  condition-coverage="0% (0/2)" />
			<line number="58"  hits="0"  branch="false" />
			<line number="60"  hits="0"  branch="false" />
			<line number="62"  hits="0"  branch="false" />
			<line number="66"  hits="1"  branch="false" />
			<line number="68"  hits="8"  branch="false" />
			<line number="69"  hits="8"  branch="false" />
			<line number="72"  hits="54"  branch="false" />
			<line number="75"  hits="8"  branch="false" />
			<line number="76"  hits="18"  branch="false" />
			<line number="82"  hits="8"  branch="false" />
			<line number="87"  hits="1"  branch="false" />
			<line number="88"  hits="0"  branch="false" />
			<line number="91"  hits="1"  branch="false" />
			<line number="92"  hits="0"  branch="true"  condition-coverage="0% (0/2)" />
			<line number="97"  hits="1"  branch="true"  condition-coverage="50% (1/2)" />
			<line number="98"  hits="0"  branch="false" />
			<line number="100"  hits="0"  branch="false" />
			<line number="101"  hits="0"  branch="true"  condition-coverage="0% (0/2)" />
			<line number="102"  hits="0"  branch="false" />
			<line number="103"  hits="0"  branch="false" />
			<line number="108"  hits="1"  branch="false" />
			<line number="110"  hits="0"  branch="false" />
			<line number="113"  hits="1"  branch="false" />
			<line number="115"  hits="0"  branch="false" />
			<line number="117"  hits="0"  branch="false" />
			<line number="118"  hits="0"  branch="false" />
			<line number="119"  hits="0"  branch="false" />
			<line number="122"  hits="0"  branch="false" />
			<line number="127"  hits="0"  branch="true"  condition-coverage="0% (0/2)" />
			<line number="128"  hits="0"  branch="false" />
			<line number="135"  hits="0"  branch="false" />
			<line number="138"  hits="1"  branch="false" />
			<line number="140"  hits="0"  branch="false" />
			<line number="144"  hits="0"  branch="true"  condition-coverage="0% (0/2)" />
			<line number="145"  hits="0"  branch="false" />
			<line number="148"  hits="0"  branch="false" />
			<line number="149"  hits="0"  branch="false" />
			<line number="154"  hits="0"  branch="false" />
			<line number="155"  hits="0"  branch="false" />
			<line number="156"  hits="0"  branch="false" />
			<line number="158"  hits="0"  branch="false" />
			<line number="164"  hits="0"  branch="true"  condition-coverage="0% (0/2)" />
			<line number="171"  hits="1"  branch="false" />
			<line number="173"  hits="0"  branch="false" />
			<line number="178"  hits="0"  branch="true"  condition-coverage="0% (0/2)" />
			<line number="179"  hits="0"  branch="false" />
			<line number="180"  hits="0"  branch="false" />
			<line number="181"  hits="0"  branch="false" />
			<line number="182"  hits="0"  branch="false" />
			<line number="183"  hits="0"  branch="false" />
			<line number="190"  hits="1"  branch="true"  condition-coverage="50% (1/2)" />
			<line number="191"  hits="0"  branch="false" />
			<line number="192"  hits="0"  branch="true"  condition-coverage="0% (0/2)" />
			<line number="194"  hits="0"  branch="false" />
			<line number="197"  hits="0"  branch="false" />
			<line number="201"  hits="0"  branch="true"  condition-coverage="0% (0/4)" />
			<line number="204"  hits="0"  branch="false" />
			<line number="205"  hits="0"  branch="false" />
			<line number="207"  hits="0"  branch="false" />
			<line number="212"  hits="1"  branch="false" />
			<line number="213"  hits="0"  branch="false" />
			<line number="217"  hits="1"  branch="true"  condition-coverage="50% (1/2)" />
			<line number="218"  hits="0"  branch="false" />
			<line number="219"  hits="0"  branch="true"  condition-coverage="0% (0/2)" />
			<line number="220"  hits="0"  branch="false" />
			<line number="222"  hits="0"  branch="false" />
			<line number="225"  hits="0"  branch="true"  condition-coverage="0% (0/2)" />
			<line number="226"  hits="0"  branch="false" />
			<line number="228"  hits="0"  branch="false" />
			<line number="229"  hits="0"  branch="true"  condition-coverage="0% (0/2)" />
			<line number="230"  hits="0"  branch="false" />
			<line number="231"  hits="0"  branch="true"  condition-coverage="0% (0/2)" />
			<line number="232"  hits="0"  branch="false" />
			<line number="233"  hits="0"  branch="true"  condition-coverage="0% (0/5)" />
			<line number="234"  hits="0"  branch="true"  condition-coverage="0% (0/2)" />
			<line number="237"  hits="0"  branch="true"  condition-coverage="0% (0/2)" />
			<line number="238"  hits="0"  branch="false" />
			<line number="240"  hits="0"  branch="false" />
			<line number="241"  hits="0"  branch="true"  condition-coverage="0% (0/4)" />
			<line number="242"  hits="0"  branch="false" />
			<line number="245"  hits="0"  branch="false" />
			<line number="249"  hits="1"  branch="false" />
			<line number="251"  hits="1"  branch="false" />
		</lines>
		</class>
	</classes>
	</package>
</packages>
</coverage>
