<?xml version="1.0" ?>
<!DOCTYPE coverage SYSTEM "http://cobertura.sourceforge.net/xml/coverage-04.dtd">
<coverage lines-valid="812"  lines-covered="380"  line-rate="0.46799999999999997"  branches-valid="341"  branches-covered="104"  branch-rate="0.305"  timestamp="1379686632519" complexity="0" version="0.1">
<sources>
	<source>/Users/garciad/Downloads/public-data-platform</source>
</sources>
<packages>
	<package name="modules"  line-rate="0.46799999999999997"  branch-rate="0.305" >
	<classes>
		<class name="app.js"  filename="./src/static/js/modules/app.js"  line-rate="0.6753"  branch-rate="0.35" >
		<methods>
			<method name="(anonymous_1)"  hits="1"  signature="()V" >
				<lines><line number="6"  hits="1" /></lines>
			</method>
			<method name="(anonymous_2)"  hits="0"  signature="()V" >
				<lines><line number="16"  hits="0" /></lines>
			</method>
			<method name="(anonymous_3)"  hits="1"  signature="()V" >
				<lines><line number="28"  hits="1" /></lines>
			</method>
			<method name="(anonymous_4)"  hits="1"  signature="()V" >
				<lines><line number="60"  hits="1" /></lines>
			</method>
			<method name="(anonymous_5)"  hits="0"  signature="()V" >
				<lines><line number="75"  hits="0" /></lines>
			</method>
			<method name="(anonymous_6)"  hits="0"  signature="()V" >
				<lines><line number="81"  hits="0" /></lines>
			</method>
			<method name="(anonymous_7)"  hits="0"  signature="()V" >
				<lines><line number="102"  hits="0" /></lines>
			</method>
			<method name="(anonymous_8)"  hits="0"  signature="()V" >
				<lines><line number="107"  hits="0" /></lines>
			</method>
			<method name="(anonymous_9)"  hits="0"  signature="()V" >
				<lines><line number="113"  hits="0" /></lines>
			</method>
			<method name="(anonymous_10)"  hits="0"  signature="()V" >
				<lines><line number="119"  hits="0" /></lines>
			</method>
			<method name="(anonymous_11)"  hits="7"  signature="()V" >
				<lines><line number="140"  hits="7" /></lines>
			</method>
			<method name="buildParam"  hits="16"  signature="()V" >
				<lines><line number="145"  hits="16" /></lines>
			</method>
			<method name="(anonymous_13)"  hits="19"  signature="()V" >
				<lines><line number="157"  hits="19" /></lines>
			</method>
			<method name="(anonymous_14)"  hits="1"  signature="()V" >
				<lines><line number="178"  hits="1" /></lines>
			</method>
		</methods>
		<lines>
			<line number="6"  hits="1"  branch="false" />
			<line number="13"  hits="1"  branch="false" />
			<line number="16"  hits="1"  branch="false" />
			<line number="18"  hits="0"  branch="false" />
			<line number="22"  hits="1"  branch="false" />
			<line number="25"  hits="1"  branch="false" />
			<line number="28"  hits="1"  branch="false" />
			<line number="30"  hits="1"  branch="false" />
			<line number="34"  hits="1"  branch="false" />
			<line number="35"  hits="1"  branch="false" />
			<line number="38"  hits="1"  branch="false" />
			<line number="39"  hits="1"  branch="false" />
			<line number="43"  hits="1"  branch="true"  condition-coverage="50% (1/2)" />
			<line number="44"  hits="0"  branch="false" />
			<line number="45"  hits="0"  branch="false" />
			<line number="48"  hits="1"  branch="false" />
			<line number="52"  hits="1"  branch="false" />
			<line number="55"  hits="1"  branch="false" />
			<line number="60"  hits="1"  branch="false" />
			<line number="62"  hits="1"  branch="false" />
			<line number="66"  hits="1"  branch="false" />
			<line number="69"  hits="1"  branch="false" />
			<line number="72"  hits="1"  branch="false" />
			<line number="75"  hits="1"  branch="false" />
			<line number="76"  hits="0"  branch="false" />
			<line number="78"  hits="1"  branch="false" />
			<line number="81"  hits="1"  branch="false" />
			<line number="82"  hits="0"  branch="false" />
			<line number="84"  hits="1"  branch="false" />
			<line number="87"  hits="1"  branch="false" />
			<line number="90"  hits="1"  branch="false" />
			<line number="93"  hits="1"  branch="false" />
			<line number="96"  hits="1"  branch="false" />
			<line number="102"  hits="1"  branch="false" />
			<line number="103"  hits="0"  branch="false" />
			<line number="107"  hits="1"  branch="false" />
			<line number="108"  hits="0"  branch="false" />
			<line number="113"  hits="1"  branch="false" />
			<line number="114"  hits="0"  branch="false" />
			<line number="119"  hits="1"  branch="false" />
			<line number="121"  hits="0"  branch="false" />
			<line number="124"  hits="0"  branch="true"  condition-coverage="0% (0/2)" />
			<line number="125"  hits="0"  branch="true"  condition-coverage="0% (0/2)" />
			<line number="129"  hits="0"  branch="false" />
			<line number="135"  hits="0"  branch="false" />
			<line number="140"  hits="1"  branch="false" />
			<line number="142"  hits="7"  branch="false" />
			<line number="145"  hits="1"  branch="false" />
			<line number="147"  hits="16"  branch="false" />
			<line number="152"  hits="16"  branch="true"  condition-coverage="100% (2/2)" />
			<line number="153"  hits="1"  branch="false" />
			<line number="154"  hits="1"  branch="false" />
			<line number="157"  hits="15"  branch="false" />
			<line number="158"  hits="19"  branch="false" />
			<line number="161"  hits="15"  branch="false" />
			<line number="167"  hits="15"  branch="false" />
			<line number="171"  hits="7"  branch="false" />
			<line number="172"  hits="7"  branch="false" />
			<line number="178"  hits="1"  branch="false" />
			<line number="179"  hits="1"  branch="true"  condition-coverage="50% (1/2)" />
			<line number="180"  hits="1"  branch="true"  condition-coverage="50% (1/2)" />
			<line number="182"  hits="1"  branch="true"  condition-coverage="50% (1/2)" />
			<line number="183"  hits="1"  branch="false" />
			<line number="186"  hits="0"  branch="false" />
			<line number="187"  hits="0"  branch="false" />
			<line number="188"  hits="0"  branch="false" />
			<line number="189"  hits="0"  branch="false" />
			<line number="192"  hits="0"  branch="false" />
			<line number="195"  hits="0"  branch="false" />
			<line number="198"  hits="0"  branch="false" />
			<line number="200"  hits="0"  branch="true"  condition-coverage="0% (0/2)" />
			<line number="202"  hits="0"  branch="false" />
			<line number="205"  hits="0"  branch="true"  condition-coverage="0% (0/2)" />
			<line number="206"  hits="0"  branch="false" />
			<line number="208"  hits="0"  branch="false" />
			<line number="214"  hits="1"  branch="false" />
			<line number="216"  hits="1"  branch="false" />
		</lines>
		</class>
		<class name="form.js"  filename="./src/static/js/modules/form.js"  line-rate="0.2323"  branch-rate="0.0341" >
		<methods>
			<method name="(anonymous_1)"  hits="1"  signature="()V" >
				<lines><line number="6"  hits="1" /></lines>
			</method>
			<method name="(anonymous_2)"  hits="0"  signature="()V" >
				<lines><line number="22"  hits="0" /></lines>
			</method>
			<method name="(anonymous_3)"  hits="0"  signature="()V" >
				<lines><line number="32"  hits="0" /></lines>
			</method>
			<method name="(anonymous_4)"  hits="0"  signature="()V" >
				<lines><line number="36"  hits="0" /></lines>
			</method>
			<method name="(anonymous_5)"  hits="0"  signature="()V" >
				<lines><line number="43"  hits="0" /></lines>
			</method>
			<method name="(anonymous_6)"  hits="0"  signature="()V" >
				<lines><line number="48"  hits="0" /></lines>
			</method>
			<method name="(anonymous_7)"  hits="0"  signature="()V" >
				<lines><line number="57"  hits="0" /></lines>
			</method>
			<method name="(anonymous_8)"  hits="0"  signature="()V" >
				<lines><line number="69"  hits="0" /></lines>
			</method>
			<method name="(anonymous_9)"  hits="0"  signature="()V" >
				<lines><line number="77"  hits="0" /></lines>
			</method>
			<method name="(anonymous_10)"  hits="0"  signature="()V" >
				<lines><line number="79"  hits="0" /></lines>
			</method>
			<method name="(anonymous_11)"  hits="0"  signature="()V" >
				<lines><line number="91"  hits="0" /></lines>
			</method>
			<method name="(anonymous_12)"  hits="0"  signature="()V" >
				<lines><line number="102"  hits="0" /></lines>
			</method>
			<method name="(anonymous_13)"  hits="0"  signature="()V" >
				<lines><line number="109"  hits="0" /></lines>
			</method>
			<method name="(anonymous_14)"  hits="0"  signature="()V" >
				<lines><line number="125"  hits="0" /></lines>
			</method>
			<method name="(anonymous_15)"  hits="0"  signature="()V" >
				<lines><line number="139"  hits="0" /></lines>
			</method>
			<method name="(anonymous_16)"  hits="0"  signature="()V" >
				<lines><line number="154"  hits="0" /></lines>
			</method>
			<method name="(anonymous_17)"  hits="0"  signature="()V" >
				<lines><line number="193"  hits="0" /></lines>
			</method>
			<method name="(anonymous_18)"  hits="0"  signature="()V" >
				<lines><line number="198"  hits="0" /></lines>
			</method>
			<method name="(anonymous_19)"  hits="0"  signature="()V" >
				<lines><line number="215"  hits="0" /></lines>
			</method>
			<method name="(anonymous_20)"  hits="0"  signature="()V" >
				<lines><line number="220"  hits="0" /></lines>
			</method>
			<method name="(anonymous_21)"  hits="0"  signature="()V" >
				<lines><line number="243"  hits="0" /></lines>
			</method>
			<method name="emptyOptions"  hits="0"  signature="()V" >
				<lines><line number="248"  hits="0" /></lines>
			</method>
			<method name="(anonymous_23)"  hits="0"  signature="()V" >
				<lines><line number="263"  hits="0" /></lines>
			</method>
			<method name="(anonymous_24)"  hits="0"  signature="()V" >
				<lines><line number="291"  hits="0" /></lines>
			</method>
			<method name="filterDeps"  hits="0"  signature="()V" >
				<lines><line number="299"  hits="0" /></lines>
			</method>
			<method name="mapDeps"  hits="0"  signature="()V" >
				<lines><line number="304"  hits="0" /></lines>
			</method>
			<method name="mapCensus"  hits="0"  signature="()V" >
				<lines><line number="312"  hits="0" /></lines>
			</method>
			<method name="sortDeps"  hits="0"  signature="()V" >
				<lines><line number="320"  hits="0" /></lines>
			</method>
			<method name="cleanCounties"  hits="0"  signature="()V" >
				<lines><line number="325"  hits="0" /></lines>
			</method>
			<method name="(anonymous_30)"  hits="0"  signature="()V" >
				<lines><line number="366"  hits="0" /></lines>
			</method>
			<method name="(anonymous_31)"  hits="0"  signature="()V" >
				<lines><line number="371"  hits="0" /></lines>
			</method>
			<method name="(anonymous_32)"  hits="0"  signature="()V" >
				<lines><line number="380"  hits="0" /></lines>
			</method>
			<method name="(anonymous_33)"  hits="0"  signature="()V" >
				<lines><line number="409"  hits="0" /></lines>
			</method>
			<method name="(anonymous_34)"  hits="0"  signature="()V" >
				<lines><line number="418"  hits="0" /></lines>
			</method>
			<method name="(anonymous_35)"  hits="0"  signature="()V" >
				<lines><line number="422"  hits="0" /></lines>
			</method>
			<method name="(anonymous_36)"  hits="0"  signature="()V" >
				<lines><line number="438"  hits="0" /></lines>
			</method>
			<method name="(anonymous_37)"  hits="0"  signature="()V" >
				<lines><line number="457"  hits="0" /></lines>
			</method>
			<method name="(anonymous_38)"  hits="0"  signature="()V" >
				<lines><line number="476"  hits="0" /></lines>
			</method>
			<method name="(anonymous_39)"  hits="0"  signature="()V" >
				<lines><line number="482"  hits="0" /></lines>
			</method>
			<method name="(anonymous_40)"  hits="1"  signature="()V" >
				<lines><line number="489"  hits="1" /></lines>
			</method>
			<method name="emit"  hits="0"  signature="()V" >
				<lines><line number="495"  hits="0" /></lines>
			</method>
			<method name="(anonymous_42)"  hits="0"  signature="()V" >
				<lines><line number="499"  hits="0" /></lines>
			</method>
			<method name="(anonymous_43)"  hits="0"  signature="()V" >
				<lines><line number="518"  hits="0" /></lines>
			</method>
			<method name="(anonymous_44)"  hits="0"  signature="()V" >
				<lines><line number="525"  hits="0" /></lines>
			</method>
			<method name="(anonymous_45)"  hits="1"  signature="()V" >
				<lines><line number="538"  hits="1" /></lines>
			</method>
			<method name="(anonymous_46)"  hits="0"  signature="()V" >
				<lines><line number="543"  hits="0" /></lines>
			</method>
			<method name="(anonymous_47)"  hits="0"  signature="()V" >
				<lines><line number="559"  hits="0" /></lines>
			</method>
			<method name="(anonymous_48)"  hits="0"  signature="()V" >
				<lines><line number="571"  hits="0" /></lines>
			</method>
			<method name="(anonymous_49)"  hits="1"  signature="()V" >
				<lines><line number="583"  hits="1" /></lines>
			</method>
		</methods>
		<lines>
			<line number="6"  hits="1"  branch="false" />
			<line number="13"  hits="1"  branch="false" />
			<line number="16"  hits="1"  branch="false" />
			<line number="19"  hits="1"  branch="false" />
			<line number="22"  hits="1"  branch="false" />
			<line number="23"  hits="0"  branch="false" />
			<line number="27"  hits="1"  branch="false" />
			<line number="32"  hits="1"  branch="false" />
			<line number="34"  hits="0"  branch="false" />
			<line number="35"  hits="0"  branch="false" />
			<line number="36"  hits="0"  branch="false" />
			<line number="37"  hits="0"  branch="false" />
			<line number="43"  hits="1"  branch="false" />
			<line number="44"  hits="0"  branch="false" />
			<line number="48"  hits="1"  branch="false" />
			<line number="50"  hits="0"  branch="false" />
			<line number="56"  hits="0"  branch="false" />
			<line number="57"  hits="0"  branch="false" />
			<line number="60"  hits="0"  branch="false" />
			<line number="63"  hits="0"  branch="false" />
			<line number="64"  hits="0"  branch="false" />
			<line number="69"  hits="1"  branch="false" />
			<line number="71"  hits="0"  branch="false" />
			<line number="72"  hits="0"  branch="false" />
			<line number="77"  hits="1"  branch="false" />
			<line number="79"  hits="0"  branch="false" />
			<line number="81"  hits="0"  branch="false" />
			<line number="84"  hits="0"  branch="true"  condition-coverage="0% (0/4)" />
			<line number="85"  hits="0"  branch="false" />
			<line number="91"  hits="0"  branch="false" />
			<line number="93"  hits="0"  branch="true"  condition-coverage="0% (0/2)" />
			<line number="94"  hits="0"  branch="false" />
			<line number="102"  hits="1"  branch="false" />
			<line number="104"  hits="0"  branch="false" />
			<line number="109"  hits="0"  branch="false" />
			<line number="110"  hits="0"  branch="false" />
			<line number="111"  hits="0"  branch="true"  condition-coverage="0% (0/4)" />
			<line number="112"  hits="0"  branch="false" />
			<line number="117"  hits="0"  branch="false" />
			<line number="118"  hits="0"  branch="false" />
			<line number="119"  hits="0"  branch="false" />
			<line number="125"  hits="1"  branch="false" />
			<line number="127"  hits="0"  branch="false" />
			<line number="130"  hits="0"  branch="true"  condition-coverage="0% (0/4)" />
			<line number="132"  hits="0"  branch="true"  condition-coverage="0% (0/2)" />
			<line number="133"  hits="0"  branch="false" />
			<line number="137"  hits="0"  branch="true"  condition-coverage="0% (0/4)" />
			<line number="139"  hits="0"  branch="false" />
			<line number="140"  hits="0"  branch="false" />
			<line number="143"  hits="0"  branch="false" />
			<line number="148"  hits="0"  branch="false" />
			<line number="154"  hits="1"  branch="false" />
			<line number="156"  hits="0"  branch="false" />
			<line number="165"  hits="0"  branch="true"  condition-coverage="0% (0/6)" />
			<line number="166"  hits="0"  branch="false" />
			<line number="171"  hits="0"  branch="true"  condition-coverage="0% (0/4)" />
			<line number="172"  hits="0"  branch="true"  condition-coverage="0% (0/2)" />
			<line number="173"  hits="0"  branch="false" />
			<line number="175"  hits="0"  branch="false" />
			<line number="180"  hits="0"  branch="false" />
			<line number="188"  hits="0"  branch="false" />
			<line number="193"  hits="1"  branch="false" />
			<line number="195"  hits="0"  branch="false" />
			<line number="198"  hits="0"  branch="false" />
			<line number="200"  hits="0"  branch="false" />
			<line number="203"  hits="0"  branch="true"  condition-coverage="0% (0/2)" />
			<line number="204"  hits="0"  branch="false" />
			<line number="209"  hits="0"  branch="false" />
			<line number="215"  hits="1"  branch="false" />
			<line number="217"  hits="0"  branch="false" />
			<line number="220"  hits="0"  branch="false" />
			<line number="223"  hits="0"  branch="false" />
			<line number="226"  hits="0"  branch="false" />
			<line number="231"  hits="0"  branch="false" />
			<line number="234"  hits="0"  branch="true"  condition-coverage="0% (0/2)" />
			<line number="235"  hits="0"  branch="false" />
			<line number="237"  hits="0"  branch="false" />
			<line number="243"  hits="1"  branch="false" />
			<line number="245"  hits="0"  branch="true"  condition-coverage="0% (0/2)" />
			<line number="248"  hits="1"  branch="false" />
			<line number="251"  hits="0"  branch="false" />
			<line number="254"  hits="0"  branch="false" />
			<line number="258"  hits="0"  branch="true"  condition-coverage="0% (0/2)" />
			<line number="263"  hits="1"  branch="false" />
			<line number="266"  hits="0"  branch="true"  condition-coverage="0% (0/2)" />
			<line number="267"  hits="0"  branch="false" />
			<line number="270"  hits="0"  branch="true"  condition-coverage="0% (0/2)" />
			<line number="271"  hits="0"  branch="false" />
			<line number="274"  hits="0"  branch="false" />
			<line number="277"  hits="0"  branch="false" />
			<line number="280"  hits="0"  branch="false" />
			<line number="284"  hits="0"  branch="true"  condition-coverage="0% (0/2)" />
			<line number="291"  hits="0"  branch="false" />
			<line number="295"  hits="0"  branch="false" />
			<line number="299"  hits="1"  branch="false" />
			<line number="300"  hits="0"  branch="false" />
			<line number="304"  hits="1"  branch="false" />
			<line number="305"  hits="0"  branch="false" />
			<line number="312"  hits="1"  branch="false" />
			<line number="313"  hits="0"  branch="false" />
			<line number="320"  hits="1"  branch="false" />
			<line number="321"  hits="0"  branch="false" />
			<line number="325"  hits="1"  branch="false" />
			<line number="326"  hits="0"  branch="true"  condition-coverage="0% (0/2)" />
			<line number="327"  hits="0"  branch="false" />
			<line number="332"  hits="0"  branch="false" />
			<line number="336"  hits="0"  branch="true"  condition-coverage="0% (0/2)" />
			<line number="338"  hits="0"  branch="false" />
			<line number="339"  hits="0"  branch="false" />
			<line number="342"  hits="0"  branch="false" />
			<line number="347"  hits="0"  branch="true"  condition-coverage="0% (0/2)" />
			<line number="349"  hits="0"  branch="false" />
			<line number="350"  hits="0"  branch="false" />
			<line number="353"  hits="0"  branch="false" />
			<line number="357"  hits="0"  branch="false" />
			<line number="359"  hits="0"  branch="false" />
			<line number="366"  hits="1"  branch="false" />
			<line number="368"  hits="0"  branch="false" />
			<line number="371"  hits="0"  branch="false" />
			<line number="372"  hits="0"  branch="false" />
			<line number="375"  hits="0"  branch="false" />
			<line number="380"  hits="1"  branch="false" />
			<line number="382"  hits="0"  branch="false" />
			<line number="384"  hits="0"  branch="true"  condition-coverage="0% (0/3)" />
			<line number="388"  hits="0"  branch="false" />
			<line number="389"  hits="0"  branch="false" />
			<line number="394"  hits="0"  branch="false" />
			<line number="395"  hits="0"  branch="false" />
			<line number="399"  hits="0"  branch="false" />
			<line number="403"  hits="0"  branch="false" />
			<line number="409"  hits="1"  branch="false" />
			<line number="411"  hits="0"  branch="false" />
			<line number="412"  hits="0"  branch="false" />
			<line number="418"  hits="1"  branch="false" />
			<line number="420"  hits="0"  branch="false" />
			<line number="422"  hits="0"  branch="false" />
			<line number="424"  hits="0"  branch="false" />
			<line number="427"  hits="0"  branch="false" />
			<line number="428"  hits="0"  branch="false" />
			<line number="429"  hits="0"  branch="false" />
			<line number="430"  hits="0"  branch="false" />
			<line number="431"  hits="0"  branch="false" />
			<line number="438"  hits="1"  branch="false" />
			<line number="440"  hits="0"  branch="false" />
			<line number="444"  hits="0"  branch="false" />
			<line number="447"  hits="0"  branch="true"  condition-coverage="0% (0/2)" />
			<line number="448"  hits="0"  branch="false" />
			<line number="449"  hits="0"  branch="false" />
			<line number="452"  hits="0"  branch="false" />
			<line number="457"  hits="1"  branch="false" />
			<line number="459"  hits="0"  branch="false" />
			<line number="463"  hits="0"  branch="false" />
			<line number="466"  hits="0"  branch="true"  condition-coverage="0% (0/2)" />
			<line number="467"  hits="0"  branch="false" />
			<line number="468"  hits="0"  branch="false" />
			<line number="471"  hits="0"  branch="false" />
			<line number="476"  hits="1"  branch="false" />
			<line number="477"  hits="0"  branch="false" />
			<line number="478"  hits="0"  branch="false" />
			<line number="482"  hits="1"  branch="false" />
			<line number="483"  hits="0"  branch="false" />
			<line number="484"  hits="0"  branch="false" />
			<line number="489"  hits="1"  branch="false" />
			<line number="492"  hits="1"  branch="true"  condition-coverage="50% (1/2)" />
			<line number="495"  hits="1"  branch="false" />
			<line number="496"  hits="0"  branch="false" />
			<line number="499"  hits="1"  branch="false" />
			<line number="503"  hits="0"  branch="false" />
			<line number="508"  hits="0"  branch="true"  condition-coverage="0% (0/2)" />
			<line number="512"  hits="0"  branch="false" />
			<line number="513"  hits="0"  branch="false" />
			<line number="517"  hits="0"  branch="true"  condition-coverage="0% (0/2)" />
			<line number="518"  hits="0"  branch="false" />
			<line number="521"  hits="0"  branch="false" />
			<line number="522"  hits="0"  branch="false" />
			<line number="525"  hits="0"  branch="false" />
			<line number="526"  hits="0"  branch="false" />
			<line number="538"  hits="1"  branch="false" />
			<line number="541"  hits="1"  branch="true"  condition-coverage="50% (1/2)" />
			<line number="543"  hits="1"  branch="false" />
			<line number="545"  hits="0"  branch="false" />
			<line number="548"  hits="0"  branch="true"  condition-coverage="0% (0/5)" />
			<line number="549"  hits="0"  branch="false" />
			<line number="551"  hits="0"  branch="false" />
			<line number="559"  hits="1"  branch="false" />
			<line number="561"  hits="0"  branch="false" />
			<line number="563"  hits="0"  branch="false" />
			<line number="564"  hits="0"  branch="false" />
			<line number="571"  hits="1"  branch="false" />
			<line number="573"  hits="0"  branch="true"  condition-coverage="0% (0/2)" />
			<line number="574"  hits="0"  branch="false" />
			<line number="576"  hits="0"  branch="false" />
			<line number="577"  hits="0"  branch="false" />
			<line number="583"  hits="1"  branch="false" />
			<line number="584"  hits="1"  branch="false" />
			<line number="587"  hits="1"  branch="false" />
			<line number="591"  hits="1"  branch="false" />
			<line number="593"  hits="1"  branch="false" />
		</lines>
		</class>
		<class name="observer.js"  filename="./src/static/js/modules/observer.js"  line-rate="1"  branch-rate="0.5" >
		<methods>
			<method name="(anonymous_1)"  hits="1"  signature="()V" >
				<lines><line number="6"  hits="1" /></lines>
			</method>
		</methods>
		<lines>
			<line number="6"  hits="1"  branch="false" />
			<line number="15"  hits="1"  branch="false" />
			<line number="18"  hits="1"  branch="false" />
			<line number="20"  hits="1"  branch="false" />
		</lines>
		</class>
		<class name="preview.js"  filename="./src/static/js/modules/preview.js"  line-rate="0.22579999999999997"  branch-rate="0.0417" >
		<methods>
			<method name="(anonymous_1)"  hits="1"  signature="()V" >
				<lines><line number="6"  hits="1" /></lines>
			</method>
			<method name="(anonymous_2)"  hits="0"  signature="()V" >
				<lines><line number="34"  hits="0" /></lines>
			</method>
			<method name="(anonymous_3)"  hits="0"  signature="()V" >
				<lines><line number="45"  hits="0" /></lines>
			</method>
			<method name="(anonymous_4)"  hits="0"  signature="()V" >
				<lines><line number="55"  hits="0" /></lines>
			</method>
			<method name="(anonymous_5)"  hits="0"  signature="()V" >
				<lines><line number="64"  hits="0" /></lines>
			</method>
			<method name="(anonymous_6)"  hits="0"  signature="()V" >
				<lines><line number="72"  hits="0" /></lines>
			</method>
			<method name="(anonymous_7)"  hits="0"  signature="()V" >
				<lines><line number="80"  hits="0" /></lines>
			</method>
			<method name="(anonymous_8)"  hits="0"  signature="()V" >
				<lines><line number="94"  hits="0" /></lines>
			</method>
			<method name="(anonymous_9)"  hits="0"  signature="()V" >
				<lines><line number="106"  hits="0" /></lines>
			</method>
			<method name="_abort"  hits="0"  signature="()V" >
				<lines><line number="115"  hits="0" /></lines>
			</method>
			<method name="(anonymous_11)"  hits="0"  signature="()V" >
				<lines><line number="127"  hits="0" /></lines>
			</method>
			<method name="(anonymous_12)"  hits="0"  signature="()V" >
				<lines><line number="143"  hits="0" /></lines>
			</method>
			<method name="(anonymous_13)"  hits="0"  signature="()V" >
				<lines><line number="152"  hits="0" /></lines>
			</method>
			<method name="(anonymous_14)"  hits="0"  signature="()V" >
				<lines><line number="162"  hits="0" /></lines>
			</method>
			<method name="(anonymous_15)"  hits="0"  signature="()V" >
				<lines><line number="182"  hits="0" /></lines>
			</method>
			<method name="(anonymous_16)"  hits="0"  signature="()V" >
				<lines><line number="204"  hits="0" /></lines>
			</method>
			<method name="(anonymous_17)"  hits="0"  signature="()V" >
				<lines><line number="239"  hits="0" /></lines>
			</method>
			<method name="(anonymous_18)"  hits="0"  signature="()V" >
				<lines><line number="243"  hits="0" /></lines>
			</method>
			<method name="(anonymous_19)"  hits="0"  signature="()V" >
				<lines><line number="248"  hits="0" /></lines>
			</method>
			<method name="(anonymous_20)"  hits="0"  signature="()V" >
				<lines><line number="254"  hits="0" /></lines>
			</method>
		</methods>
		<lines>
			<line number="6"  hits="1"  branch="false" />
			<line number="13"  hits="1"  branch="false" />
			<line number="16"  hits="1"  branch="false" />
			<line number="19"  hits="1"  branch="false" />
			<line number="22"  hits="1"  branch="false" />
			<line number="25"  hits="1"  branch="false" />
			<line number="34"  hits="1"  branch="false" />
			<line number="36"  hits="0"  branch="false" />
			<line number="37"  hits="0"  branch="false" />
			<line number="38"  hits="0"  branch="false" />
			<line number="39"  hits="0"  branch="false" />
			<line number="40"  hits="0"  branch="false" />
			<line number="45"  hits="1"  branch="false" />
			<line number="47"  hits="0"  branch="false" />
			<line number="48"  hits="0"  branch="false" />
			<line number="49"  hits="0"  branch="false" />
			<line number="50"  hits="0"  branch="false" />
			<line number="55"  hits="1"  branch="false" />
			<line number="57"  hits="0"  branch="false" />
			<line number="58"  hits="0"  branch="false" />
			<line number="59"  hits="0"  branch="false" />
			<line number="64"  hits="1"  branch="false" />
			<line number="66"  hits="0"  branch="false" />
			<line number="67"  hits="0"  branch="false" />
			<line number="72"  hits="1"  branch="false" />
			<line number="74"  hits="0"  branch="false" />
			<line number="75"  hits="0"  branch="false" />
			<line number="80"  hits="1"  branch="false" />
			<line number="82"  hits="0"  branch="false" />
			<line number="84"  hits="0"  branch="false" />
			<line number="85"  hits="0"  branch="false" />
			<line number="86"  hits="0"  branch="false" />
			<line number="91"  hits="1"  branch="false" />
			<line number="94"  hits="1"  branch="false" />
			<line number="95"  hits="0"  branch="false" />
			<line number="98"  hits="0"  branch="false" />
			<line number="99"  hits="0"  branch="false" />
			<line number="101"  hits="0"  branch="false" />
			<line number="106"  hits="1"  branch="false" />
			<line number="108"  hits="0"  branch="false" />
			<line number="113"  hits="0"  branch="false" />
			<line number="115"  hits="1"  branch="false" />
			<line number="117"  hits="0"  branch="false" />
			<line number="118"  hits="0"  branch="false" />
			<line number="119"  hits="0"  branch="false" />
			<line number="123"  hits="0"  branch="false" />
			<line number="124"  hits="0"  branch="false" />
			<line number="125"  hits="0"  branch="false" />
			<line number="127"  hits="0"  branch="false" />
			<line number="129"  hits="0"  branch="true"  condition-coverage="0% (0/4)" />
			<line number="130"  hits="0"  branch="false" />
			<line number="133"  hits="0"  branch="false" />
			<line number="134"  hits="0"  branch="false" />
			<line number="135"  hits="0"  branch="false" />
			<line number="136"  hits="0"  branch="false" />
			<line number="137"  hits="0"  branch="false" />
			<line number="141"  hits="0"  branch="false" />
			<line number="143"  hits="0"  branch="false" />
			<line number="144"  hits="0"  branch="true"  condition-coverage="0% (0/4)" />
			<line number="145"  hits="0"  branch="false" />
			<line number="152"  hits="1"  branch="false" />
			<line number="155"  hits="0"  branch="true"  condition-coverage="0% (0/2)" />
			<line number="159"  hits="0"  branch="true"  condition-coverage="0% (0/2)" />
			<line number="162"  hits="0"  branch="false" />
			<line number="163"  hits="0"  branch="true"  condition-coverage="0% (0/2)" />
			<line number="164"  hits="0"  branch="false" />
			<line number="166"  hits="0"  branch="false" />
			<line number="171"  hits="0"  branch="true"  condition-coverage="0% (0/2)" />
			<line number="175"  hits="0"  branch="false" />
			<line number="176"  hits="0"  branch="false" />
			<line number="182"  hits="1"  branch="false" />
			<line number="184"  hits="0"  branch="false" />
			<line number="187"  hits="0"  branch="true"  condition-coverage="0% (0/4)" />
			<line number="188"  hits="0"  branch="false" />
			<line number="189"  hits="0"  branch="false" />
			<line number="192"  hits="0"  branch="false" />
			<line number="196"  hits="0"  branch="false" />
			<line number="198"  hits="0"  branch="false" />
			<line number="204"  hits="1"  branch="false" />
			<line number="208"  hits="0"  branch="false" />
			<line number="239"  hits="0"  branch="false" />
			<line number="240"  hits="0"  branch="false" />
			<line number="243"  hits="0"  branch="false" />
			<line number="245"  hits="0"  branch="false" />
			<line number="248"  hits="0"  branch="false" />
			<line number="249"  hits="0"  branch="true"  condition-coverage="0% (0/2)" />
			<line number="250"  hits="0"  branch="false" />
			<line number="254"  hits="0"  branch="false" />
			<line number="255"  hits="0"  branch="false" />
			<line number="258"  hits="0"  branch="false" />
			<line number="262"  hits="0"  branch="false" />
			<line number="272"  hits="1"  branch="false" />
			<line number="274"  hits="1"  branch="false" />
		</lines>
		</class>
		<class name="query.js"  filename="./src/static/js/modules/query.js"  line-rate="0.9528"  branch-rate="0.7813" >
		<methods>
			<method name="(anonymous_1)"  hits="1"  signature="()V" >
				<lines><line number="6"  hits="1" /></lines>
			</method>
			<method name="(anonymous_2)"  hits="9"  signature="()V" >
				<lines><line number="36"  hits="9" /></lines>
			</method>
			<method name="(anonymous_3)"  hits="6"  signature="()V" >
				<lines><line number="73"  hits="6" /></lines>
			</method>
			<method name="_processField"  hits="13"  signature="()V" >
				<lines><line number="88"  hits="13" /></lines>
			</method>
			<method name="(anonymous_5)"  hits="17"  signature="()V" >
				<lines><line number="105"  hits="17" /></lines>
			</method>
			<method name="(anonymous_6)"  hits="2"  signature="()V" >
				<lines><line number="130"  hits="2" /></lines>
			</method>
			<method name="buildHashParam"  hits="4"  signature="()V" >
				<lines><line number="135"  hits="4" /></lines>
			</method>
			<method name="(anonymous_8)"  hits="5"  signature="()V" >
				<lines><line number="152"  hits="5" /></lines>
			</method>
			<method name="(anonymous_9)"  hits="5"  signature="()V" >
				<lines><line number="166"  hits="5" /></lines>
			</method>
			<method name="(anonymous_10)"  hits="5"  signature="()V" >
				<lines><line number="207"  hits="5" /></lines>
			</method>
			<method name="(anonymous_11)"  hits="4"  signature="()V" >
				<lines><line number="229"  hits="4" /></lines>
			</method>
			<method name="(anonymous_12)"  hits="9"  signature="()V" >
				<lines><line number="236"  hits="9" /></lines>
			</method>
			<method name="(anonymous_13)"  hits="6"  signature="()V" >
				<lines><line number="255"  hits="6" /></lines>
			</method>
			<method name="(anonymous_14)"  hits="7"  signature="()V" >
				<lines><line number="266"  hits="7" /></lines>
			</method>
			<method name="(anonymous_15)"  hits="5"  signature="()V" >
				<lines><line number="284"  hits="5" /></lines>
			</method>
			<method name="(anonymous_16)"  hits="2"  signature="()V" >
				<lines><line number="288"  hits="2" /></lines>
			</method>
			<method name="(anonymous_17)"  hits="9"  signature="()V" >
				<lines><line number="294"  hits="9" /></lines>
			</method>
			<method name="(anonymous_18)"  hits="7"  signature="()V" >
				<lines><line number="314"  hits="7" /></lines>
			</method>
			<method name="(anonymous_19)"  hits="10"  signature="()V" >
				<lines><line number="336"  hits="10" /></lines>
			</method>
			<method name="(anonymous_20)"  hits="0"  signature="()V" >
				<lines><line number="356"  hits="0" /></lines>
			</method>
		</methods>
		<lines>
			<line number="6"  hits="1"  branch="false" />
			<line number="14"  hits="1"  branch="false" />
			<line number="17"  hits="1"  branch="false" />
			<line number="20"  hits="1"  branch="true"  condition-coverage="50% (1/2)" />
			<line number="23"  hits="1"  branch="true"  condition-coverage="50% (1/2)" />
			<line number="26"  hits="1"  branch="false" />
			<line number="29"  hits="1"  branch="false" />
			<line number="32"  hits="1"  branch="false" />
			<line number="36"  hits="1"  branch="false" />
			<line number="38"  hits="9"  branch="true"  condition-coverage="100% (2/2)" />
			<line number="40"  hits="9"  branch="true"  condition-coverage="100% (2/2)" />
			<line number="41"  hits="2"  branch="false" />
			<line number="64"  hits="7"  branch="false" />
			<line number="67"  hits="9"  branch="false" />
			<line number="73"  hits="1"  branch="false" />
			<line number="75"  hits="6"  branch="false" />
			<line number="79"  hits="6"  branch="true"  condition-coverage="50% (1/2)" />
			<line number="80"  hits="6"  branch="false" />
			<line number="82"  hits="0"  branch="false" />
			<line number="85"  hits="6"  branch="false" />
			<line number="88"  hits="1"  branch="false" />
			<line number="90"  hits="13"  branch="true"  condition-coverage="75% (3/4)" />
			<line number="93"  hits="13"  branch="true"  condition-coverage="50% (1/2)" />
			<line number="94"  hits="13"  branch="false" />
			<line number="102"  hits="13"  branch="true"  condition-coverage="50% (1/2)" />
			<line number="103"  hits="0"  branch="false" />
			<line number="105"  hits="13"  branch="false" />
			<line number="107"  hits="17"  branch="false" />
			<line number="110"  hits="17"  branch="true"  condition-coverage="50% (1/2)" />
			<line number="111"  hits="17"  branch="false" />
			<line number="117"  hits="13"  branch="false" />
			<line number="123"  hits="6"  branch="false" />
			<line number="125"  hits="6"  branch="false" />
			<line number="130"  hits="1"  branch="false" />
			<line number="131"  hits="2"  branch="false" />
			<line number="135"  hits="1"  branch="false" />
			<line number="137"  hits="4"  branch="true"  condition-coverage="50% (1/2)" />
			<line number="138"  hits="0"  branch="false" />
			<line number="142"  hits="4"  branch="false" />
			<line number="145"  hits="2"  branch="false" />
			<line number="147"  hits="2"  branch="false" />
			<line number="148"  hits="2"  branch="false" />
			<line number="152"  hits="1"  branch="false" />
			<line number="155"  hits="5"  branch="false" />
			<line number="156"  hits="5"  branch="false" />
			<line number="157"  hits="5"  branch="false" />
			<line number="161"  hits="5"  branch="false" />
			<line number="162"  hits="5"  branch="false" />
			<line number="166"  hits="1"  branch="false" />
			<line number="168"  hits="5"  branch="false" />
			<line number="173"  hits="5"  branch="false" />
			<line number="176"  hits="5"  branch="false" />
			<line number="178"  hits="5"  branch="true"  condition-coverage="100% (2/2)" />
			<line number="179"  hits="3"  branch="false" />
			<line number="188"  hits="5"  branch="false" />
			<line number="190"  hits="5"  branch="false" />
			<line number="207"  hits="1"  branch="false" />
			<line number="208"  hits="5"  branch="false" />
			<line number="210"  hits="5"  branch="true"  condition-coverage="50% (1/2)" />
			<line number="211"  hits="5"  branch="false" />
			<line number="212"  hits="11"  branch="true"  condition-coverage="50% (1/2)" />
			<line number="213"  hits="11"  branch="false" />
			<line number="217"  hits="0"  branch="false" />
			<line number="220"  hits="5"  branch="false" />
			<line number="226"  hits="1"  branch="false" />
			<line number="231"  hits="4"  branch="false" />
			<line number="236"  hits="4"  branch="false" />
			<line number="238"  hits="9"  branch="true"  condition-coverage="75% (3/4)" />
			<line number="239"  hits="0"  branch="false" />
			<line number="242"  hits="9"  branch="false" />
			<line number="244"  hits="9"  branch="true"  condition-coverage="100% (2/2)" />
			<line number="245"  hits="4"  branch="false" />
			<line number="248"  hits="4"  branch="true"  condition-coverage="100% (2/2)" />
			<line number="249"  hits="2"  branch="false" />
			<line number="255"  hits="4"  branch="false" />
			<line number="256"  hits="6"  branch="false" />
			<line number="260"  hits="5"  branch="false" />
			<line number="266"  hits="4"  branch="false" />
			<line number="268"  hits="7"  branch="false" />
			<line number="271"  hits="7"  branch="false" />
			<line number="272"  hits="7"  branch="false" />
			<line number="273"  hits="7"  branch="false" />
			<line number="279"  hits="4"  branch="false" />
			<line number="285"  hits="5"  branch="false" />
			<line number="289"  hits="2"  branch="false" />
			<line number="296"  hits="9"  branch="false" />
			<line number="300"  hits="9"  branch="false" />
			<line number="301"  hits="156"  branch="true"  condition-coverage="50% (1/2)" />
			<line number="302"  hits="156"  branch="false" />
			<line number="304"  hits="156"  branch="true"  condition-coverage="100% (2/2)" />
			<line number="305"  hits="147"  branch="false" />
			<line number="310"  hits="9"  branch="false" />
			<line number="315"  hits="7"  branch="false" />
			<line number="321"  hits="7"  branch="true"  condition-coverage="100% (2/2)" />
			<line number="323"  hits="3"  branch="true"  condition-coverage="100% (6/6)" />
			<line number="324"  hits="1"  branch="false" />
			<line number="326"  hits="2"  branch="false" />
			<line number="329"  hits="3"  branch="false" />
			<line number="336"  hits="4"  branch="false" />
			<line number="338"  hits="10"  branch="true"  condition-coverage="100% (6/6)" />
			<line number="339"  hits="2"  branch="false" />
			<line number="341"  hits="8"  branch="false" />
			<line number="346"  hits="4"  branch="false" />
			<line number="356"  hits="1"  branch="false" />
			<line number="361"  hits="1"  branch="false" />
			<line number="363"  hits="1"  branch="false" />
		</lines>
		</class>
		<class name="summary-table.js"  filename="./src/static/js/modules/summary-table.js"  line-rate="0.5421"  branch-rate="0.4167" >
		<methods>
			<method name="(anonymous_1)"  hits="1"  signature="()V" >
				<lines><line number="12"  hits="1" /></lines>
			</method>
			<method name="(anonymous_2)"  hits="6"  signature="()V" >
				<lines><line number="89"  hits="6" /></lines>
			</method>
			<method name="(anonymous_3)"  hits="0"  signature="()V" >
				<lines><line number="96"  hits="0" /></lines>
			</method>
			<method name="(anonymous_4)"  hits="1"  signature="()V" >
				<lines><line number="104"  hits="1" /></lines>
			</method>
			<method name="(anonymous_5)"  hits="0"  signature="()V" >
				<lines><line number="123"  hits="0" /></lines>
			</method>
			<method name="(anonymous_6)"  hits="0"  signature="()V" >
				<lines><line number="131"  hits="0" /></lines>
			</method>
			<method name="(anonymous_7)"  hits="1"  signature="()V" >
				<lines><line number="157"  hits="1" /></lines>
			</method>
			<method name="(anonymous_8)"  hits="0"  signature="()V" >
				<lines><line number="168"  hits="0" /></lines>
			</method>
			<method name="(anonymous_9)"  hits="1"  signature="()V" >
				<lines><line number="172"  hits="1" /></lines>
			</method>
			<method name="(anonymous_10)"  hits="0"  signature="()V" >
				<lines><line number="176"  hits="0" /></lines>
			</method>
			<method name="(anonymous_11)"  hits="0"  signature="()V" >
				<lines><line number="184"  hits="0" /></lines>
			</method>
			<method name="(anonymous_12)"  hits="0"  signature="()V" >
				<lines><line number="190"  hits="0" /></lines>
			</method>
			<method name="(anonymous_13)"  hits="36"  signature="()V" >
				<lines><line number="213"  hits="36" /></lines>
			</method>
			<method name="(anonymous_14)"  hits="0"  signature="()V" >
				<lines><line number="248"  hits="0" /></lines>
			</method>
			<method name="(anonymous_15)"  hits="0"  signature="()V" >
				<lines><line number="254"  hits="0" /></lines>
			</method>
			<method name="(anonymous_16)"  hits="1"  signature="()V" >
				<lines><line number="262"  hits="1" /></lines>
			</method>
			<method name="(anonymous_17)"  hits="2"  signature="()V" >
				<lines><line number="270"  hits="2" /></lines>
			</method>
			<method name="(anonymous_18)"  hits="1"  signature="()V" >
				<lines><line number="289"  hits="1" /></lines>
			</method>
			<method name="(anonymous_19)"  hits="0"  signature="()V" >
				<lines><line number="330"  hits="0" /></lines>
			</method>
			<method name="(anonymous_20)"  hits="1"  signature="()V" >
				<lines><line number="335"  hits="1" /></lines>
			</method>
			<method name="(anonymous_21)"  hits="0"  signature="()V" >
				<lines><line number="342"  hits="0" /></lines>
			</method>
			<method name="(anonymous_22)"  hits="1"  signature="()V" >
				<lines><line number="350"  hits="1" /></lines>
			</method>
			<method name="(anonymous_23)"  hits="0"  signature="()V" >
				<lines><line number="376"  hits="0" /></lines>
			</method>
			<method name="(anonymous_24)"  hits="1"  signature="()V" >
				<lines><line number="380"  hits="1" /></lines>
			</method>
			<method name="(anonymous_25)"  hits="1"  signature="()V" >
				<lines><line number="390"  hits="1" /></lines>
			</method>
			<method name="(anonymous_26)"  hits="0"  signature="()V" >
				<lines><line number="400"  hits="0" /></lines>
			</method>
			<method name="(anonymous_27)"  hits="0"  signature="()V" >
				<lines><line number="409"  hits="0" /></lines>
			</method>
			<method name="(anonymous_28)"  hits="5"  signature="()V" >
				<lines><line number="424"  hits="5" /></lines>
			</method>
			<method name="(anonymous_29)"  hits="20"  signature="()V" >
				<lines><line number="425"  hits="20" /></lines>
			</method>
			<method name="(anonymous_30)"  hits="0"  signature="()V" >
				<lines><line number="439"  hits="0" /></lines>
			</method>
			<method name="(anonymous_31)"  hits="0"  signature="()V" >
				<lines><line number="454"  hits="0" /></lines>
			</method>
			<method name="(anonymous_32)"  hits="0"  signature="()V" >
				<lines><line number="466"  hits="0" /></lines>
			</method>
			<method name="(anonymous_33)"  hits="0"  signature="()V" >
				<lines><line number="473"  hits="0" /></lines>
			</method>
			<method name="(anonymous_34)"  hits="0"  signature="()V" >
				<lines><line number="494"  hits="0" /></lines>
			</method>
			<method name="(anonymous_35)"  hits="0"  signature="()V" >
				<lines><line number="511"  hits="0" /></lines>
			</method>
			<method name="(anonymous_36)"  hits="0"  signature="()V" >
				<lines><line number="528"  hits="0" /></lines>
			</method>
			<method name="(anonymous_37)"  hits="0"  signature="()V" >
				<lines><line number="536"  hits="0" /></lines>
			</method>
			<method name="(anonymous_38)"  hits="0"  signature="()V" >
				<lines><line number="545"  hits="0" /></lines>
			</method>
		</methods>
		<lines>
			<line number="12"  hits="1"  branch="false" />
			<line number="16"  hits="1"  branch="false" />
			<line number="18"  hits="1"  branch="false" />
			<line number="19"  hits="1"  branch="false" />
			<line number="22"  hits="1"  branch="false" />
			<line number="23"  hits="1"  branch="false" />
			<line number="24"  hits="1"  branch="false" />
			<line number="25"  hits="1"  branch="false" />
			<line number="27"  hits="1"  branch="false" />
			<line number="33"  hits="1"  branch="false" />
			<line number="36"  hits="1"  branch="false" />
			<line number="73"  hits="1"  branch="false" />
			<line number="79"  hits="1"  branch="false" />
			<line number="82"  hits="1"  branch="false" />
			<line number="84"  hits="1"  branch="false" />
			<line number="86"  hits="1"  branch="false" />
			<line number="89"  hits="1"  branch="false" />
			<line number="90"  hits="6"  branch="true"  condition-coverage="100% (2/2)" />
			<line number="92"  hits="6"  branch="false" />
			<line number="96"  hits="1"  branch="false" />
			<line number="97"  hits="0"  branch="false" />
			<line number="104"  hits="1"  branch="false" />
			<line number="105"  hits="1"  branch="false" />
			<line number="111"  hits="1"  branch="false" />
			<line number="112"  hits="2"  branch="false" />
			<line number="114"  hits="2"  branch="false" />
			<line number="115"  hits="4"  branch="false" />
			<line number="117"  hits="4"  branch="false" />
			<line number="123"  hits="1"  branch="false" />
			<line number="124"  hits="0"  branch="false" />
			<line number="131"  hits="1"  branch="false" />
			<line number="132"  hits="0"  branch="false" />
			<line number="138"  hits="0"  branch="true"  condition-coverage="0% (0/2)" />
			<line number="139"  hits="0"  branch="false" />
			<line number="142"  hits="0"  branch="true"  condition-coverage="0% (0/2)" />
			<line number="143"  hits="0"  branch="false" />
			<line number="145"  hits="0"  branch="false" />
			<line number="146"  hits="0"  branch="false" />
			<line number="147"  hits="0"  branch="false" />
			<line number="148"  hits="0"  branch="true"  condition-coverage="0% (0/2)" />
			<line number="149"  hits="0"  branch="false" />
			<line number="157"  hits="1"  branch="false" />
			<line number="158"  hits="1"  branch="false" />
			<line number="159"  hits="1"  branch="false" />
			<line number="160"  hits="3"  branch="false" />
			<line number="168"  hits="1"  branch="false" />
			<line number="169"  hits="0"  branch="false" />
			<line number="172"  hits="1"  branch="false" />
			<line number="173"  hits="1"  branch="false" />
			<line number="176"  hits="1"  branch="false" />
			<line number="177"  hits="0"  branch="false" />
			<line number="179"  hits="0"  branch="false" />
			<line number="181"  hits="0"  branch="false" />
			<line number="182"  hits="0"  branch="false" />
			<line number="184"  hits="0"  branch="false" />
			<line number="185"  hits="0"  branch="false" />
			<line number="186"  hits="0"  branch="true"  condition-coverage="0% (0/2)" />
			<line number="187"  hits="0"  branch="true"  condition-coverage="0% (0/2)" />
			<line number="190"  hits="0"  branch="false" />
			<line number="191"  hits="0"  branch="false" />
			<line number="194"  hits="0"  branch="false" />
			<line number="195"  hits="0"  branch="false" />
			<line number="213"  hits="1"  branch="false" />
			<line number="214"  hits="36"  branch="false" />
			<line number="217"  hits="36"  branch="false" />
			<line number="218"  hits="36"  branch="true"  condition-coverage="50% (1/2)" />
			<line number="220"  hits="36"  branch="false" />
			<line number="223"  hits="72"  branch="true"  condition-coverage="50% (1/2)" />
			<line number="225"  hits="72"  branch="false" />
			<line number="227"  hits="72"  branch="true"  condition-coverage="100% (5/5)" />
			<line number="228"  hits="12"  branch="false" />
			<line number="230"  hits="60"  branch="true"  condition-coverage="100% (2/2)" />
			<line number="231"  hits="4"  branch="false" />
			<line number="234"  hits="56"  branch="true"  condition-coverage="50% (1/2)" />
			<line number="235"  hits="0"  branch="false" />
			<line number="238"  hits="56"  branch="false" />
			<line number="245"  hits="36"  branch="false" />
			<line number="248"  hits="1"  branch="false" />
			<line number="249"  hits="0"  branch="false" />
			<line number="250"  hits="0"  branch="false" />
			<line number="251"  hits="0"  branch="false" />
			<line number="254"  hits="1"  branch="false" />
			<line number="255"  hits="0"  branch="false" />
			<line number="257"  hits="0"  branch="false" />
			<line number="262"  hits="1"  branch="false" />
			<line number="263"  hits="1"  branch="false" />
			<line number="264"  hits="1"  branch="false" />
			<line number="270"  hits="1"  branch="false" />
			<line number="271"  hits="2"  branch="false" />
			<line number="274"  hits="2"  branch="false" />
			<line number="276"  hits="2"  branch="false" />
			<line number="277"  hits="2"  branch="false" />
			<line number="278"  hits="4"  branch="true"  condition-coverage="100% (2/2)" />
			<line number="279"  hits="1"  branch="false" />
			<line number="283"  hits="2"  branch="false" />
			<line number="285"  hits="2"  branch="false" />
			<line number="289"  hits="1"  branch="false" />
			<line number="290"  hits="1"  branch="false" />
			<line number="295"  hits="1"  branch="false" />
			<line number="297"  hits="1"  branch="true"  condition-coverage="50% (1/2)" />
			<line number="298"  hits="0"  branch="false" />
			<line number="299"  hits="0"  branch="false" />
			<line number="302"  hits="1"  branch="false" />
			<line number="303"  hits="2"  branch="false" />
			<line number="305"  hits="2"  branch="false" />
			<line number="307"  hits="4"  branch="true"  condition-coverage="50% (1/2)" />
			<line number="311"  hits="4"  branch="false" />
			<line number="314"  hits="4"  branch="true"  condition-coverage="50% (1/2)" />
			<line number="315"  hits="0"  branch="false" />
			<line number="317"  hits="0"  branch="true"  condition-coverage="0% (0/2)" />
			<line number="318"  hits="0"  branch="false" />
			<line number="321"  hits="4"  branch="false" />
			<line number="325"  hits="2"  branch="false" />
			<line number="330"  hits="1"  branch="false" />
			<line number="331"  hits="0"  branch="false" />
			<line number="335"  hits="1"  branch="false" />
			<line number="336"  hits="1"  branch="false" />
			<line number="337"  hits="1"  branch="false" />
			<line number="338"  hits="1"  branch="false" />
			<line number="342"  hits="1"  branch="false" />
			<line number="343"  hits="0"  branch="false" />
			<line number="344"  hits="0"  branch="false" />
			<line number="346"  hits="0"  branch="false" />
			<line number="350"  hits="1"  branch="false" />
			<line number="351"  hits="1"  branch="false" />
			<line number="357"  hits="1"  branch="false" />
			<line number="358"  hits="3"  branch="true"  condition-coverage="100% (2/2)" />
			<line number="362"  hits="2"  branch="true"  condition-coverage="100% (2/2)" />
			<line number="364"  hits="1"  branch="false" />
			<line number="365"  hits="1"  branch="true"  condition-coverage="50% (1/2)" />
			<line number="366"  hits="1"  branch="false" />
			<line number="369"  hits="2"  branch="false" />
			<line number="373"  hits="1"  branch="false" />
			<line number="376"  hits="1"  branch="false" />
			<line number="377"  hits="0"  branch="false" />
			<line number="380"  hits="1"  branch="false" />
			<line number="383"  hits="1"  branch="false" />
			<line number="390"  hits="1"  branch="false" />
			<line number="392"  hits="1"  branch="false" />
			<line number="393"  hits="1"  branch="false" />
			<line number="397"  hits="1"  branch="false" />
			<line number="400"  hits="1"  branch="false" />
			<line number="403"  hits="0"  branch="false" />
			<line number="409"  hits="1"  branch="false" />
			<line number="410"  hits="0"  branch="false" />
			<line number="412"  hits="0"  branch="false" />
			<line number="413"  hits="0"  branch="false" />
			<line number="415"  hits="0"  branch="true"  condition-coverage="0% (0/2)" />
			<line number="416"  hits="0"  branch="false" />
			<line number="417"  hits="0"  branch="false" />
			<line number="418"  hits="0"  branch="false" />
			<line number="419"  hits="0"  branch="false" />
			<line number="420"  hits="0"  branch="false" />
			<line number="424"  hits="1"  branch="false" />
			<line number="425"  hits="5"  branch="false" />
			<line number="426"  hits="20"  branch="true"  condition-coverage="100% (2/2)" />
			<line number="428"  hits="6"  branch="false" />
			<line number="432"  hits="14"  branch="true"  condition-coverage="100% (5/5)" />
			<line number="433"  hits="6"  branch="false" />
			<line number="439"  hits="1"  branch="false" />
			<line number="441"  hits="0"  branch="false" />
			<line number="442"  hits="0"  branch="false" />
			<line number="443"  hits="0"  branch="true"  condition-coverage="0% (0/2)" />
			<line number="444"  hits="0"  branch="false" />
			<line number="445"  hits="0"  branch="false" />
			<line number="446"  hits="0"  branch="false" />
			<line number="449"  hits="0"  branch="true"  condition-coverage="0% (0/2)" />
			<line number="450"  hits="0"  branch="false" />
			<line number="454"  hits="1"  branch="false" />
			<line number="456"  hits="0"  branch="false" />
			<line number="458"  hits="0"  branch="true"  condition-coverage="0% (0/2)" />
			<line number="459"  hits="0"  branch="true"  condition-coverage="0% (0/2)" />
			<line number="460"  hits="0"  branch="false" />
			<line number="462"  hits="0"  branch="false" />
			<line number="466"  hits="1"  branch="false" />
			<line number="467"  hits="0"  branch="false" />
			<line number="468"  hits="0"  branch="false" />
			<line number="469"  hits="0"  branch="false" />
			<line number="470"  hits="0"  branch="false" />
			<line number="473"  hits="1"  branch="false" />
			<line number="474"  hits="0"  branch="false" />
			<line number="476"  hits="0"  branch="false" />
			<line number="477"  hits="0"  branch="false" />
			<line number="478"  hits="0"  branch="false" />
			<line number="479"  hits="0"  branch="false" />
			<line number="482"  hits="0"  branch="true"  condition-coverage="0% (0/4)" />
			<line number="484"  hits="0"  branch="true"  condition-coverage="0% (0/2)" />
			<line number="485"  hits="0"  branch="false" />
			<line number="490"  hits="0"  branch="false" />
			<line number="494"  hits="0"  branch="false" />
			<line number="495"  hits="0"  branch="false" />
			<line number="497"  hits="0"  branch="true"  condition-coverage="0% (0/2)" />
			<line number="498"  hits="0"  branch="false" />
			<line number="501"  hits="0"  branch="false" />
			<line number="504"  hits="0"  branch="true"  condition-coverage="0% (0/2)" />
			<line number="505"  hits="0"  branch="false" />
			<line number="511"  hits="0"  branch="false" />
			<line number="512"  hits="0"  branch="false" />
			<line number="513"  hits="0"  branch="false" />
			<line number="516"  hits="0"  branch="false" />
			<line number="517"  hits="0"  branch="false" />
			<line number="518"  hits="0"  branch="false" />
			<line number="524"  hits="0"  branch="false" />
			<line number="528"  hits="0"  branch="false" />
			<line number="529"  hits="0"  branch="false" />
			<line number="530"  hits="0"  branch="false" />
			<line number="536"  hits="1"  branch="false" />
			<line number="538"  hits="0"  branch="false" />
			<line number="540"  hits="0"  branch="false" />
			<line number="545"  hits="1"  branch="false" />
			<line number="547"  hits="0"  branch="false" />
			<line number="549"  hits="0"  branch="false" />
			<line number="553"  hits="1"  branch="false" />
			<line number="555"  hits="1"  branch="false" />
		</lines>
		</class>
		<class name="utils.js"  filename="./src/static/js/modules/utils.js"  line-rate="0.3333"  branch-rate="0.16899999999999998" >
		<methods>
			<method name="(anonymous_1)"  hits="1"  signature="()V" >
				<lines><line number="6"  hits="1" /></lines>
			</method>
			<method name="(anonymous_2)"  hits="0"  signature="()V" >
				<lines><line number="16"  hits="0" /></lines>
			</method>
			<method name="(anonymous_3)"  hits="8"  signature="()V" >
				<lines><line number="22"  hits="8" /></lines>
			</method>
			<method name="(anonymous_4)"  hits="0"  signature="()V" >
				<lines><line number="48"  hits="0" /></lines>
			</method>
			<method name="(anonymous_5)"  hits="9"  signature="()V" >
				<lines><line number="66"  hits="9" /></lines>
			</method>
			<method name="(anonymous_6)"  hits="54"  signature="()V" >
				<lines><line number="72"  hits="54" /></lines>
			</method>
			<method name="(anonymous_7)"  hits="0"  signature="()V" >
				<lines><line number="87"  hits="0" /></lines>
			</method>
			<method name="(anonymous_8)"  hits="5"  signature="()V" >
				<lines><line number="91"  hits="5" /></lines>
			</method>
			<method name="(anonymous_9)"  hits="5"  signature="()V" >
				<lines><line number="95"  hits="5" /></lines>
			</method>
			<method name="(anonymous_10)"  hits="5"  signature="()V" >
				<lines><line number="97"  hits="5" /></lines>
			</method>
			<method name="(anonymous_11)"  hits="0"  signature="()V" >
				<lines><line number="103"  hits="0" /></lines>
			</method>
			<method name="(anonymous_12)"  hits="0"  signature="()V" >
				<lines><line number="107"  hits="0" /></lines>
			</method>
			<method name="(anonymous_13)"  hits="0"  signature="()V" >
				<lines><line number="117"  hits="0" /></lines>
			</method>
			<method name="(anonymous_14)"  hits="0"  signature="()V" >
				<lines><line number="118"  hits="0" /></lines>
			</method>
			<method name="(anonymous_15)"  hits="0"  signature="()V" >
				<lines><line number="119"  hits="0" /></lines>
			</method>
			<method name="(anonymous_16)"  hits="0"  signature="()V" >
				<lines><line number="120"  hits="0" /></lines>
			</method>
			<method name="(anonymous_17)"  hits="0"  signature="()V" >
				<lines><line number="125"  hits="0" /></lines>
			</method>
			<method name="getJSON"  hits="0"  signature="()V" >
				<lines><line number="130"  hits="0" /></lines>
			</method>
			<method name="(anonymous_19)"  hits="0"  signature="()V" >
				<lines><line number="134"  hits="0" /></lines>
			</method>
			<method name="getStorage"  hits="0"  signature="()V" >
				<lines><line number="162"  hits="0" /></lines>
			</method>
			<method name="(anonymous_21)"  hits="0"  signature="()V" >
				<lines><line number="172"  hits="0" /></lines>
			</method>
			<method name="(anonymous_22)"  hits="0"  signature="()V" >
				<lines><line number="195"  hits="0" /></lines>
			</method>
			<method name="(anonymous_23)"  hits="0"  signature="()V" >
				<lines><line number="206"  hits="0" /></lines>
			</method>
			<method name="(anonymous_24)"  hits="0"  signature="()V" >
				<lines><line number="215"  hits="0" /></lines>
			</method>
			<method name="(anonymous_25)"  hits="0"  signature="()V" >
				<lines><line number="223"  hits="0" /></lines>
			</method>
			<method name="(anonymous_26)"  hits="0"  signature="()V" >
				<lines><line number="224"  hits="0" /></lines>
			</method>
			<method name="(anonymous_27)"  hits="0"  signature="()V" >
				<lines><line number="236"  hits="0" /></lines>
			</method>
			<method name="(anonymous_28)"  hits="0"  signature="()V" >
				<lines><line number="242"  hits="0" /></lines>
			</method>
		</methods>
		<lines>
			<line number="6"  hits="1"  branch="false" />
			<line number="13"  hits="1"  branch="false" />
			<line number="16"  hits="1"  branch="false" />
			<line number="17"  hits="0"  branch="false" />
			<line number="22"  hits="1"  branch="false" />
			<line number="23"  hits="8"  branch="false" />
			<line number="26"  hits="8"  branch="false" />
			<line number="29"  hits="8"  branch="true"  condition-coverage="100% (2/2)" />
			<line number="30"  hits="1"  branch="false" />
			<line number="33"  hits="8"  branch="true"  condition-coverage="100% (2/2)" />
			<line number="34"  hits="1"  branch="false" />
			<line number="37"  hits="8"  branch="true"  condition-coverage="50% (1/2)" />
			<line number="38"  hits="0"  branch="false" />
			<line number="41"  hits="8"  branch="false" />
			<line number="42"  hits="8"  branch="false" />
			<line number="44"  hits="8"  branch="false" />
			<line number="48"  hits="1"  branch="false" />
			<line number="49"  hits="0"  branch="true"  condition-coverage="0% (0/2)" />
			<line number="50"  hits="0"  branch="false" />
			<line number="51"  hits="0"  branch="true"  condition-coverage="0% (0/2)" />
			<line number="52"  hits="0"  branch="false" />
			<line number="53"  hits="0"  branch="true"  condition-coverage="0% (0/2)" />
			<line number="54"  hits="0"  branch="false" />
			<line number="55"  hits="0"  branch="true"  condition-coverage="0% (0/2)" />
			<line number="56"  hits="0"  branch="false" />
			<line number="57"  hits="0"  branch="true"  condition-coverage="0% (0/2)" />
			<line number="58"  hits="0"  branch="false" />
			<line number="60"  hits="0"  branch="false" />
			<line number="62"  hits="0"  branch="false" />
			<line number="66"  hits="1"  branch="false" />
			<line number="68"  hits="9"  branch="false" />
			<line number="69"  hits="9"  branch="false" />
			<line number="72"  hits="54"  branch="false" />
			<line number="75"  hits="9"  branch="false" />
			<line number="76"  hits="18"  branch="false" />
			<line number="82"  hits="9"  branch="false" />
			<line number="87"  hits="1"  branch="false" />
			<line number="88"  hits="0"  branch="false" />
			<line number="91"  hits="1"  branch="false" />
			<line number="92"  hits="5"  branch="true"  condition-coverage="100% (2/2)" />
			<line number="95"  hits="1"  branch="false" />
			<line number="96"  hits="5"  branch="true"  condition-coverage="50% (1/2)" />
			<line number="97"  hits="5"  branch="false" />
			<line number="98"  hits="5"  branch="false" />
			<line number="103"  hits="1"  branch="false" />
			<line number="104"  hits="0"  branch="true"  condition-coverage="0% (0/2)" />
			<line number="105"  hits="0"  branch="false" />
			<line number="107"  hits="0"  branch="false" />
			<line number="108"  hits="0"  branch="false" />
			<line number="114"  hits="1"  branch="true"  condition-coverage="50% (1/2)" />
			<line number="115"  hits="0"  branch="false" />
			<line number="117"  hits="0"  branch="false" />
			<line number="118"  hits="0"  branch="true"  condition-coverage="0% (0/2)" />
			<line number="119"  hits="0"  branch="false" />
			<line number="120"  hits="0"  branch="false" />
			<line number="125"  hits="1"  branch="false" />
			<line number="127"  hits="0"  branch="false" />
			<line number="130"  hits="1"  branch="false" />
			<line number="132"  hits="0"  branch="false" />
			<line number="134"  hits="0"  branch="false" />
			<line number="138"  hits="0"  branch="true"  condition-coverage="0% (0/4)" />
			<line number="139"  hits="0"  branch="false" />
			<line number="142"  hits="0"  branch="false" />
			<line number="143"  hits="0"  branch="false" />
			<line number="146"  hits="0"  branch="false" />
			<line number="151"  hits="0"  branch="true"  condition-coverage="0% (0/2)" />
			<line number="152"  hits="0"  branch="false" />
			<line number="159"  hits="0"  branch="false" />
			<line number="162"  hits="1"  branch="false" />
			<line number="164"  hits="0"  branch="false" />
			<line number="168"  hits="0"  branch="true"  condition-coverage="0% (0/2)" />
			<line number="169"  hits="0"  branch="false" />
			<line number="172"  hits="0"  branch="false" />
			<line number="173"  hits="0"  branch="false" />
			<line number="178"  hits="0"  branch="false" />
			<line number="179"  hits="0"  branch="false" />
			<line number="180"  hits="0"  branch="false" />
			<line number="182"  hits="0"  branch="false" />
			<line number="188"  hits="0"  branch="true"  condition-coverage="0% (0/2)" />
			<line number="195"  hits="1"  branch="false" />
			<line number="197"  hits="0"  branch="false" />
			<line number="202"  hits="0"  branch="true"  condition-coverage="0% (0/2)" />
			<line number="203"  hits="0"  branch="false" />
			<line number="204"  hits="0"  branch="false" />
			<line number="205"  hits="0"  branch="false" />
			<line number="206"  hits="0"  branch="false" />
			<line number="207"  hits="0"  branch="false" />
			<line number="214"  hits="1"  branch="true"  condition-coverage="50% (1/2)" />
			<line number="215"  hits="0"  branch="false" />
			<line number="216"  hits="0"  branch="true"  condition-coverage="0% (0/2)" />
			<line number="218"  hits="0"  branch="false" />
			<line number="221"  hits="0"  branch="false" />
			<line number="225"  hits="0"  branch="true"  condition-coverage="0% (0/4)" />
			<line number="228"  hits="0"  branch="false" />
			<line number="229"  hits="0"  branch="false" />
			<line number="231"  hits="0"  branch="false" />
			<line number="236"  hits="1"  branch="false" />
			<line number="237"  hits="0"  branch="false" />
			<line number="241"  hits="1"  branch="true"  condition-coverage="50% (1/2)" />
			<line number="242"  hits="0"  branch="false" />
			<line number="243"  hits="0"  branch="true"  condition-coverage="0% (0/2)" />
			<line number="244"  hits="0"  branch="false" />
			<line number="246"  hits="0"  branch="false" />
			<line number="249"  hits="0"  branch="true"  condition-coverage="0% (0/2)" />
			<line number="250"  hits="0"  branch="false" />
			<line number="252"  hits="0"  branch="false" />
			<line number="253"  hits="0"  branch="true"  condition-coverage="0% (0/2)" />
			<line number="254"  hits="0"  branch="false" />
			<line number="255"  hits="0"  branch="true"  condition-coverage="0% (0/2)" />
			<line number="256"  hits="0"  branch="false" />
			<line number="257"  hits="0"  branch="true"  condition-coverage="0% (0/5)" />
			<line number="258"  hits="0"  branch="true"  condition-coverage="0% (0/2)" />
			<line number="261"  hits="0"  branch="true"  condition-coverage="0% (0/2)" />
			<line number="262"  hits="0"  branch="false" />
			<line number="264"  hits="0"  branch="false" />
			<line number="265"  hits="0"  branch="true"  condition-coverage="0% (0/4)" />
			<line number="266"  hits="0"  branch="false" />
			<line number="269"  hits="0"  branch="false" />
			<line number="273"  hits="1"  branch="false" />
			<line number="275"  hits="1"  branch="false" />
		</lines>
		</class>
	</classes>
	</package>
</packages>
</coverage>
