{"./src/static/js/modules/app.js":{"path":"./src/static/js/modules/app.js","s":{"1":1,"2":1,"3":1,"4":0,"5":1,"6":1,"7":1,"8":0,"9":0,"10":0,"11":0,"12":0,"13":0,"14":0,"15":0,"16":0,"17":0,"18":0,"19":1,"20":0,"21":0,"22":0,"23":0,"24":0,"25":0,"26":0,"27":0,"28":0,"29":0,"30":0,"31":0,"32":0,"33":0,"34":1,"35":0,"36":1,"37":0,"38":1,"39":0,"40":1,"41":0,"42":0,"43":0,"44":0,"45":0,"46":1,"47":6,"48":1,"49":14,"50":14,"51":1,"52":1,"53":13,"54":17,"55":13,"56":13,"57":6,"58":6,"59":1,"60":0,"61":0,"62":0,"63":0,"64":0,"65":0,"66":0,"67":0,"68":0,"69":0,"70":0,"71":0,"72":0,"73":1,"74":0,"75":0,"76":0,"77":0,"78":1,"79":1},"b":{"1":[0,0],"2":[0,0],"3":[0,0],"4":[1,13],"5":[0,0],"6":[0,0],"7":[0,0],"8":[0,0],"9":[0,0],"10":[1,0]},"f":{"1":1,"2":0,"3":0,"4":0,"5":0,"6":0,"7":0,"8":0,"9":0,"10":0,"11":6,"12":14,"13":17,"14":0,"15":0},"fnMap":{"1":{"name":"(anonymous_1)","line":6,"loc":{"start":{"line":6,"column":11},"end":{"line":6,"column":28}}},"2":{"name":"(anonymous_2)","line":16,"loc":{"start":{"line":16,"column":24},"end":{"line":16,"column":34}}},"3":{"name":"(anonymous_3)","line":28,"loc":{"start":{"line":28,"column":13},"end":{"line":28,"column":24}}},"4":{"name":"(anonymous_4)","line":60,"loc":{"start":{"line":60,"column":14},"end":{"line":60,"column":25}}},"5":{"name":"(anonymous_5)","line":75,"loc":{"start":{"line":75,"column":73},"end":{"line":75,"column":87}}},"6":{"name":"(anonymous_6)","line":81,"loc":{"start":{"line":81,"column":67},"end":{"line":81,"column":81}}},"7":{"name":"(anonymous_7)","line":102,"loc":{"start":{"line":102,"column":21},"end":{"line":102,"column":32}}},"8":{"name":"(anonymous_8)","line":107,"loc":{"start":{"line":107,"column":20},"end":{"line":107,"column":31}}},"9":{"name":"(anonymous_9)","line":113,"loc":{"start":{"line":113,"column":17},"end":{"line":113,"column":33}}},"10":{"name":"(anonymous_10)","line":119,"loc":{"start":{"line":119,"column":20},"end":{"line":119,"column":37}}},"11":{"name":"(anonymous_11)","line":140,"loc":{"start":{"line":140,"column":21},"end":{"line":140,"column":32}}},"12":{"name":"buildParam","line":145,"loc":{"start":{"line":145,"column":4},"end":{"line":145,"column":37}}},"13":{"name":"(anonymous_13)","line":157,"loc":{"start":{"line":157,"column":25},"end":{"line":157,"column":42}}},"14":{"name":"(anonymous_14)","line":178,"loc":{"start":{"line":178,"column":22},"end":{"line":178,"column":53}}},"15":{"name":"(anonymous_15)","line":210,"loc":{"start":{"line":210,"column":18},"end":{"line":210,"column":38}}}},"statementMap":{"1":{"start":{"line":6,"column":0},"end":{"line":225,"column":16}},"2":{"start":{"line":13,"column":2},"end":{"line":13,"column":15}},"3":{"start":{"line":16,"column":2},"end":{"line":19,"column":4}},"4":{"start":{"line":18,"column":4},"end":{"line":18,"column":59}},"5":{"start":{"line":22,"column":2},"end":{"line":22,"column":26}},"6":{"start":{"line":25,"column":2},"end":{"line":25,"column":33}},"7":{"start":{"line":28,"column":2},"end":{"line":57,"column":4}},"8":{"start":{"line":30,"column":4},"end":{"line":30,"column":47}},"9":{"start":{"line":34,"column":4},"end":{"line":34,"column":112}},"10":{"start":{"line":35,"column":4},"end":{"line":35,"column":68}},"11":{"start":{"line":38,"column":4},"end":{"line":38,"column":57}},"12":{"start":{"line":39,"column":4},"end":{"line":39,"column":93}},"13":{"start":{"line":43,"column":4},"end":{"line":49,"column":5}},"14":{"start":{"line":44,"column":6},"end":{"line":44,"column":43}},"15":{"start":{"line":45,"column":6},"end":{"line":45,"column":38}},"16":{"start":{"line":48,"column":6},"end":{"line":48,"column":42}},"17":{"start":{"line":52,"column":4},"end":{"line":52,"column":31}},"18":{"start":{"line":55,"column":4},"end":{"line":55,"column":40}},"19":{"start":{"line":60,"column":2},"end":{"line":98,"column":4}},"20":{"start":{"line":62,"column":4},"end":{"line":63,"column":16}},"21":{"start":{"line":66,"column":4},"end":{"line":66,"column":30}},"22":{"start":{"line":69,"column":4},"end":{"line":69,"column":20}},"23":{"start":{"line":72,"column":4},"end":{"line":72,"column":25}},"24":{"start":{"line":75,"column":4},"end":{"line":77,"column":7}},"25":{"start":{"line":76,"column":6},"end":{"line":76,"column":32}},"26":{"start":{"line":78,"column":4},"end":{"line":78,"column":34}},"27":{"start":{"line":81,"column":4},"end":{"line":83,"column":7}},"28":{"start":{"line":82,"column":6},"end":{"line":82,"column":32}},"29":{"start":{"line":84,"column":4},"end":{"line":84,"column":47}},"30":{"start":{"line":87,"column":4},"end":{"line":87,"column":28}},"31":{"start":{"line":90,"column":4},"end":{"line":90,"column":25}},"32":{"start":{"line":93,"column":4},"end":{"line":93,"column":51}},"33":{"start":{"line":96,"column":4},"end":{"line":96,"column":42}},"34":{"start":{"line":102,"column":2},"end":{"line":104,"column":4}},"35":{"start":{"line":103,"column":4},"end":{"line":103,"column":33}},"36":{"start":{"line":107,"column":2},"end":{"line":109,"column":4}},"37":{"start":{"line":108,"column":4},"end":{"line":108,"column":36}},"38":{"start":{"line":113,"column":2},"end":{"line":115,"column":4}},"39":{"start":{"line":114,"column":4},"end":{"line":114,"column":31}},"40":{"start":{"line":119,"column":2},"end":{"line":137,"column":4}},"41":{"start":{"line":121,"column":4},"end":{"line":122,"column":43}},"42":{"start":{"line":124,"column":4},"end":{"line":126,"column":5}},"43":{"start":{"line":125,"column":6},"end":{"line":125,"column":87}},"44":{"start":{"line":129,"column":4},"end":{"line":133,"column":6}},"45":{"start":{"line":135,"column":4},"end":{"line":135,"column":17}},"46":{"start":{"line":140,"column":2},"end":{"line":174,"column":4}},"47":{"start":{"line":142,"column":4},"end":{"line":143,"column":43}},"48":{"start":{"line":145,"column":4},"end":{"line":169,"column":5}},"49":{"start":{"line":147,"column":6},"end":{"line":149,"column":41}},"50":{"start":{"line":152,"column":6},"end":{"line":155,"column":7}},"51":{"start":{"line":153,"column":8},"end":{"line":153,"column":36}},"52":{"start":{"line":154,"column":8},"end":{"line":154,"column":15}},"53":{"start":{"line":157,"column":6},"end":{"line":159,"column":9}},"54":{"start":{"line":158,"column":8},"end":{"line":158,"column":30}},"55":{"start":{"line":161,"column":6},"end":{"line":165,"column":8}},"56":{"start":{"line":167,"column":6},"end":{"line":167,"column":29}},"57":{"start":{"line":171,"column":4},"end":{"line":171,"column":36}},"58":{"start":{"line":172,"column":4},"end":{"line":172,"column":19}},"59":{"start":{"line":178,"column":2},"end":{"line":206,"column":4}},"60":{"start":{"line":180,"column":4},"end":{"line":180,"column":45}},"61":{"start":{"line":181,"column":4},"end":{"line":181,"column":68}},"62":{"start":{"line":183,"column":4},"end":{"line":185,"column":5}},"63":{"start":{"line":184,"column":6},"end":{"line":184,"column":13}},"64":{"start":{"line":187,"column":4},"end":{"line":187,"column":41}},"65":{"start":{"line":188,"column":4},"end":{"line":188,"column":53}},"66":{"start":{"line":189,"column":4},"end":{"line":189,"column":43}},"67":{"start":{"line":190,"column":4},"end":{"line":190,"column":72}},"68":{"start":{"line":193,"column":4},"end":{"line":193,"column":34}},"69":{"start":{"line":196,"column":4},"end":{"line":196,"column":25}},"70":{"start":{"line":199,"column":4},"end":{"line":199,"column":28}},"71":{"start":{"line":201,"column":4},"end":{"line":204,"column":5}},"72":{"start":{"line":203,"column":6},"end":{"line":203,"column":57}},"73":{"start":{"line":210,"column":2},"end":{"line":218,"column":4}},"74":{"start":{"line":212,"column":4},"end":{"line":212,"column":70}},"75":{"start":{"line":214,"column":4},"end":{"line":214,"column":40}},"76":{"start":{"line":215,"column":4},"end":{"line":215,"column":37}},"77":{"start":{"line":216,"column":4},"end":{"line":216,"column":25}},"78":{"start":{"line":221,"column":2},"end":{"line":221,"column":16}},"79":{"start":{"line":223,"column":2},"end":{"line":223,"column":13}}},"branchMap":{"1":{"line":43,"type":"if","locations":[{"start":{"line":43,"column":4},"end":{"line":43,"column":4}},{"start":{"line":43,"column":4},"end":{"line":43,"column":4}}]},"2":{"line":124,"type":"if","locations":[{"start":{"line":124,"column":4},"end":{"line":124,"column":4}},{"start":{"line":124,"column":4},"end":{"line":124,"column":4}}]},"3":{"line":125,"type":"cond-expr","locations":[{"start":{"line":125,"column":53},"end":{"line":125,"column":74}},{"start":{"line":125,"column":77},"end":{"line":125,"column":86}}]},"4":{"line":152,"type":"if","locations":[{"start":{"line":152,"column":6},"end":{"line":152,"column":6}},{"start":{"line":152,"column":6},"end":{"line":152,"column":6}}]},"5":{"line":180,"type":"binary-expr","locations":[{"start":{"line":180,"column":14},"end":{"line":180,"column":21}},{"start":{"line":180,"column":25},"end":{"line":180,"column":44}}]},"6":{"line":181,"type":"cond-expr","locations":[{"start":{"line":181,"column":51},"end":{"line":181,"column":55}},{"start":{"line":181,"column":58},"end":{"line":181,"column":67}}]},"7":{"line":183,"type":"if","locations":[{"start":{"line":183,"column":4},"end":{"line":183,"column":4}},{"start":{"line":183,"column":4},"end":{"line":183,"column":4}}]},"8":{"line":201,"type":"if","locations":[{"start":{"line":201,"column":4},"end":{"line":201,"column":4}},{"start":{"line":201,"column":4},"end":{"line":201,"column":4}}]},"9":{"line":215,"type":"binary-expr","locations":[{"start":{"line":215,"column":21},"end":{"line":215,"column":28}},{"start":{"line":215,"column":32},"end":{"line":215,"column":34}}]},"10":{"line":225,"type":"binary-expr","locations":[{"start":{"line":225,"column":3},"end":{"line":225,"column":6}},{"start":{"line":225,"column":10},"end":{"line":225,"column":12}}]}}},"./src/static/js/modules/dom.js":{"path":"./src/static/js/modules/dom.js","s":{"1":1,"2":1,"3":0,"4":0,"5":0,"6":1,"7":0,"8":1,"9":0,"10":0,"11":0,"12":0,"13":0,"14":1,"15":0,"16":0,"17":0,"18":0,"19":1,"20":0,"21":0,"22":0,"23":1,"24":0,"25":0,"26":0,"27":1,"28":0,"29":0,"30":0,"31":1,"32":0,"33":0,"34":0,"35":0,"36":0,"37":1,"38":0,"39":0,"40":0,"41":0,"42":0,"43":0,"44":1,"45":0,"46":1,"47":0,"48":0,"49":1,"50":0,"51":0,"52":0,"53":0,"54":0,"55":0,"56":0,"57":0,"58":0,"59":1,"60":1,"61":0,"62":1,"63":1,"64":1},"b":{"1":[0,0],"2":[0,0],"3":[0,0],"4":[0,0],"5":[0,0],"6":[1,0]},"f":{"1":1,"2":0,"3":0,"4":0,"5":0,"6":0,"7":0,"8":0,"9":0,"10":0,"11":0,"12":0,"13":0,"14":0,"15":0,"16":1},"fnMap":{"1":{"name":"(anonymous_1)","line":7,"loc":{"start":{"line":7,"column":11},"end":{"line":7,"column":28}}},"2":{"name":"(anonymous_2)","line":16,"loc":{"start":{"line":16,"column":37},"end":{"line":16,"column":51}}},"3":{"name":"(anonymous_3)","line":27,"loc":{"start":{"line":27,"column":96},"end":{"line":27,"column":106}}},"4":{"name":"(anonymous_4)","line":32,"loc":{"start":{"line":32,"column":32},"end":{"line":32,"column":46}}},"5":{"name":"(anonymous_5)","line":46,"loc":{"start":{"line":46,"column":44},"end":{"line":46,"column":54}}},"6":{"name":"(anonymous_6)","line":59,"loc":{"start":{"line":59,"column":34},"end":{"line":59,"column":48}}},"7":{"name":"(anonymous_7)","line":71,"loc":{"start":{"line":71,"column":41},"end":{"line":71,"column":55}}},"8":{"name":"(anonymous_8)","line":83,"loc":{"start":{"line":83,"column":45},"end":{"line":83,"column":59}}},"9":{"name":"(anonymous_9)","line":95,"loc":{"start":{"line":95,"column":35},"end":{"line":95,"column":49}}},"10":{"name":"(anonymous_10)","line":111,"loc":{"start":{"line":111,"column":36},"end":{"line":111,"column":50}}},"11":{"name":"(anonymous_11)","line":130,"loc":{"start":{"line":130,"column":29},"end":{"line":130,"column":39}}},"12":{"name":"(anonymous_12)","line":135,"loc":{"start":{"line":135,"column":38},"end":{"line":135,"column":52}}},"13":{"name":"(anonymous_13)","line":143,"loc":{"start":{"line":143,"column":28},"end":{"line":143,"column":42}}},"14":{"name":"(anonymous_14)","line":151,"loc":{"start":{"line":151,"column":77},"end":{"line":151,"column":91}}},"15":{"name":"(anonymous_15)","line":166,"loc":{"start":{"line":166,"column":31},"end":{"line":166,"column":41}}},"16":{"name":"(anonymous_16)","line":172,"loc":{"start":{"line":172,"column":4},"end":{"line":172,"column":15}}}},"statementMap":{"1":{"start":{"line":7,"column":0},"end":{"line":178,"column":16}},"2":{"start":{"line":16,"column":2},"end":{"line":24,"column":5}},"3":{"start":{"line":18,"column":4},"end":{"line":18,"column":64}},"4":{"start":{"line":20,"column":4},"end":{"line":20,"column":24}},"5":{"start":{"line":22,"column":4},"end":{"line":22,"column":70}},"6":{"start":{"line":27,"column":2},"end":{"line":29,"column":12}},"7":{"start":{"line":28,"column":4},"end":{"line":28,"column":71}},"8":{"start":{"line":32,"column":2},"end":{"line":43,"column":5}},"9":{"start":{"line":34,"column":4},"end":{"line":34,"column":85}},"10":{"start":{"line":36,"column":4},"end":{"line":36,"column":24}},"11":{"start":{"line":37,"column":4},"end":{"line":37,"column":40}},"12":{"start":{"line":39,"column":4},"end":{"line":41,"column":5}},"13":{"start":{"line":40,"column":6},"end":{"line":40,"column":30}},"14":{"start":{"line":46,"column":2},"end":{"line":56,"column":5}},"15":{"start":{"line":48,"column":4},"end":{"line":48,"column":73}},"16":{"start":{"line":50,"column":4},"end":{"line":54,"column":5}},"17":{"start":{"line":51,"column":6},"end":{"line":51,"column":49}},"18":{"start":{"line":53,"column":6},"end":{"line":53,"column":49}},"19":{"start":{"line":59,"column":2},"end":{"line":68,"column":5}},"20":{"start":{"line":61,"column":4},"end":{"line":63,"column":60}},"21":{"start":{"line":65,"column":4},"end":{"line":65,"column":24}},"22":{"start":{"line":66,"column":4},"end":{"line":66,"column":28}},"23":{"start":{"line":71,"column":2},"end":{"line":80,"column":5}},"24":{"start":{"line":73,"column":4},"end":{"line":75,"column":60}},"25":{"start":{"line":77,"column":4},"end":{"line":77,"column":24}},"26":{"start":{"line":78,"column":4},"end":{"line":78,"column":28}},"27":{"start":{"line":83,"column":2},"end":{"line":92,"column":5}},"28":{"start":{"line":85,"column":4},"end":{"line":87,"column":90}},"29":{"start":{"line":89,"column":4},"end":{"line":89,"column":24}},"30":{"start":{"line":90,"column":4},"end":{"line":90,"column":28}},"31":{"start":{"line":95,"column":2},"end":{"line":108,"column":5}},"32":{"start":{"line":97,"column":4},"end":{"line":98,"column":26}},"33":{"start":{"line":100,"column":4},"end":{"line":100,"column":24}},"34":{"start":{"line":102,"column":4},"end":{"line":106,"column":5}},"35":{"start":{"line":103,"column":6},"end":{"line":103,"column":33}},"36":{"start":{"line":105,"column":6},"end":{"line":105,"column":33}},"37":{"start":{"line":111,"column":2},"end":{"line":127,"column":5}},"38":{"start":{"line":113,"column":4},"end":{"line":113,"column":35}},"39":{"start":{"line":115,"column":4},"end":{"line":115,"column":24}},"40":{"start":{"line":117,"column":4},"end":{"line":125,"column":5}},"41":{"start":{"line":119,"column":6},"end":{"line":123,"column":7}},"42":{"start":{"line":120,"column":8},"end":{"line":120,"column":32}},"43":{"start":{"line":122,"column":8},"end":{"line":122,"column":32}},"44":{"start":{"line":130,"column":2},"end":{"line":132,"column":5}},"45":{"start":{"line":131,"column":4},"end":{"line":131,"column":39}},"46":{"start":{"line":135,"column":2},"end":{"line":140,"column":5}},"47":{"start":{"line":137,"column":4},"end":{"line":137,"column":24}},"48":{"start":{"line":138,"column":4},"end":{"line":138,"column":72}},"49":{"start":{"line":143,"column":2},"end":{"line":159,"column":5}},"50":{"start":{"line":145,"column":4},"end":{"line":145,"column":24}},"51":{"start":{"line":147,"column":4},"end":{"line":147,"column":27}},"52":{"start":{"line":148,"column":4},"end":{"line":148,"column":39}},"53":{"start":{"line":149,"column":4},"end":{"line":149,"column":31}},"54":{"start":{"line":151,"column":4},"end":{"line":153,"column":7}},"55":{"start":{"line":152,"column":6},"end":{"line":152,"column":32}},"56":{"start":{"line":154,"column":4},"end":{"line":154,"column":34}},"57":{"start":{"line":156,"column":4},"end":{"line":156,"column":25}},"58":{"start":{"line":157,"column":4},"end":{"line":157,"column":80}},"59":{"start":{"line":162,"column":2},"end":{"line":162,"column":66}},"60":{"start":{"line":166,"column":2},"end":{"line":168,"column":5}},"61":{"start":{"line":167,"column":4},"end":{"line":167,"column":23}},"62":{"start":{"line":172,"column":2},"end":{"line":174,"column":5}},"63":{"start":{"line":173,"column":4},"end":{"line":173,"column":41}},"64":{"start":{"line":176,"column":2},"end":{"line":176,"column":13}}},"branchMap":{"1":{"line":39,"type":"if","locations":[{"start":{"line":39,"column":4},"end":{"line":39,"column":4}},{"start":{"line":39,"column":4},"end":{"line":39,"column":4}}]},"2":{"line":50,"type":"if","locations":[{"start":{"line":50,"column":4},"end":{"line":50,"column":4}},{"start":{"line":50,"column":4},"end":{"line":50,"column":4}}]},"3":{"line":102,"type":"if","locations":[{"start":{"line":102,"column":4},"end":{"line":102,"column":4}},{"start":{"line":102,"column":4},"end":{"line":102,"column":4}}]},"4":{"line":117,"type":"if","locations":[{"start":{"line":117,"column":4},"end":{"line":117,"column":4}},{"start":{"line":117,"column":4},"end":{"line":117,"column":4}}]},"5":{"line":119,"type":"if","locations":[{"start":{"line":119,"column":6},"end":{"line":119,"column":6}},{"start":{"line":119,"column":6},"end":{"line":119,"column":6}}]},"6":{"line":178,"type":"binary-expr","locations":[{"start":{"line":178,"column":3},"end":{"line":178,"column":6}},{"start":{"line":178,"column":10},"end":{"line":178,"column":12}}]}}},"./src/static/js/modules/form.js":{"path":"./src/static/js/modules/form.js","s":{"1":1,"2":1,"3":1,"4":1,"5":1,"6":0,"7":1,"8":1,"9":0,"10":0,"11":0,"12":0,"13":1,"14":0,"15":1,"16":0,"17":0,"18":0,"19":0,"20":0,"21":0,"22":1,"23":0,"24":0,"25":1,"26":0,"27":0,"28":0,"29":0,"30":0,"31":0,"32":0,"33":1,"34":0,"35":0,"36":0,"37":0,"38":0,"39":0,"40":0,"41":0,"42":1,"43":0,"44":0,"45":0,"46":0,"47":0,"48":0,"49":0,"50":0,"51":0,"52":1,"53":0,"54":0,"55":0,"56":0,"57":0,"58":0,"59":0,"60":0,"61":0,"62":1,"63":0,"64":0,"65":0,"66":0,"67":0,"68":0,"69":1,"70":0,"71":0,"72":0,"73":0,"74":0,"75":0,"76":0,"77":0,"78":1,"79":0,"80":1,"81":0,"82":0,"83":0,"84":1,"85":0,"86":0,"87":0,"88":0,"89":0,"90":0,"91":0,"92":0,"93":0,"94":0,"95":1,"96":0,"97":1,"98":0,"99":1,"100":0,"101":1,"102":0,"103":1,"104":0,"105":0,"106":0,"107":0,"108":0,"109":0,"110":0,"111":0,"112":0,"113":0,"114":0,"115":0,"116":0,"117":1,"118":0,"119":0,"120":0,"121":0,"122":1,"123":0,"124":0,"125":0,"126":0,"127":0,"128":0,"129":0,"130":0,"131":1,"132":0,"133":0,"134":1,"135":0,"136":0,"137":0,"138":0,"139":0,"140":0,"141":0,"142":1,"143":0,"144":0,"145":0,"146":0,"147":0,"148":0,"149":1,"150":0,"151":0,"152":0,"153":0,"154":0,"155":0,"156":1,"157":0,"158":0,"159":1,"160":0,"161":0,"162":1,"163":0,"164":1,"165":0,"166":0,"167":0,"168":0,"169":0,"170":0,"171":0,"172":0,"173":0,"174":0,"175":0,"176":0,"177":1,"178":0,"179":0,"180":0,"181":0,"182":0,"183":0,"184":1,"185":0,"186":0,"187":0,"188":1,"189":0,"190":0,"191":0,"192":0,"193":1,"194":0,"195":0,"196":1,"197":1},"b":{"1":[0,0],"2":[0,0],"3":[0,0],"4":[0,0],"5":[0,0],"6":[0,0],"7":[0,0],"8":[0,0],"9":[0,0],"10":[0,0],"11":[0,0],"12":[0,0],"13":[0,0],"14":[0,0],"15":[0,0],"16":[0,0],"17":[0,0],"18":[0,0],"19":[0,0],"20":[0,0],"21":[0,0],"22":[0,0],"23":[0,0],"24":[0,0],"25":[0,0],"26":[0,0],"27":[0,0],"28":[0,0],"29":[0,0],"30":[0,0],"31":[0,0],"32":[0,0],"33":[0,0,0],"34":[0,0],"35":[0,0],"36":[0,0],"37":[0,0],"38":[0,0],"39":[0,0],"40":[0,0],"41":[0,0,0],"42":[0,0],"43":[1,0]},"f":{"1":1,"2":0,"3":0,"4":0,"5":0,"6":0,"7":0,"8":0,"9":0,"10":0,"11":0,"12":0,"13":0,"14":0,"15":0,"16":0,"17":0,"18":0,"19":0,"20":0,"21":0,"22":0,"23":0,"24":0,"25":0,"26":0,"27":0,"28":0,"29":0,"30":0,"31":0,"32":0,"33":0,"34":0,"35":0,"36":0,"37":0,"38":0,"39":0,"40":0,"41":0,"42":0,"43":0,"44":0,"45":0,"46":0,"47":0,"48":0,"49":0},"fnMap":{"1":{"name":"(anonymous_1)","line":6,"loc":{"start":{"line":6,"column":11},"end":{"line":6,"column":28}}},"2":{"name":"(anonymous_2)","line":22,"loc":{"start":{"line":22,"column":14},"end":{"line":22,"column":25}}},"3":{"name":"(anonymous_3)","line":32,"loc":{"start":{"line":32,"column":28},"end":{"line":32,"column":51}}},"4":{"name":"(anonymous_4)","line":36,"loc":{"start":{"line":36,"column":16},"end":{"line":36,"column":26}}},"5":{"name":"(anonymous_5)","line":43,"loc":{"start":{"line":43,"column":30},"end":{"line":43,"column":41}}},"6":{"name":"(anonymous_6)","line":48,"loc":{"start":{"line":48,"column":20},"end":{"line":48,"column":35}}},"7":{"name":"(anonymous_7)","line":57,"loc":{"start":{"line":57,"column":60},"end":{"line":57,"column":70}}},"8":{"name":"(anonymous_8)","line":69,"loc":{"start":{"line":69,"column":20},"end":{"line":69,"column":35}}},"9":{"name":"(anonymous_9)","line":77,"loc":{"start":{"line":77,"column":22},"end":{"line":77,"column":33}}},"10":{"name":"(anonymous_10)","line":79,"loc":{"start":{"line":79,"column":26},"end":{"line":79,"column":36}}},"11":{"name":"(anonymous_11)","line":91,"loc":{"start":{"line":91,"column":30},"end":{"line":91,"column":40}}},"12":{"name":"(anonymous_12)","line":102,"loc":{"start":{"line":102,"column":24},"end":{"line":102,"column":35}}},"13":{"name":"(anonymous_13)","line":109,"loc":{"start":{"line":109,"column":43},"end":{"line":109,"column":60}}},"14":{"name":"(anonymous_14)","line":125,"loc":{"start":{"line":125,"column":18},"end":{"line":125,"column":34}}},"15":{"name":"(anonymous_15)","line":139,"loc":{"start":{"line":139,"column":30},"end":{"line":139,"column":41}}},"16":{"name":"(anonymous_16)","line":154,"loc":{"start":{"line":154,"column":18},"end":{"line":154,"column":34}}},"17":{"name":"(anonymous_17)","line":193,"loc":{"start":{"line":193,"column":19},"end":{"line":193,"column":30}}},"18":{"name":"(anonymous_18)","line":198,"loc":{"start":{"line":198,"column":18},"end":{"line":198,"column":28}}},"19":{"name":"(anonymous_19)","line":215,"loc":{"start":{"line":215,"column":18},"end":{"line":215,"column":35}}},"20":{"name":"(anonymous_20)","line":220,"loc":{"start":{"line":220,"column":29},"end":{"line":220,"column":44}}},"21":{"name":"(anonymous_21)","line":243,"loc":{"start":{"line":243,"column":19},"end":{"line":243,"column":39}}},"22":{"name":"emptyOptions","line":248,"loc":{"start":{"line":248,"column":4},"end":{"line":248,"column":42}}},"23":{"name":"(anonymous_23)","line":263,"loc":{"start":{"line":263,"column":28},"end":{"line":263,"column":57}}},"24":{"name":"(anonymous_24)","line":291,"loc":{"start":{"line":291,"column":23},"end":{"line":291,"column":40}}},"25":{"name":"filterDeps","line":299,"loc":{"start":{"line":299,"column":6},"end":{"line":299,"column":32}}},"26":{"name":"mapDeps","line":304,"loc":{"start":{"line":304,"column":6},"end":{"line":304,"column":29}}},"27":{"name":"mapCensus","line":312,"loc":{"start":{"line":312,"column":6},"end":{"line":312,"column":31}}},"28":{"name":"sortDeps","line":320,"loc":{"start":{"line":320,"column":6},"end":{"line":320,"column":30}}},"29":{"name":"cleanCounties","line":325,"loc":{"start":{"line":325,"column":6},"end":{"line":325,"column":36}}},"30":{"name":"(anonymous_30)","line":366,"loc":{"start":{"line":366,"column":25},"end":{"line":366,"column":49}}},"31":{"name":"(anonymous_31)","line":371,"loc":{"start":{"line":371,"column":24},"end":{"line":371,"column":43}}},"32":{"name":"(anonymous_32)","line":380,"loc":{"start":{"line":380,"column":27},"end":{"line":380,"column":61}}},"33":{"name":"(anonymous_33)","line":409,"loc":{"start":{"line":409,"column":20},"end":{"line":409,"column":35}}},"34":{"name":"(anonymous_34)","line":418,"loc":{"start":{"line":418,"column":21},"end":{"line":418,"column":32}}},"35":{"name":"(anonymous_35)","line":422,"loc":{"start":{"line":422,"column":18},"end":{"line":422,"column":29}}},"36":{"name":"(anonymous_36)","line":437,"loc":{"start":{"line":437,"column":22},"end":{"line":437,"column":37}}},"37":{"name":"(anonymous_37)","line":456,"loc":{"start":{"line":456,"column":21},"end":{"line":456,"column":36}}},"38":{"name":"(anonymous_38)","line":475,"loc":{"start":{"line":475,"column":19},"end":{"line":475,"column":34}}},"39":{"name":"(anonymous_39)","line":481,"loc":{"start":{"line":481,"column":19},"end":{"line":481,"column":34}}},"40":{"name":"(anonymous_40)","line":488,"loc":{"start":{"line":488,"column":19},"end":{"line":488,"column":37}}},"41":{"name":"emit","line":494,"loc":{"start":{"line":494,"column":4},"end":{"line":494,"column":48}}},"42":{"name":"(anonymous_42)","line":498,"loc":{"start":{"line":498,"column":22},"end":{"line":498,"column":38}}},"43":{"name":"(anonymous_43)","line":517,"loc":{"start":{"line":517,"column":34},"end":{"line":517,"column":56}}},"44":{"name":"(anonymous_44)","line":524,"loc":{"start":{"line":524,"column":34},"end":{"line":524,"column":56}}},"45":{"name":"(anonymous_45)","line":537,"loc":{"start":{"line":537,"column":32},"end":{"line":537,"column":50}}},"46":{"name":"(anonymous_46)","line":542,"loc":{"start":{"line":542,"column":22},"end":{"line":542,"column":38}}},"47":{"name":"(anonymous_47)","line":558,"loc":{"start":{"line":558,"column":18},"end":{"line":558,"column":34}}},"48":{"name":"(anonymous_48)","line":570,"loc":{"start":{"line":570,"column":24},"end":{"line":570,"column":49}}},"49":{"name":"(anonymous_49)","line":582,"loc":{"start":{"line":582,"column":25},"end":{"line":582,"column":36}}}},"statementMap":{"1":{"start":{"line":6,"column":0},"end":{"line":595,"column":16}},"2":{"start":{"line":13,"column":2},"end":{"line":13,"column":16}},"3":{"start":{"line":16,"column":2},"end":{"line":16,"column":23}},"4":{"start":{"line":19,"column":2},"end":{"line":19,"column":28}},"5":{"start":{"line":22,"column":2},"end":{"line":24,"column":4}},"6":{"start":{"line":23,"column":4},"end":{"line":23,"column":43}},"7":{"start":{"line":27,"column":2},"end":{"line":29,"column":5}},"8":{"start":{"line":32,"column":2},"end":{"line":40,"column":5}},"9":{"start":{"line":34,"column":4},"end":{"line":34,"column":36}},"10":{"start":{"line":35,"column":4},"end":{"line":35,"column":29}},"11":{"start":{"line":36,"column":4},"end":{"line":38,"column":13}},"12":{"start":{"line":37,"column":6},"end":{"line":37,"column":38}},"13":{"start":{"line":43,"column":2},"end":{"line":45,"column":4}},"14":{"start":{"line":44,"column":4},"end":{"line":44,"column":36}},"15":{"start":{"line":48,"column":2},"end":{"line":66,"column":4}},"16":{"start":{"line":50,"column":4},"end":{"line":52,"column":57}},"17":{"start":{"line":56,"column":4},"end":{"line":56,"column":38}},"18":{"start":{"line":57,"column":4},"end":{"line":61,"column":7}},"19":{"start":{"line":60,"column":6},"end":{"line":60,"column":38}},"20":{"start":{"line":63,"column":4},"end":{"line":63,"column":50}},"21":{"start":{"line":64,"column":4},"end":{"line":64,"column":49}},"22":{"start":{"line":69,"column":2},"end":{"line":74,"column":4}},"23":{"start":{"line":71,"column":4},"end":{"line":71,"column":106}},"24":{"start":{"line":72,"column":4},"end":{"line":72,"column":50}},"25":{"start":{"line":77,"column":2},"end":{"line":99,"column":4}},"26":{"start":{"line":79,"column":4},"end":{"line":88,"column":7}},"27":{"start":{"line":81,"column":6},"end":{"line":82,"column":60}},"28":{"start":{"line":84,"column":6},"end":{"line":86,"column":7}},"29":{"start":{"line":85,"column":8},"end":{"line":85,"column":45}},"30":{"start":{"line":91,"column":4},"end":{"line":97,"column":7}},"31":{"start":{"line":93,"column":6},"end":{"line":95,"column":7}},"32":{"start":{"line":94,"column":8},"end":{"line":94,"column":70}},"33":{"start":{"line":102,"column":2},"end":{"line":122,"column":4}},"34":{"start":{"line":104,"column":4},"end":{"line":106,"column":24}},"35":{"start":{"line":109,"column":4},"end":{"line":114,"column":7}},"36":{"start":{"line":110,"column":6},"end":{"line":110,"column":61}},"37":{"start":{"line":111,"column":6},"end":{"line":113,"column":7}},"38":{"start":{"line":112,"column":8},"end":{"line":112,"column":67}},"39":{"start":{"line":117,"column":4},"end":{"line":120,"column":5}},"40":{"start":{"line":118,"column":6},"end":{"line":118,"column":25}},"41":{"start":{"line":119,"column":6},"end":{"line":119,"column":40}},"42":{"start":{"line":125,"column":2},"end":{"line":150,"column":4}},"43":{"start":{"line":127,"column":4},"end":{"line":127,"column":41}},"44":{"start":{"line":130,"column":4},"end":{"line":145,"column":5}},"45":{"start":{"line":132,"column":6},"end":{"line":134,"column":7}},"46":{"start":{"line":133,"column":8},"end":{"line":133,"column":37}},"47":{"start":{"line":137,"column":11},"end":{"line":145,"column":5}},"48":{"start":{"line":139,"column":6},"end":{"line":141,"column":9}},"49":{"start":{"line":140,"column":8},"end":{"line":140,"column":36}},"50":{"start":{"line":143,"column":6},"end":{"line":143,"column":17}},"51":{"start":{"line":148,"column":4},"end":{"line":148,"column":17}},"52":{"start":{"line":154,"column":2},"end":{"line":190,"column":4}},"53":{"start":{"line":156,"column":4},"end":{"line":161,"column":25}},"54":{"start":{"line":165,"column":4},"end":{"line":167,"column":5}},"55":{"start":{"line":166,"column":6},"end":{"line":166,"column":19}},"56":{"start":{"line":171,"column":4},"end":{"line":177,"column":5}},"57":{"start":{"line":172,"column":6},"end":{"line":176,"column":7}},"58":{"start":{"line":173,"column":8},"end":{"line":173,"column":21}},"59":{"start":{"line":175,"column":8},"end":{"line":175,"column":40}},"60":{"start":{"line":180,"column":4},"end":{"line":186,"column":6}},"61":{"start":{"line":188,"column":4},"end":{"line":188,"column":17}},"62":{"start":{"line":193,"column":2},"end":{"line":211,"column":4}},"63":{"start":{"line":195,"column":4},"end":{"line":196,"column":45}},"64":{"start":{"line":198,"column":4},"end":{"line":207,"column":7}},"65":{"start":{"line":200,"column":6},"end":{"line":201,"column":45}},"66":{"start":{"line":203,"column":6},"end":{"line":205,"column":7}},"67":{"start":{"line":204,"column":8},"end":{"line":204,"column":29}},"68":{"start":{"line":209,"column":4},"end":{"line":209,"column":18}},"69":{"start":{"line":215,"column":2},"end":{"line":240,"column":4}},"70":{"start":{"line":217,"column":4},"end":{"line":218,"column":31}},"71":{"start":{"line":220,"column":4},"end":{"line":228,"column":7}},"72":{"start":{"line":223,"column":6},"end":{"line":223,"column":79}},"73":{"start":{"line":226,"column":6},"end":{"line":226,"column":85}},"74":{"start":{"line":231,"column":4},"end":{"line":231,"column":80}},"75":{"start":{"line":234,"column":4},"end":{"line":238,"column":5}},"76":{"start":{"line":235,"column":6},"end":{"line":235,"column":121}},"77":{"start":{"line":237,"column":6},"end":{"line":237,"column":70}},"78":{"start":{"line":243,"column":2},"end":{"line":260,"column":4}},"79":{"start":{"line":245,"column":4},"end":{"line":246,"column":44}},"80":{"start":{"line":248,"column":4},"end":{"line":256,"column":5}},"81":{"start":{"line":251,"column":6},"end":{"line":251,"column":40}},"82":{"start":{"line":254,"column":6},"end":{"line":254,"column":51}},"83":{"start":{"line":258,"column":4},"end":{"line":258,"column":67}},"84":{"start":{"line":263,"column":2},"end":{"line":363,"column":4}},"85":{"start":{"line":266,"column":4},"end":{"line":268,"column":5}},"86":{"start":{"line":267,"column":6},"end":{"line":267,"column":19}},"87":{"start":{"line":270,"column":4},"end":{"line":272,"column":5}},"88":{"start":{"line":271,"column":6},"end":{"line":271,"column":46}},"89":{"start":{"line":274,"column":4},"end":{"line":274,"column":37}},"90":{"start":{"line":277,"column":4},"end":{"line":277,"column":45}},"91":{"start":{"line":280,"column":4},"end":{"line":280,"column":26}},"92":{"start":{"line":284,"column":4},"end":{"line":287,"column":71}},"93":{"start":{"line":291,"column":4},"end":{"line":361,"column":20}},"94":{"start":{"line":295,"column":6},"end":{"line":296,"column":98}},"95":{"start":{"line":299,"column":6},"end":{"line":301,"column":7}},"96":{"start":{"line":300,"column":8},"end":{"line":300,"column":61}},"97":{"start":{"line":304,"column":6},"end":{"line":309,"column":7}},"98":{"start":{"line":305,"column":8},"end":{"line":308,"column":10}},"99":{"start":{"line":312,"column":6},"end":{"line":317,"column":7}},"100":{"start":{"line":313,"column":8},"end":{"line":316,"column":10}},"101":{"start":{"line":320,"column":6},"end":{"line":322,"column":7}},"102":{"start":{"line":321,"column":8},"end":{"line":321,"column":25}},"103":{"start":{"line":325,"column":6},"end":{"line":333,"column":7}},"104":{"start":{"line":326,"column":8},"end":{"line":331,"column":9}},"105":{"start":{"line":327,"column":10},"end":{"line":330,"column":12}},"106":{"start":{"line":332,"column":8},"end":{"line":332,"column":19}},"107":{"start":{"line":336,"column":6},"end":{"line":344,"column":7}},"108":{"start":{"line":338,"column":8},"end":{"line":338,"column":123}},"109":{"start":{"line":339,"column":8},"end":{"line":339,"column":44}},"110":{"start":{"line":342,"column":8},"end":{"line":342,"column":48}},"111":{"start":{"line":347,"column":6},"end":{"line":355,"column":7}},"112":{"start":{"line":349,"column":8},"end":{"line":349,"column":80}},"113":{"start":{"line":350,"column":8},"end":{"line":350,"column":44}},"114":{"start":{"line":353,"column":8},"end":{"line":353,"column":48}},"115":{"start":{"line":357,"column":6},"end":{"line":357,"column":47}},"116":{"start":{"line":359,"column":6},"end":{"line":359,"column":39}},"117":{"start":{"line":366,"column":2},"end":{"line":377,"column":4}},"118":{"start":{"line":368,"column":4},"end":{"line":369,"column":40}},"119":{"start":{"line":371,"column":4},"end":{"line":373,"column":7}},"120":{"start":{"line":372,"column":6},"end":{"line":372,"column":44}},"121":{"start":{"line":375,"column":4},"end":{"line":375,"column":38}},"122":{"start":{"line":380,"column":2},"end":{"line":405,"column":4}},"123":{"start":{"line":382,"column":4},"end":{"line":382,"column":16}},"124":{"start":{"line":384,"column":4},"end":{"line":401,"column":5}},"125":{"start":{"line":388,"column":8},"end":{"line":388,"column":81}},"126":{"start":{"line":389,"column":8},"end":{"line":389,"column":14}},"127":{"start":{"line":394,"column":8},"end":{"line":394,"column":162}},"128":{"start":{"line":395,"column":8},"end":{"line":395,"column":14}},"129":{"start":{"line":399,"column":8},"end":{"line":399,"column":112}},"130":{"start":{"line":403,"column":4},"end":{"line":403,"column":19}},"131":{"start":{"line":409,"column":2},"end":{"line":414,"column":4}},"132":{"start":{"line":411,"column":4},"end":{"line":411,"column":36}},"133":{"start":{"line":412,"column":4},"end":{"line":412,"column":52}},"134":{"start":{"line":418,"column":2},"end":{"line":434,"column":4}},"135":{"start":{"line":420,"column":4},"end":{"line":420,"column":45}},"136":{"start":{"line":422,"column":4},"end":{"line":432,"column":7}},"137":{"start":{"line":424,"column":8},"end":{"line":424,"column":70}},"138":{"start":{"line":427,"column":8},"end":{"line":427,"column":74}},"139":{"start":{"line":428,"column":8},"end":{"line":428,"column":77}},"140":{"start":{"line":429,"column":8},"end":{"line":429,"column":58}},"141":{"start":{"line":430,"column":8},"end":{"line":430,"column":73}},"142":{"start":{"line":437,"column":2},"end":{"line":453,"column":4}},"143":{"start":{"line":439,"column":4},"end":{"line":441,"column":20}},"144":{"start":{"line":443,"column":4},"end":{"line":443,"column":80}},"145":{"start":{"line":446,"column":4},"end":{"line":449,"column":5}},"146":{"start":{"line":447,"column":6},"end":{"line":447,"column":52}},"147":{"start":{"line":448,"column":6},"end":{"line":448,"column":77}},"148":{"start":{"line":451,"column":4},"end":{"line":451,"column":14}},"149":{"start":{"line":456,"column":2},"end":{"line":472,"column":4}},"150":{"start":{"line":458,"column":4},"end":{"line":460,"column":20}},"151":{"start":{"line":462,"column":4},"end":{"line":462,"column":102}},"152":{"start":{"line":465,"column":4},"end":{"line":468,"column":5}},"153":{"start":{"line":466,"column":6},"end":{"line":466,"column":53}},"154":{"start":{"line":467,"column":6},"end":{"line":467,"column":77}},"155":{"start":{"line":470,"column":4},"end":{"line":470,"column":14}},"156":{"start":{"line":475,"column":2},"end":{"line":478,"column":4}},"157":{"start":{"line":476,"column":4},"end":{"line":476,"column":31}},"158":{"start":{"line":477,"column":4},"end":{"line":477,"column":14}},"159":{"start":{"line":481,"column":2},"end":{"line":484,"column":4}},"160":{"start":{"line":482,"column":4},"end":{"line":482,"column":34}},"161":{"start":{"line":483,"column":4},"end":{"line":483,"column":14}},"162":{"start":{"line":488,"column":2},"end":{"line":533,"column":4}},"163":{"start":{"line":491,"column":4},"end":{"line":491,"column":55}},"164":{"start":{"line":494,"column":4},"end":{"line":496,"column":5}},"165":{"start":{"line":495,"column":6},"end":{"line":495,"column":72}},"166":{"start":{"line":498,"column":4},"end":{"line":531,"column":7}},"167":{"start":{"line":502,"column":6},"end":{"line":504,"column":22}},"168":{"start":{"line":507,"column":6},"end":{"line":529,"column":7}},"169":{"start":{"line":511,"column":8},"end":{"line":511,"column":55}},"170":{"start":{"line":512,"column":8},"end":{"line":512,"column":62}},"171":{"start":{"line":516,"column":8},"end":{"line":527,"column":9}},"172":{"start":{"line":517,"column":10},"end":{"line":522,"column":13}},"173":{"start":{"line":520,"column":12},"end":{"line":520,"column":59}},"174":{"start":{"line":521,"column":12},"end":{"line":521,"column":54}},"175":{"start":{"line":524,"column":10},"end":{"line":526,"column":13}},"176":{"start":{"line":525,"column":12},"end":{"line":525,"column":57}},"177":{"start":{"line":537,"column":2},"end":{"line":555,"column":4}},"178":{"start":{"line":540,"column":4},"end":{"line":540,"column":55}},"179":{"start":{"line":542,"column":4},"end":{"line":553,"column":7}},"180":{"start":{"line":544,"column":6},"end":{"line":545,"column":57}},"181":{"start":{"line":547,"column":6},"end":{"line":551,"column":7}},"182":{"start":{"line":548,"column":8},"end":{"line":548,"column":38}},"183":{"start":{"line":550,"column":8},"end":{"line":550,"column":37}},"184":{"start":{"line":558,"column":2},"end":{"line":565,"column":4}},"185":{"start":{"line":560,"column":4},"end":{"line":560,"column":42}},"186":{"start":{"line":562,"column":4},"end":{"line":562,"column":104}},"187":{"start":{"line":563,"column":4},"end":{"line":563,"column":132}},"188":{"start":{"line":570,"column":2},"end":{"line":579,"column":4}},"189":{"start":{"line":572,"column":4},"end":{"line":577,"column":5}},"190":{"start":{"line":573,"column":6},"end":{"line":573,"column":41}},"191":{"start":{"line":575,"column":6},"end":{"line":575,"column":44}},"192":{"start":{"line":576,"column":6},"end":{"line":576,"column":75}},"193":{"start":{"line":582,"column":2},"end":{"line":589,"column":4}},"194":{"start":{"line":584,"column":4},"end":{"line":585,"column":58}},"195":{"start":{"line":587,"column":4},"end":{"line":587,"column":48}},"196":{"start":{"line":591,"column":2},"end":{"line":591,"column":18}},"197":{"start":{"line":593,"column":2},"end":{"line":593,"column":13}}},"branchMap":{"1":{"line":84,"type":"if","locations":[{"start":{"line":84,"column":6},"end":{"line":84,"column":6}},{"start":{"line":84,"column":6},"end":{"line":84,"column":6}}]},"2":{"line":84,"type":"binary-expr","locations":[{"start":{"line":84,"column":11},"end":{"line":84,"column":35}},{"start":{"line":84,"column":39},"end":{"line":84,"column":63}}]},"3":{"line":93,"type":"if","locations":[{"start":{"line":93,"column":6},"end":{"line":93,"column":6}},{"start":{"line":93,"column":6},"end":{"line":93,"column":6}}]},"4":{"line":111,"type":"if","locations":[{"start":{"line":111,"column":6},"end":{"line":111,"column":6}},{"start":{"line":111,"column":6},"end":{"line":111,"column":6}}]},"5":{"line":111,"type":"binary-expr","locations":[{"start":{"line":111,"column":11},"end":{"line":111,"column":21}},{"start":{"line":111,"column":25},"end":{"line":111,"column":46}}]},"6":{"line":130,"type":"if","locations":[{"start":{"line":130,"column":4},"end":{"line":130,"column":4}},{"start":{"line":130,"column":4},"end":{"line":130,"column":4}}]},"7":{"line":130,"type":"binary-expr","locations":[{"start":{"line":130,"column":9},"end":{"line":130,"column":56}},{"start":{"line":130,"column":60},"end":{"line":130,"column":88}}]},"8":{"line":132,"type":"if","locations":[{"start":{"line":132,"column":6},"end":{"line":132,"column":6}},{"start":{"line":132,"column":6},"end":{"line":132,"column":6}}]},"9":{"line":137,"type":"if","locations":[{"start":{"line":137,"column":11},"end":{"line":137,"column":11}},{"start":{"line":137,"column":11},"end":{"line":137,"column":11}}]},"10":{"line":137,"type":"binary-expr","locations":[{"start":{"line":137,"column":40},"end":{"line":137,"column":50}},{"start":{"line":137,"column":54},"end":{"line":137,"column":61}}]},"11":{"line":158,"type":"binary-expr","locations":[{"start":{"line":158,"column":15},"end":{"line":158,"column":31}},{"start":{"line":158,"column":35},"end":{"line":158,"column":44}}]},"12":{"line":159,"type":"cond-expr","locations":[{"start":{"line":159,"column":61},"end":{"line":159,"column":89}},{"start":{"line":159,"column":92},"end":{"line":159,"column":101}}]},"13":{"line":159,"type":"binary-expr","locations":[{"start":{"line":159,"column":16},"end":{"line":159,"column":25}},{"start":{"line":159,"column":29},"end":{"line":159,"column":58}}]},"14":{"line":165,"type":"if","locations":[{"start":{"line":165,"column":4},"end":{"line":165,"column":4}},{"start":{"line":165,"column":4},"end":{"line":165,"column":4}}]},"15":{"line":165,"type":"binary-expr","locations":[{"start":{"line":165,"column":9},"end":{"line":165,"column":29}},{"start":{"line":165,"column":33},"end":{"line":165,"column":39}}]},"16":{"line":165,"type":"binary-expr","locations":[{"start":{"line":165,"column":12},"end":{"line":165,"column":19}},{"start":{"line":165,"column":23},"end":{"line":165,"column":27}}]},"17":{"line":171,"type":"if","locations":[{"start":{"line":171,"column":4},"end":{"line":171,"column":4}},{"start":{"line":171,"column":4},"end":{"line":171,"column":4}}]},"18":{"line":171,"type":"binary-expr","locations":[{"start":{"line":171,"column":9},"end":{"line":171,"column":25}},{"start":{"line":171,"column":29},"end":{"line":171,"column":48}}]},"19":{"line":172,"type":"if","locations":[{"start":{"line":172,"column":6},"end":{"line":172,"column":6}},{"start":{"line":172,"column":6},"end":{"line":172,"column":6}}]},"20":{"line":184,"type":"cond-expr","locations":[{"start":{"line":184,"column":39},"end":{"line":184,"column":44}},{"start":{"line":184,"column":47},"end":{"line":184,"column":56}}]},"21":{"line":185,"type":"cond-expr","locations":[{"start":{"line":185,"column":56},"end":{"line":185,"column":59}},{"start":{"line":185,"column":62},"end":{"line":185,"column":84}}]},"22":{"line":203,"type":"if","locations":[{"start":{"line":203,"column":6},"end":{"line":203,"column":6}},{"start":{"line":203,"column":6},"end":{"line":203,"column":6}}]},"23":{"line":234,"type":"if","locations":[{"start":{"line":234,"column":4},"end":{"line":234,"column":4}},{"start":{"line":234,"column":4},"end":{"line":234,"column":4}}]},"24":{"line":245,"type":"binary-expr","locations":[{"start":{"line":245,"column":15},"end":{"line":245,"column":22}},{"start":{"line":245,"column":26},"end":{"line":245,"column":28}}]},"25":{"line":258,"type":"cond-expr","locations":[{"start":{"line":258,"column":36},"end":{"line":258,"column":48}},{"start":{"line":258,"column":51},"end":{"line":258,"column":64}}]},"26":{"line":266,"type":"if","locations":[{"start":{"line":266,"column":4},"end":{"line":266,"column":4}},{"start":{"line":266,"column":4},"end":{"line":266,"column":4}}]},"27":{"line":270,"type":"if","locations":[{"start":{"line":270,"column":4},"end":{"line":270,"column":4}},{"start":{"line":270,"column":4},"end":{"line":270,"column":4}}]},"28":{"line":284,"type":"binary-expr","locations":[{"start":{"line":284,"column":18},"end":{"line":284,"column":54}},{"start":{"line":284,"column":58},"end":{"line":284,"column":89}}]},"29":{"line":286,"type":"binary-expr","locations":[{"start":{"line":286,"column":26},"end":{"line":286,"column":71}},{"start":{"line":286,"column":75},"end":{"line":286,"column":106}}]},"30":{"line":326,"type":"if","locations":[{"start":{"line":326,"column":8},"end":{"line":326,"column":8}},{"start":{"line":326,"column":8},"end":{"line":326,"column":8}}]},"31":{"line":336,"type":"if","locations":[{"start":{"line":336,"column":6},"end":{"line":336,"column":6}},{"start":{"line":336,"column":6},"end":{"line":336,"column":6}}]},"32":{"line":347,"type":"if","locations":[{"start":{"line":347,"column":6},"end":{"line":347,"column":6}},{"start":{"line":347,"column":6},"end":{"line":347,"column":6}}]},"33":{"line":384,"type":"switch","locations":[{"start":{"line":387,"column":6},"end":{"line":389,"column":14}},{"start":{"line":393,"column":6},"end":{"line":395,"column":14}},{"start":{"line":398,"column":6},"end":{"line":399,"column":112}}]},"34":{"line":446,"type":"if","locations":[{"start":{"line":446,"column":4},"end":{"line":446,"column":4}},{"start":{"line":446,"column":4},"end":{"line":446,"column":4}}]},"35":{"line":465,"type":"if","locations":[{"start":{"line":465,"column":4},"end":{"line":465,"column":4}},{"start":{"line":465,"column":4},"end":{"line":465,"column":4}}]},"36":{"line":491,"type":"cond-expr","locations":[{"start":{"line":491,"column":37},"end":{"line":491,"column":42}},{"start":{"line":491,"column":45},"end":{"line":491,"column":54}}]},"37":{"line":507,"type":"if","locations":[{"start":{"line":507,"column":6},"end":{"line":507,"column":6}},{"start":{"line":507,"column":6},"end":{"line":507,"column":6}}]},"38":{"line":516,"type":"if","locations":[{"start":{"line":516,"column":8},"end":{"line":516,"column":8}},{"start":{"line":516,"column":8},"end":{"line":516,"column":8}}]},"39":{"line":540,"type":"cond-expr","locations":[{"start":{"line":540,"column":37},"end":{"line":540,"column":42}},{"start":{"line":540,"column":45},"end":{"line":540,"column":54}}]},"40":{"line":547,"type":"if","locations":[{"start":{"line":547,"column":6},"end":{"line":547,"column":6}},{"start":{"line":547,"column":6},"end":{"line":547,"column":6}}]},"41":{"line":547,"type":"binary-expr","locations":[{"start":{"line":547,"column":11},"end":{"line":547,"column":30}},{"start":{"line":547,"column":34},"end":{"line":547,"column":43}},{"start":{"line":547,"column":47},"end":{"line":547,"column":67}}]},"42":{"line":572,"type":"if","locations":[{"start":{"line":572,"column":4},"end":{"line":572,"column":4}},{"start":{"line":572,"column":4},"end":{"line":572,"column":4}}]},"43":{"line":595,"type":"binary-expr","locations":[{"start":{"line":595,"column":3},"end":{"line":595,"column":6}},{"start":{"line":595,"column":10},"end":{"line":595,"column":12}}]}}},"./src/static/js/modules/observer.js":{"path":"./src/static/js/modules/observer.js","s":{"1":1,"2":1,"3":1,"4":1},"b":{"1":[1,0]},"f":{"1":1},"fnMap":{"1":{"name":"(anonymous_1)","line":6,"loc":{"start":{"line":6,"column":11},"end":{"line":6,"column":28}}}},"statementMap":{"1":{"start":{"line":6,"column":0},"end":{"line":22,"column":16}},"2":{"start":{"line":15,"column":2},"end":{"line":15,"column":36}},"3":{"start":{"line":18,"column":2},"end":{"line":18,"column":26}},"4":{"start":{"line":20,"column":2},"end":{"line":20,"column":13}}},"branchMap":{"1":{"line":22,"type":"binary-expr","locations":[{"start":{"line":22,"column":3},"end":{"line":22,"column":6}},{"start":{"line":22,"column":10},"end":{"line":22,"column":12}}]}}},"./src/static/js/modules/preview.js":{"path":"./src/static/js/modules/preview.js","s":{"1":1,"2":1,"3":1,"4":1,"5":1,"6":1,"7":1,"8":0,"9":0,"10":0,"11":0,"12":0,"13":1,"14":0,"15":0,"16":0,"17":0,"18":1,"19":0,"20":0,"21":0,"22":1,"23":0,"24":0,"25":1,"26":0,"27":0,"28":1,"29":0,"30":0,"31":0,"32":0,"33":1,"34":1,"35":0,"36":0,"37":0,"38":0,"39":1,"40":0,"41":0,"42":1,"43":0,"44":0,"45":0,"46":0,"47":0,"48":0,"49":0,"50":0,"51":0,"52":0,"53":0,"54":0,"55":0,"56":0,"57":0,"58":0,"59":0,"60":0,"61":1,"62":0,"63":0,"64":0,"65":0,"66":0,"67":0,"68":0,"69":0,"70":0,"71":1,"72":0,"73":0,"74":0,"75":0,"76":0,"77":0,"78":0,"79":1,"80":0,"81":0,"82":0,"83":0,"84":0,"85":0,"86":0,"87":0,"88":0,"89":0,"90":0,"91":0,"92":1,"93":1},"b":{"1":[0,0],"2":[0,0],"3":[0,0],"4":[0,0],"5":[0,0],"6":[0,0],"7":[0,0],"8":[0,0],"9":[0,0],"10":[0,0],"11":[0,0],"12":[1,0]},"f":{"1":1,"2":0,"3":0,"4":0,"5":0,"6":0,"7":0,"8":0,"9":0,"10":0,"11":0,"12":0,"13":0,"14":0,"15":0,"16":0,"17":0,"18":0,"19":0,"20":0},"fnMap":{"1":{"name":"(anonymous_1)","line":6,"loc":{"start":{"line":6,"column":11},"end":{"line":6,"column":28}}},"2":{"name":"(anonymous_2)","line":34,"loc":{"start":{"line":34,"column":25},"end":{"line":34,"column":36}}},"3":{"name":"(anonymous_3)","line":45,"loc":{"start":{"line":45,"column":24},"end":{"line":45,"column":35}}},"4":{"name":"(anonymous_4)","line":55,"loc":{"start":{"line":55,"column":22},"end":{"line":55,"column":33}}},"5":{"name":"(anonymous_5)","line":64,"loc":{"start":{"line":64,"column":22},"end":{"line":64,"column":33}}},"6":{"name":"(anonymous_6)","line":72,"loc":{"start":{"line":72,"column":24},"end":{"line":72,"column":35}}},"7":{"name":"(anonymous_7)","line":80,"loc":{"start":{"line":80,"column":25},"end":{"line":80,"column":36}}},"8":{"name":"(anonymous_8)","line":94,"loc":{"start":{"line":94,"column":30},"end":{"line":94,"column":41}}},"9":{"name":"(anonymous_9)","line":107,"loc":{"start":{"line":107,"column":19},"end":{"line":107,"column":30}}},"10":{"name":"_abort","line":116,"loc":{"start":{"line":116,"column":4},"end":{"line":116,"column":40}}},"11":{"name":"(anonymous_11)","line":128,"loc":{"start":{"line":128,"column":18},"end":{"line":128,"column":35}}},"12":{"name":"(anonymous_12)","line":144,"loc":{"start":{"line":144,"column":23},"end":{"line":144,"column":33}}},"13":{"name":"(anonymous_13)","line":153,"loc":{"start":{"line":153,"column":22},"end":{"line":153,"column":40}}},"14":{"name":"(anonymous_14)","line":163,"loc":{"start":{"line":163,"column":39},"end":{"line":163,"column":62}}},"15":{"name":"(anonymous_15)","line":183,"loc":{"start":{"line":183,"column":31},"end":{"line":183,"column":42}}},"16":{"name":"(anonymous_16)","line":205,"loc":{"start":{"line":205,"column":24},"end":{"line":205,"column":41}}},"17":{"name":"(anonymous_17)","line":240,"loc":{"start":{"line":240,"column":26},"end":{"line":240,"column":41}}},"18":{"name":"(anonymous_18)","line":244,"loc":{"start":{"line":244,"column":25},"end":{"line":244,"column":40}}},"19":{"name":"(anonymous_19)","line":249,"loc":{"start":{"line":249,"column":26},"end":{"line":249,"column":48}}},"20":{"name":"(anonymous_20)","line":255,"loc":{"start":{"line":255,"column":27},"end":{"line":255,"column":44}}}},"statementMap":{"1":{"start":{"line":6,"column":0},"end":{"line":277,"column":16}},"2":{"start":{"line":13,"column":2},"end":{"line":13,"column":19}},"3":{"start":{"line":16,"column":2},"end":{"line":16,"column":30}},"4":{"start":{"line":19,"column":2},"end":{"line":19,"column":46}},"5":{"start":{"line":22,"column":2},"end":{"line":22,"column":28}},"6":{"start":{"line":25,"column":2},"end":{"line":30,"column":4}},"7":{"start":{"line":34,"column":2},"end":{"line":42,"column":4}},"8":{"start":{"line":36,"column":4},"end":{"line":36,"column":33}},"9":{"start":{"line":37,"column":4},"end":{"line":37,"column":37}},"10":{"start":{"line":38,"column":4},"end":{"line":38,"column":45}},"11":{"start":{"line":39,"column":4},"end":{"line":39,"column":39}},"12":{"start":{"line":40,"column":4},"end":{"line":40,"column":45}},"13":{"start":{"line":45,"column":2},"end":{"line":52,"column":4}},"14":{"start":{"line":47,"column":4},"end":{"line":47,"column":36}},"15":{"start":{"line":48,"column":4},"end":{"line":48,"column":40}},"16":{"start":{"line":49,"column":4},"end":{"line":49,"column":45}},"17":{"start":{"line":50,"column":4},"end":{"line":50,"column":39}},"18":{"start":{"line":55,"column":2},"end":{"line":61,"column":4}},"19":{"start":{"line":57,"column":4},"end":{"line":57,"column":30}},"20":{"start":{"line":58,"column":4},"end":{"line":58,"column":23}},"21":{"start":{"line":59,"column":4},"end":{"line":59,"column":40}},"22":{"start":{"line":64,"column":2},"end":{"line":69,"column":4}},"23":{"start":{"line":66,"column":4},"end":{"line":66,"column":28}},"24":{"start":{"line":67,"column":4},"end":{"line":67,"column":37}},"25":{"start":{"line":72,"column":2},"end":{"line":77,"column":4}},"26":{"start":{"line":74,"column":4},"end":{"line":74,"column":49}},"27":{"start":{"line":75,"column":4},"end":{"line":75,"column":30}},"28":{"start":{"line":80,"column":2},"end":{"line":88,"column":4}},"29":{"start":{"line":82,"column":4},"end":{"line":82,"column":38}},"30":{"start":{"line":84,"column":4},"end":{"line":84,"column":32}},"31":{"start":{"line":85,"column":4},"end":{"line":85,"column":120}},"32":{"start":{"line":86,"column":4},"end":{"line":86,"column":37}},"33":{"start":{"line":91,"column":2},"end":{"line":91,"column":50}},"34":{"start":{"line":94,"column":2},"end":{"line":104,"column":4}},"35":{"start":{"line":96,"column":4},"end":{"line":97,"column":43}},"36":{"start":{"line":99,"column":4},"end":{"line":99,"column":52}},"37":{"start":{"line":100,"column":4},"end":{"line":100,"column":50}},"38":{"start":{"line":102,"column":4},"end":{"line":102,"column":19}},"39":{"start":{"line":107,"column":2},"end":{"line":150,"column":4}},"40":{"start":{"line":109,"column":4},"end":{"line":111,"column":16}},"41":{"start":{"line":114,"column":4},"end":{"line":114,"column":20}},"42":{"start":{"line":116,"column":4},"end":{"line":122,"column":5}},"43":{"start":{"line":118,"column":6},"end":{"line":118,"column":21}},"44":{"start":{"line":119,"column":6},"end":{"line":119,"column":28}},"45":{"start":{"line":120,"column":6},"end":{"line":120,"column":29}},"46":{"start":{"line":124,"column":4},"end":{"line":124,"column":27}},"47":{"start":{"line":125,"column":4},"end":{"line":125,"column":26}},"48":{"start":{"line":126,"column":4},"end":{"line":126,"column":24}},"49":{"start":{"line":128,"column":4},"end":{"line":140,"column":7}},"50":{"start":{"line":130,"column":6},"end":{"line":132,"column":7}},"51":{"start":{"line":131,"column":8},"end":{"line":131,"column":15}},"52":{"start":{"line":134,"column":6},"end":{"line":134,"column":37}},"53":{"start":{"line":135,"column":6},"end":{"line":135,"column":42}},"54":{"start":{"line":136,"column":6},"end":{"line":136,"column":29}},"55":{"start":{"line":137,"column":6},"end":{"line":137,"column":35}},"56":{"start":{"line":138,"column":6},"end":{"line":138,"column":28}},"57":{"start":{"line":142,"column":4},"end":{"line":142,"column":27}},"58":{"start":{"line":144,"column":4},"end":{"line":148,"column":40}},"59":{"start":{"line":145,"column":6},"end":{"line":147,"column":7}},"60":{"start":{"line":146,"column":8},"end":{"line":146,"column":35}},"61":{"start":{"line":153,"column":2},"end":{"line":179,"column":4}},"62":{"start":{"line":156,"column":4},"end":{"line":158,"column":23}},"63":{"start":{"line":160,"column":4},"end":{"line":174,"column":5}},"64":{"start":{"line":163,"column":6},"end":{"line":168,"column":9}},"65":{"start":{"line":164,"column":8},"end":{"line":166,"column":9}},"66":{"start":{"line":165,"column":10},"end":{"line":165,"column":42}},"67":{"start":{"line":167,"column":8},"end":{"line":167,"column":20}},"68":{"start":{"line":172,"column":6},"end":{"line":172,"column":85}},"69":{"start":{"line":176,"column":4},"end":{"line":176,"column":58}},"70":{"start":{"line":177,"column":4},"end":{"line":177,"column":49}},"71":{"start":{"line":183,"column":2},"end":{"line":201,"column":4}},"72":{"start":{"line":185,"column":4},"end":{"line":186,"column":17}},"73":{"start":{"line":188,"column":4},"end":{"line":191,"column":5}},"74":{"start":{"line":189,"column":6},"end":{"line":189,"column":47}},"75":{"start":{"line":190,"column":6},"end":{"line":190,"column":13}},"76":{"start":{"line":193,"column":4},"end":{"line":193,"column":48}},"77":{"start":{"line":197,"column":4},"end":{"line":197,"column":65}},"78":{"start":{"line":199,"column":4},"end":{"line":199,"column":58}},"79":{"start":{"line":205,"column":2},"end":{"line":270,"column":4}},"80":{"start":{"line":209,"column":6},"end":{"line":238,"column":31}},"81":{"start":{"line":240,"column":6},"end":{"line":242,"column":9}},"82":{"start":{"line":241,"column":8},"end":{"line":241,"column":48}},"83":{"start":{"line":244,"column":6},"end":{"line":261,"column":9}},"84":{"start":{"line":246,"column":8},"end":{"line":247,"column":31}},"85":{"start":{"line":249,"column":8},"end":{"line":253,"column":11}},"86":{"start":{"line":250,"column":10},"end":{"line":252,"column":11}},"87":{"start":{"line":251,"column":12},"end":{"line":251,"column":32}},"88":{"start":{"line":255,"column":8},"end":{"line":257,"column":11}},"89":{"start":{"line":256,"column":10},"end":{"line":256,"column":38}},"90":{"start":{"line":259,"column":8},"end":{"line":259,"column":36}},"91":{"start":{"line":263,"column":6},"end":{"line":268,"column":9}},"92":{"start":{"line":273,"column":2},"end":{"line":273,"column":24}},"93":{"start":{"line":275,"column":2},"end":{"line":275,"column":13}}},"branchMap":{"1":{"line":130,"type":"if","locations":[{"start":{"line":130,"column":6},"end":{"line":130,"column":6}},{"start":{"line":130,"column":6},"end":{"line":130,"column":6}}]},"2":{"line":130,"type":"binary-expr","locations":[{"start":{"line":130,"column":11},"end":{"line":130,"column":56}},{"start":{"line":130,"column":60},"end":{"line":130,"column":67}}]},"3":{"line":145,"type":"if","locations":[{"start":{"line":145,"column":6},"end":{"line":145,"column":6}},{"start":{"line":145,"column":6},"end":{"line":145,"column":6}}]},"4":{"line":145,"type":"binary-expr","locations":[{"start":{"line":145,"column":11},"end":{"line":145,"column":41}},{"start":{"line":145,"column":45},"end":{"line":145,"column":91}}]},"5":{"line":156,"type":"cond-expr","locations":[{"start":{"line":156,"column":69},"end":{"line":156,"column":121}},{"start":{"line":156,"column":124},"end":{"line":156,"column":160}}]},"6":{"line":160,"type":"if","locations":[{"start":{"line":160,"column":4},"end":{"line":160,"column":4}},{"start":{"line":160,"column":4},"end":{"line":160,"column":4}}]},"7":{"line":164,"type":"if","locations":[{"start":{"line":164,"column":8},"end":{"line":164,"column":8}},{"start":{"line":164,"column":8},"end":{"line":164,"column":8}}]},"8":{"line":172,"type":"cond-expr","locations":[{"start":{"line":172,"column":31},"end":{"line":172,"column":65}},{"start":{"line":172,"column":68},"end":{"line":172,"column":84}}]},"9":{"line":188,"type":"if","locations":[{"start":{"line":188,"column":4},"end":{"line":188,"column":4}},{"start":{"line":188,"column":4},"end":{"line":188,"column":4}}]},"10":{"line":188,"type":"binary-expr","locations":[{"start":{"line":188,"column":9},"end":{"line":188,"column":23}},{"start":{"line":188,"column":27},"end":{"line":188,"column":33}}]},"11":{"line":250,"type":"if","locations":[{"start":{"line":250,"column":10},"end":{"line":250,"column":10}},{"start":{"line":250,"column":10},"end":{"line":250,"column":10}}]},"12":{"line":277,"type":"binary-expr","locations":[{"start":{"line":277,"column":3},"end":{"line":277,"column":6}},{"start":{"line":277,"column":10},"end":{"line":277,"column":12}}]}}},"./src/static/js/modules/query.js":{"path":"./src/static/js/modules/query.js","s":{"1":1,"2":1,"3":1,"4":1,"5":1,"6":1,"7":1,"8":1,"9":1,"10":8,"11":8,"12":1,"13":7,"14":8,"15":1,"16":6,"17":6,"18":6,"19":0,"20":6,"21":1,"22":13,"23":13,"24":13,"25":13,"26":0,"27":13,"28":17,"29":17,"30":17,"31":13,"32":6,"33":6,"34":1,"35":1,"36":1,"37":2,"38":0,"39":2,"40":1,"41":1,"42":1,"43":1,"44":6,"45":6,"46":6,"47":3,"48":6,"49":6,"50":1,"51":6,"52":6,"53":6,"54":12,"55":12,"56":0,"57":6,"58":1,"59":4,"60":4,"61":9,"62":0,"63":9,"64":9,"65":4,"66":4,"67":2,"68":4,"69":6,"70":5,"71":4,"72":7,"73":7,"74":7,"75":7,"76":4,"77":6,"78":2,"79":10,"80":10,"81":158,"82":157,"83":157,"84":148,"85":10,"86":7,"87":7,"88":3,"89":1,"90":2,"91":3,"92":4,"93":10,"94":2,"95":8,"96":4,"97":1,"98":1,"99":1},"b":{"1":[0,1],"2":[0,1],"3":[8,7],"4":[1,7],"5":[6,0],"6":[6,0],"7":[13,0],"8":[13,13],"9":[13,0],"10":[0,13],"11":[17,0],"12":[0,2],"13":[6,3],"14":[6,3],"15":[6,3],"16":[3,3],"17":[6,0],"18":[12,0],"19":[0,9],"20":[9,9],"21":[4,5],"22":[2,2],"23":[157,1],"24":[148,9],"25":[3,4],"26":[1,2],"27":[3,2,2,2],"28":[2,8],"29":[10,8,8,8],"30":[1,0]},"f":{"1":1,"2":8,"3":6,"4":13,"5":17,"6":1,"7":2,"8":6,"9":6,"10":4,"11":9,"12":6,"13":7,"14":6,"15":2,"16":10,"17":7,"18":10,"19":0},"fnMap":{"1":{"name":"(anonymous_1)","line":6,"loc":{"start":{"line":6,"column":11},"end":{"line":6,"column":28}}},"2":{"name":"(anonymous_2)","line":36,"loc":{"start":{"line":36,"column":16},"end":{"line":36,"column":36}}},"3":{"name":"(anonymous_3)","line":73,"loc":{"start":{"line":73,"column":20},"end":{"line":73,"column":40}}},"4":{"name":"_processField","line":88,"loc":{"start":{"line":88,"column":4},"end":{"line":88,"column":36}}},"5":{"name":"(anonymous_5)","line":105,"loc":{"start":{"line":105,"column":35},"end":{"line":105,"column":56}}},"6":{"name":"(anonymous_6)","line":130,"loc":{"start":{"line":130,"column":26},"end":{"line":130,"column":37}}},"7":{"name":"buildHashParam","line":136,"loc":{"start":{"line":136,"column":4},"end":{"line":136,"column":43}}},"8":{"name":"(anonymous_8)","line":156,"loc":{"start":{"line":156,"column":25},"end":{"line":156,"column":59}}},"9":{"name":"(anonymous_9)","line":194,"loc":{"start":{"line":194,"column":25},"end":{"line":194,"column":44}}},"10":{"name":"(anonymous_10)","line":217,"loc":{"start":{"line":217,"column":11},"end":{"line":217,"column":30}}},"11":{"name":"(anonymous_11)","line":224,"loc":{"start":{"line":224,"column":25},"end":{"line":224,"column":54}}},"12":{"name":"(anonymous_12)","line":243,"loc":{"start":{"line":243,"column":35},"end":{"line":243,"column":52}}},"13":{"name":"(anonymous_13)","line":254,"loc":{"start":{"line":254,"column":26},"end":{"line":254,"column":55}}},"14":{"name":"(anonymous_14)","line":272,"loc":{"start":{"line":272,"column":12},"end":{"line":272,"column":30}}},"15":{"name":"(anonymous_15)","line":276,"loc":{"start":{"line":276,"column":11},"end":{"line":276,"column":29}}},"16":{"name":"(anonymous_16)","line":282,"loc":{"start":{"line":282,"column":15},"end":{"line":282,"column":33}}},"17":{"name":"(anonymous_17)","line":302,"loc":{"start":{"line":302,"column":29},"end":{"line":302,"column":57}}},"18":{"name":"(anonymous_18)","line":324,"loc":{"start":{"line":324,"column":33},"end":{"line":324,"column":53}}},"19":{"name":"(anonymous_19)","line":344,"loc":{"start":{"line":344,"column":16},"end":{"line":344,"column":27}}}},"statementMap":{"1":{"start":{"line":6,"column":0},"end":{"line":353,"column":16}},"2":{"start":{"line":14,"column":2},"end":{"line":14,"column":17}},"3":{"start":{"line":17,"column":2},"end":{"line":17,"column":22}},"4":{"start":{"line":20,"column":2},"end":{"line":20,"column":59}},"5":{"start":{"line":23,"column":2},"end":{"line":23,"column":99}},"6":{"start":{"line":26,"column":2},"end":{"line":26,"column":28}},"7":{"start":{"line":29,"column":2},"end":{"line":29,"column":22}},"8":{"start":{"line":32,"column":2},"end":{"line":32,"column":20}},"9":{"start":{"line":36,"column":2},"end":{"line":69,"column":4}},"10":{"start":{"line":38,"column":4},"end":{"line":38,"column":28}},"11":{"start":{"line":40,"column":4},"end":{"line":65,"column":5}},"12":{"start":{"line":41,"column":6},"end":{"line":62,"column":8}},"13":{"start":{"line":64,"column":6},"end":{"line":64,"column":23}},"14":{"start":{"line":67,"column":4},"end":{"line":67,"column":16}},"15":{"start":{"line":73,"column":2},"end":{"line":127,"column":4}},"16":{"start":{"line":75,"column":4},"end":{"line":76,"column":29}},"17":{"start":{"line":79,"column":4},"end":{"line":83,"column":5}},"18":{"start":{"line":80,"column":6},"end":{"line":80,"column":38}},"19":{"start":{"line":82,"column":6},"end":{"line":82,"column":36}},"20":{"start":{"line":85,"column":4},"end":{"line":85,"column":17}},"21":{"start":{"line":88,"column":4},"end":{"line":121,"column":5}},"22":{"start":{"line":90,"column":6},"end":{"line":119,"column":7}},"23":{"start":{"line":93,"column":8},"end":{"line":98,"column":9}},"24":{"start":{"line":94,"column":10},"end":{"line":97,"column":12}},"25":{"start":{"line":102,"column":8},"end":{"line":115,"column":9}},"26":{"start":{"line":103,"column":10},"end":{"line":103,"column":63}},"27":{"start":{"line":105,"column":10},"end":{"line":114,"column":13}},"28":{"start":{"line":107,"column":12},"end":{"line":107,"column":59}},"29":{"start":{"line":110,"column":12},"end":{"line":112,"column":13}},"30":{"start":{"line":111,"column":14},"end":{"line":111,"column":33}},"31":{"start":{"line":117,"column":8},"end":{"line":117,"column":65}},"32":{"start":{"line":123,"column":4},"end":{"line":123,"column":39}},"33":{"start":{"line":125,"column":4},"end":{"line":125,"column":47}},"34":{"start":{"line":130,"column":2},"end":{"line":153,"column":4}},"35":{"start":{"line":132,"column":4},"end":{"line":133,"column":24}},"36":{"start":{"line":136,"column":4},"end":{"line":145,"column":5}},"37":{"start":{"line":138,"column":6},"end":{"line":140,"column":7}},"38":{"start":{"line":139,"column":8},"end":{"line":139,"column":15}},"39":{"start":{"line":143,"column":6},"end":{"line":143,"column":74}},"40":{"start":{"line":147,"column":4},"end":{"line":147,"column":46}},"41":{"start":{"line":149,"column":4},"end":{"line":149,"column":78}},"42":{"start":{"line":151,"column":4},"end":{"line":151,"column":16}},"43":{"start":{"line":156,"column":2},"end":{"line":180,"column":4}},"44":{"start":{"line":158,"column":4},"end":{"line":161,"column":47}},"45":{"start":{"line":164,"column":4},"end":{"line":164,"column":67}},"46":{"start":{"line":166,"column":4},"end":{"line":173,"column":5}},"47":{"start":{"line":167,"column":6},"end":{"line":172,"column":8}},"48":{"start":{"line":176,"column":4},"end":{"line":176,"column":48}},"49":{"start":{"line":178,"column":4},"end":{"line":178,"column":15}},"50":{"start":{"line":194,"column":2},"end":{"line":210,"column":4}},"51":{"start":{"line":196,"column":4},"end":{"line":196,"column":22}},"52":{"start":{"line":198,"column":4},"end":{"line":206,"column":5}},"53":{"start":{"line":199,"column":6},"end":{"line":203,"column":7}},"54":{"start":{"line":200,"column":8},"end":{"line":202,"column":9}},"55":{"start":{"line":201,"column":10},"end":{"line":201,"column":63}},"56":{"start":{"line":205,"column":6},"end":{"line":205,"column":46}},"57":{"start":{"line":208,"column":4},"end":{"line":208,"column":15}},"58":{"start":{"line":214,"column":2},"end":{"line":340,"column":4}},"59":{"start":{"line":219,"column":6},"end":{"line":220,"column":25}},"60":{"start":{"line":224,"column":6},"end":{"line":251,"column":9}},"61":{"start":{"line":226,"column":8},"end":{"line":228,"column":9}},"62":{"start":{"line":227,"column":10},"end":{"line":227,"column":17}},"63":{"start":{"line":230,"column":8},"end":{"line":230,"column":29}},"64":{"start":{"line":232,"column":8},"end":{"line":249,"column":9}},"65":{"start":{"line":233,"column":10},"end":{"line":233,"column":61}},"66":{"start":{"line":236,"column":10},"end":{"line":241,"column":11}},"67":{"start":{"line":237,"column":12},"end":{"line":240,"column":14}},"68":{"start":{"line":243,"column":10},"end":{"line":245,"column":13}},"69":{"start":{"line":244,"column":12},"end":{"line":244,"column":61}},"70":{"start":{"line":248,"column":10},"end":{"line":248,"column":39}},"71":{"start":{"line":254,"column":6},"end":{"line":263,"column":22}},"72":{"start":{"line":256,"column":8},"end":{"line":256,"column":22}},"73":{"start":{"line":259,"column":8},"end":{"line":259,"column":60}},"74":{"start":{"line":260,"column":8},"end":{"line":260,"column":69}},"75":{"start":{"line":261,"column":8},"end":{"line":261,"column":36}},"76":{"start":{"line":267,"column":6},"end":{"line":267,"column":86}},"77":{"start":{"line":273,"column":6},"end":{"line":273,"column":51}},"78":{"start":{"line":277,"column":6},"end":{"line":277,"column":112}},"79":{"start":{"line":284,"column":6},"end":{"line":286,"column":17}},"80":{"start":{"line":288,"column":6},"end":{"line":296,"column":7}},"81":{"start":{"line":289,"column":8},"end":{"line":295,"column":9}},"82":{"start":{"line":290,"column":10},"end":{"line":290,"column":26}},"83":{"start":{"line":292,"column":10},"end":{"line":294,"column":11}},"84":{"start":{"line":293,"column":12},"end":{"line":293,"column":23}},"85":{"start":{"line":298,"column":6},"end":{"line":298,"column":17}},"86":{"start":{"line":303,"column":6},"end":{"line":304,"column":25}},"87":{"start":{"line":309,"column":6},"end":{"line":336,"column":7}},"88":{"start":{"line":311,"column":8},"end":{"line":315,"column":9}},"89":{"start":{"line":312,"column":10},"end":{"line":312,"column":80}},"90":{"start":{"line":314,"column":10},"end":{"line":314,"column":68}},"91":{"start":{"line":317,"column":8},"end":{"line":317,"column":24}},"92":{"start":{"line":324,"column":8},"end":{"line":332,"column":11}},"93":{"start":{"line":326,"column":10},"end":{"line":330,"column":11}},"94":{"start":{"line":327,"column":12},"end":{"line":327,"column":77}},"95":{"start":{"line":329,"column":12},"end":{"line":329,"column":65}},"96":{"start":{"line":334,"column":8},"end":{"line":334,"column":50}},"97":{"start":{"line":344,"column":2},"end":{"line":346,"column":4}},"98":{"start":{"line":349,"column":2},"end":{"line":349,"column":20}},"99":{"start":{"line":351,"column":2},"end":{"line":351,"column":13}}},"branchMap":{"1":{"line":20,"type":"cond-expr","locations":[{"start":{"line":20,"column":31},"end":{"line":20,"column":37}},{"start":{"line":20,"column":40},"end":{"line":20,"column":58}}]},"2":{"line":23,"type":"cond-expr","locations":[{"start":{"line":23,"column":33},"end":{"line":23,"column":57}},{"start":{"line":23,"column":60},"end":{"line":23,"column":98}}]},"3":{"line":38,"type":"binary-expr","locations":[{"start":{"line":38,"column":14},"end":{"line":38,"column":21}},{"start":{"line":38,"column":25},"end":{"line":38,"column":27}}]},"4":{"line":40,"type":"if","locations":[{"start":{"line":40,"column":4},"end":{"line":40,"column":4}},{"start":{"line":40,"column":4},"end":{"line":40,"column":4}}]},"5":{"line":76,"type":"binary-expr","locations":[{"start":{"line":76,"column":15},"end":{"line":76,"column":22}},{"start":{"line":76,"column":26},"end":{"line":76,"column":28}}]},"6":{"line":79,"type":"if","locations":[{"start":{"line":79,"column":4},"end":{"line":79,"column":4}},{"start":{"line":79,"column":4},"end":{"line":79,"column":4}}]},"7":{"line":90,"type":"if","locations":[{"start":{"line":90,"column":6},"end":{"line":90,"column":6}},{"start":{"line":90,"column":6},"end":{"line":90,"column":6}}]},"8":{"line":90,"type":"binary-expr","locations":[{"start":{"line":90,"column":11},"end":{"line":90,"column":21}},{"start":{"line":90,"column":25},"end":{"line":90,"column":37}}]},"9":{"line":93,"type":"if","locations":[{"start":{"line":93,"column":8},"end":{"line":93,"column":8}},{"start":{"line":93,"column":8},"end":{"line":93,"column":8}}]},"10":{"line":102,"type":"if","locations":[{"start":{"line":102,"column":8},"end":{"line":102,"column":8}},{"start":{"line":102,"column":8},"end":{"line":102,"column":8}}]},"11":{"line":110,"type":"if","locations":[{"start":{"line":110,"column":12},"end":{"line":110,"column":12}},{"start":{"line":110,"column":12},"end":{"line":110,"column":12}}]},"12":{"line":138,"type":"if","locations":[{"start":{"line":138,"column":6},"end":{"line":138,"column":6}},{"start":{"line":138,"column":6},"end":{"line":138,"column":6}}]},"13":{"line":159,"type":"binary-expr","locations":[{"start":{"line":159,"column":24},"end":{"line":159,"column":30}},{"start":{"line":159,"column":34},"end":{"line":159,"column":45}}]},"14":{"line":160,"type":"binary-expr","locations":[{"start":{"line":160,"column":20},"end":{"line":160,"column":25}},{"start":{"line":160,"column":29},"end":{"line":160,"column":39}}]},"15":{"line":161,"type":"binary-expr","locations":[{"start":{"line":161,"column":25},"end":{"line":161,"column":31}},{"start":{"line":161,"column":35},"end":{"line":161,"column":46}}]},"16":{"line":166,"type":"if","locations":[{"start":{"line":166,"column":4},"end":{"line":166,"column":4}},{"start":{"line":166,"column":4},"end":{"line":166,"column":4}}]},"17":{"line":198,"type":"if","locations":[{"start":{"line":198,"column":4},"end":{"line":198,"column":4}},{"start":{"line":198,"column":4},"end":{"line":198,"column":4}}]},"18":{"line":200,"type":"if","locations":[{"start":{"line":200,"column":8},"end":{"line":200,"column":8}},{"start":{"line":200,"column":8},"end":{"line":200,"column":8}}]},"19":{"line":226,"type":"if","locations":[{"start":{"line":226,"column":8},"end":{"line":226,"column":8}},{"start":{"line":226,"column":8},"end":{"line":226,"column":8}}]},"20":{"line":226,"type":"binary-expr","locations":[{"start":{"line":226,"column":13},"end":{"line":226,"column":26}},{"start":{"line":226,"column":30},"end":{"line":226,"column":46}}]},"21":{"line":232,"type":"if","locations":[{"start":{"line":232,"column":8},"end":{"line":232,"column":8}},{"start":{"line":232,"column":8},"end":{"line":232,"column":8}}]},"22":{"line":236,"type":"if","locations":[{"start":{"line":236,"column":10},"end":{"line":236,"column":10}},{"start":{"line":236,"column":10},"end":{"line":236,"column":10}}]},"23":{"line":289,"type":"if","locations":[{"start":{"line":289,"column":8},"end":{"line":289,"column":8}},{"start":{"line":289,"column":8},"end":{"line":289,"column":8}}]},"24":{"line":292,"type":"if","locations":[{"start":{"line":292,"column":10},"end":{"line":292,"column":10}},{"start":{"line":292,"column":10},"end":{"line":292,"column":10}}]},"25":{"line":309,"type":"if","locations":[{"start":{"line":309,"column":6},"end":{"line":309,"column":6}},{"start":{"line":309,"column":6},"end":{"line":309,"column":6}}]},"26":{"line":311,"type":"if","locations":[{"start":{"line":311,"column":8},"end":{"line":311,"column":8}},{"start":{"line":311,"column":8},"end":{"line":311,"column":8}}]},"27":{"line":311,"type":"binary-expr","locations":[{"start":{"line":311,"column":13},"end":{"line":311,"column":37}},{"start":{"line":311,"column":41},"end":{"line":311,"column":62}},{"start":{"line":311,"column":66},"end":{"line":311,"column":95}},{"start":{"line":311,"column":99},"end":{"line":311,"column":134}}]},"28":{"line":326,"type":"if","locations":[{"start":{"line":326,"column":10},"end":{"line":326,"column":10}},{"start":{"line":326,"column":10},"end":{"line":326,"column":10}}]},"29":{"line":326,"type":"binary-expr","locations":[{"start":{"line":326,"column":15},"end":{"line":326,"column":27}},{"start":{"line":326,"column":31},"end":{"line":326,"column":52}},{"start":{"line":326,"column":56},"end":{"line":326,"column":85}},{"start":{"line":326,"column":89},"end":{"line":326,"column":124}}]},"30":{"line":353,"type":"binary-expr","locations":[{"start":{"line":353,"column":3},"end":{"line":353,"column":6}},{"start":{"line":353,"column":10},"end":{"line":353,"column":12}}]}}},"./src/static/js/modules/summary-table.js":{"path":"./src/static/js/modules/summary-table.js","s":{"1":1,"2":1,"3":1,"4":1,"5":1,"6":1,"7":1,"8":1,"9":1,"10":1,"11":1,"12":1,"13":1,"14":1,"15":6,"16":6,"17":1,"18":0,"19":1,"20":1,"21":1,"22":2,"23":2,"24":4,"25":4,"26":1,"27":0,"28":1,"29":0,"30":0,"31":0,"32":0,"33":0,"34":0,"35":0,"36":0,"37":1,"38":1,"39":1,"40":3,"41":1,"42":1,"43":1,"44":0,"45":0,"46":0,"47":1,"48":1,"49":0,"50":1,"51":1,"52":1,"53":0,"54":0,"55":1,"56":1,"57":36,"58":36,"59":36,"60":36,"61":72,"62":72,"63":72,"64":12,"65":60,"66":4,"67":56,"68":0,"69":56,"70":36,"71":1,"72":0,"73":1,"74":0,"75":0,"76":1,"77":1,"78":1,"79":1,"80":1,"81":1,"82":1,"83":1,"84":1,"85":2,"86":2,"87":2,"88":2,"89":4,"90":1,"91":2,"92":2,"93":1,"94":1,"95":1,"96":1,"97":0,"98":0,"99":1,"100":2,"101":2,"102":4,"103":4,"104":4,"105":0,"106":0,"107":0,"108":4,"109":2,"110":1,"111":0,"112":1,"113":1,"114":1,"115":0,"116":0,"117":0,"118":1,"119":1,"120":1,"121":1,"122":1,"123":1,"124":3,"125":1,"126":1,"127":1,"128":2,"129":1,"130":2,"131":2,"132":1,"133":0,"134":0,"135":0,"136":1,"137":2,"138":2,"139":8,"140":5,"141":1,"142":1,"143":1,"144":5,"145":2,"146":1,"147":0,"148":0,"149":0,"150":0,"151":0,"152":0,"153":0,"154":0,"155":0,"156":0,"157":0,"158":0,"159":0,"160":0,"161":0,"162":0,"163":0,"164":0,"165":0,"166":0,"167":0,"168":0,"169":1,"170":0,"171":0,"172":1,"173":0,"174":0,"175":1,"176":1},"b":{"1":[1,5],"2":[0,0],"3":[0,0],"4":[1,0],"5":[0,0],"6":[36,0],"7":[72,0],"8":[12,60],"9":[72,70,68],"10":[4,56],"11":[0,56],"12":[1,3],"13":[0,1],"14":[4,0],"15":[0,4],"16":[0,0],"17":[0,1],"18":[1,2],"19":[1,1],"20":[5,3],"21":[1,4],"22":[1,0],"23":[0,0],"24":[0,0],"25":[0,0],"26":[1,0]},"f":{"1":1,"2":6,"3":0,"4":1,"5":0,"6":0,"7":1,"8":1,"9":0,"10":0,"11":0,"12":36,"13":0,"14":0,"15":1,"16":1,"17":1,"18":2,"19":1,"20":0,"21":1,"22":3,"23":0,"24":2,"25":0,"26":0,"27":0,"28":0,"29":0},"fnMap":{"1":{"name":"(anonymous_1)","line":12,"loc":{"start":{"line":12,"column":11},"end":{"line":12,"column":28}}},"2":{"name":"(anonymous_2)","line":78,"loc":{"start":{"line":78,"column":21},"end":{"line":78,"column":48}}},"3":{"name":"(anonymous_3)","line":85,"loc":{"start":{"line":85,"column":27},"end":{"line":85,"column":38}}},"4":{"name":"(anonymous_4)","line":93,"loc":{"start":{"line":93,"column":26},"end":{"line":93,"column":57}}},"5":{"name":"(anonymous_5)","line":112,"loc":{"start":{"line":112,"column":22},"end":{"line":112,"column":33}}},"6":{"name":"(anonymous_6)","line":120,"loc":{"start":{"line":120,"column":22},"end":{"line":120,"column":34}}},"7":{"name":"(anonymous_7)","line":150,"loc":{"start":{"line":150,"column":24},"end":{"line":150,"column":50}}},"8":{"name":"(anonymous_8)","line":161,"loc":{"start":{"line":161,"column":23},"end":{"line":161,"column":34}}},"9":{"name":"_abort","line":164,"loc":{"start":{"line":164,"column":4},"end":{"line":164,"column":40}}},"10":{"name":"(anonymous_10)","line":172,"loc":{"start":{"line":172,"column":22},"end":{"line":172,"column":42}}},"11":{"name":"(anonymous_11)","line":181,"loc":{"start":{"line":181,"column":23},"end":{"line":181,"column":33}}},"12":{"name":"(anonymous_12)","line":204,"loc":{"start":{"line":204,"column":27},"end":{"line":204,"column":48}}},"13":{"name":"(anonymous_13)","line":240,"loc":{"start":{"line":240,"column":29},"end":{"line":240,"column":50}}},"14":{"name":"(anonymous_14)","line":245,"loc":{"start":{"line":245,"column":20},"end":{"line":245,"column":41}}},"15":{"name":"(anonymous_15)","line":251,"loc":{"start":{"line":251,"column":23},"end":{"line":251,"column":34}}},"16":{"name":"(anonymous_16)","line":255,"loc":{"start":{"line":255,"column":25},"end":{"line":255,"column":36}}},"17":{"name":"(anonymous_17)","line":261,"loc":{"start":{"line":261,"column":21},"end":{"line":261,"column":32}}},"18":{"name":"(anonymous_18)","line":270,"loc":{"start":{"line":270,"column":21},"end":{"line":270,"column":38}}},"19":{"name":"(anonymous_19)","line":289,"loc":{"start":{"line":289,"column":24},"end":{"line":289,"column":49}}},"20":{"name":"(anonymous_20)","line":330,"loc":{"start":{"line":330,"column":27},"end":{"line":330,"column":38}}},"21":{"name":"(anonymous_21)","line":337,"loc":{"start":{"line":337,"column":22},"end":{"line":337,"column":51}}},"22":{"name":"(anonymous_22)","line":357,"loc":{"start":{"line":357,"column":22},"end":{"line":357,"column":58}}},"23":{"name":"(anonymous_23)","line":378,"loc":{"start":{"line":378,"column":22},"end":{"line":378,"column":33}}},"24":{"n
[...]
olumn":10}}]},"8":{"line":218,"type":"if","locations":[{"start":{"line":218,"column":12},"end":{"line":218,"column":12}},{"start":{"line":218,"column":12},"end":{"line":218,"column":12}}]},"9":{"line":218,"type":"binary-expr","locations":[{"start":{"line":218,"column":17},"end":{"line":218,"column":29}},{"start":{"line":218,"column":33},"end":{"line":218,"column":43}},{"start":{"line":218,"column":47},"end":{"line":218,"column":57}}]},"10":{"line":221,"type":"if","locations":[{"start":{"line":221,"column":17},"end":{"line":221,"column":17}},{"start":{"line":221,"column":17},"end":{"line":221,"column":17}}]},"11":{"line":225,"type":"if","locations":[{"start":{"line":225,"column":17},"end":{"line":225,"column":17}},{"start":{"line":225,"column":17},"end":{"line":225,"column":17}}]},"12":{"line":278,"type":"if","locations":[{"start":{"line":278,"column":6},"end":{"line":278,"column":6}},{"start":{"line":278,"column":6},"end":{"line":278,"column":6}}]},"13":{"line":297,"type":"if","locations":[{"start":{"line":297,"column":4},"end":{"line":297,"column":4}},{"start":{"line":297,"column":4},"end":{"line":297,"column":4}}]},"14":{"line":307,"type":"if","locations":[{"start":{"line":307,"column":8},"end":{"line":307,"column":8}},{"start":{"line":307,"column":8},"end":{"line":307,"column":8}}]},"15":{"line":314,"type":"if","locations":[{"start":{"line":314,"column":10},"end":{"line":314,"column":10}},{"start":{"line":314,"column":10},"end":{"line":314,"column":10}}]},"16":{"line":317,"type":"if","locations":[{"start":{"line":317,"column":12},"end":{"line":317,"column":12}},{"start":{"line":317,"column":12},"end":{"line":317,"column":12}}]},"17":{"line":339,"type":"if","locations":[{"start":{"line":339,"column":4},"end":{"line":339,"column":4}},{"start":{"line":339,"column":4},"end":{"line":339,"column":4}}]},"18":{"line":359,"type":"if","locations":[{"start":{"line":359,"column":4},"end":{"line":359,"column":4}},{"start":{"line":359,"column":4},"end":{"line":359,"column":4}}]},"19":{"line":366,"type":"if","locations":[{"start":{"line":366,"column":4},"end":{"line":366,"column":4}},{"start":{"line":366,"column":4},"end":{"line":366,"column":4}}]},"20":{"line":394,"type":"if","locations":[{"start":{"line":394,"column":6},"end":{"line":394,"column":6}},{"start":{"line":394,"column":6},"end":{"line":394,"column":6}}]},"21":{"line":398,"type":"if","locations":[{"start":{"line":398,"column":8},"end":{"line":398,"column":8}},{"start":{"line":398,"column":8},"end":{"line":398,"column":8}}]},"22":{"line":401,"type":"if","locations":[{"start":{"line":401,"column":10},"end":{"line":401,"column":10}},{"start":{"line":401,"column":10},"end":{"line":401,"column":10}}]},"23":{"line":427,"type":"if","locations":[{"start":{"line":427,"column":6},"end":{"line":427,"column":6}},{"start":{"line":427,"column":6},"end":{"line":427,"column":6}}]},"24":{"line":434,"type":"if","locations":[{"start":{"line":434,"column":8},"end":{"line":434,"column":8}},{"start":{"line":434,"column":8},"end":{"line":434,"column":8}}]},"25":{"line":440,"type":"if","locations":[{"start":{"line":440,"column":6},"end":{"line":440,"column":6}},{"start":{"line":440,"column":6},"end":{"line":440,"column":6}}]},"26":{"line":488,"type":"binary-expr","locations":[{"start":{"line":488,"column":3},"end":{"line":488,"column":6}},{"start":{"line":488,"column":10},"end":{"line":488,"column":12}}]}}},"./src/static/js/modules/utils.js":{"path":"./src/static/js/modules/utils.js","s":{"1":1,"2":1,"3":1,"4":0,"5":1,"6":11,"7":11,"8":11,"9":1,"10":11,"11":1,"12":11,"13":0,"14":11,"15":11,"16":11,"17":1,"18":0,"19":0,"20":0,"21":0,"22":0,"23":0,"24":0,"25":0,"26":0,"27":0,"28":0,"29":0,"30":1,"31":7,"32":7,"33":48,"34":7,"35":16,"36":7,"37":1,"38":0,"39":1,"40":0,"41":0,"42":0,"43":0,"44":0,"45":1,"46":1,"47":1,"48":1,"49":1,"50":0,"51":0,"52":0,"53":0,"54":0,"55":1,"56":1,"57":1,"58":1,"59":1,"60":0,"61":0,"62":0,"63":0,"64":0,"65":0,"66":1,"67":1,"68":0,"69":0,"70":0,"71":0,"72":0,"73":0,"74":0,"75":1,"76":0,"77":0,"78":0,"79":0,"80":0,"81":0,"82":0,"83":0,"84":1,"85":0,"86":1,"87":0,"88":0,"89":0,"90":0,"91":0,"92":0,"93":0,"94":0,"95":0,"96":0,"97":0,"98":0,"99":0,"100":0,"101":0,"102":0,"103":0,"104":0,"105":0,"106":1,"107":1},"b":{"1":[1,10],"2":[1,10],"3":[0,11],"4":[0,0],"5":[0,0],"6":[0,0],"7":[0,0],"8":[0,0],"9":[0,1],"10":[0,0],"11":[0,0],"12":[1,0],"13":[1,0],"14":[0,0],"15":[0,1],"16":[0,0],"17":[0,0],"18":[0,0],"19":[0,1],"20":[0,0],"21":[0,0],"22":[0,0],"23":[0,0],"24":[0,0],"25":[0,0,0],"26":[0,0],"27":[0,0],"28":[0,0],"29":[0,0],"30":[1,0]},"f":{"1":1,"2":0,"3":11,"4":0,"5":7,"6":48,"7":0,"8":0,"9":0,"10":0,"11":0,"12":1,"13":1,"14":0,"15":1,"16":0,"17":0,"18":0,"19":0,"20":0,"21":0,"22":0,"23":0},"fnMap":{"1":{"name":"(anonymous_1)","line":6,"loc":{"start":{"line":6,"column":11},"end":{"line":6,"column":27}}},"2":{"name":"(anonymous_2)","line":16,"loc":{"start":{"line":16,"column":20},"end":{"line":16,"column":42}}},"3":{"name":"(anonymous_3)","line":22,"loc":{"start":{"line":22,"column":21},"end":{"line":22,"column":41}}},"4":{"name":"(anonymous_4)","line":48,"loc":{"start":{"line":48,"column":28},"end":{"line":48,"column":46}}},"5":{"name":"(anonymous_5)","line":66,"loc":{"start":{"line":66,"column":24},"end":{"line":66,"column":35}}},"6":{"name":"(anonymous_6)","line":72,"loc":{"start":{"line":72,"column":12},"end":{"line":72,"column":25}}},"7":{"name":"(anonymous_7)","line":87,"loc":{"start":{"line":87,"column":18},"end":{"line":87,"column":34}}},"8":{"name":"(anonymous_8)","line":96,"loc":{"start":{"line":96,"column":20},"end":{"line":96,"column":38}}},"9":{"name":"(anonymous_9)","line":97,"loc":{"start":{"line":97,"column":20},"end":{"line":97,"column":33}}},"10":{"name":"(anonymous_10)","line":98,"loc":{"start":{"line":98,"column":20},"end":{"line":98,"column":33}}},"11":{"name":"(anonymous_11)","line":99,"loc":{"start":{"line":99,"column":20},"end":{"line":99,"column":31}}},"12":{"name":"(anonymous_12)","line":104,"loc":{"start":{"line":104,"column":18},"end":{"line":104,"column":34}}},"13":{"name":"getJSON","line":109,"loc":{"start":{"line":109,"column":4},"end":{"line":109,"column":28}}},"14":{"name":"(anonymous_14)","line":113,"loc":{"start":{"line":113,"column":20},"end":{"line":113,"column":35}}},"15":{"name":"getStorage","line":134,"loc":{"start":{"line":134,"column":4},"end":{"line":134,"column":31}}},"16":{"name":"(anonymous_16)","line":144,"loc":{"start":{"line":144,"column":18},"end":{"line":144,"column":29}}},"17":{"name":"(anonymous_17)","line":167,"loc":{"start":{"line":167,"column":25},"end":{"line":167,"column":39}}},"18":{"name":"(anonymous_18)","line":176,"loc":{"start":{"line":176,"column":22},"end":{"line":176,"column":32}}},"19":{"name":"(anonymous_19)","line":185,"loc":{"start":{"line":185,"column":30},"end":{"line":185,"column":47}}},"20":{"name":"(anonymous_20)","line":193,"loc":{"start":{"line":193,"column":17},"end":{"line":193,"column":29}}},"21":{"name":"(anonymous_21)","line":194,"loc":{"start":{"line":194,"column":19},"end":{"line":194,"column":31}}},"22":{"name":"(anonymous_22)","line":206,"loc":{"start":{"line":206,"column":28},"end":{"line":206,"column":52}}},"23":{"name":"(anonymous_23)","line":212,"loc":{"start":{"line":212,"column":30},"end":{"line":212,"column":73}}}},"statementMap":{"1":{"start":{"line":6,"column":0},"end":{"line":247,"column":16}},"2":{"start":{"line":13,"column":2},"end":{"line":13,"column":17}},"3":{"start":{"line":16,"column":2},"end":{"line":18,"column":4}},"4":{"start":{"line":17,"column":4},"end":{"line":17,"column":59}},"5":{"start":{"line":22,"column":2},"end":{"line":45,"column":4}},"6":{"start":{"line":23,"column":4},"end":{"line":24,"column":17}},"7":{"start":{"line":26,"column":4},"end":{"line":26,"column":36}},"8":{"start":{"line":29,"column":4},"end":{"line":31,"column":5}},"9":{"start":{"line":30,"column":6},"end":{"line":30,"column":29}},"10":{"start":{"line":33,"column":4},"end":{"line":35,"column":5}},"11":{"start":{"line":34,"column":6},"end":{"line":34,"column":29}},"12":{"start":{"line":37,"column":4},"end":{"line":39,"column":5}},"13":{"start":{"line":38,"column":6},"end":{"line":38,"column":29}},"14":{"start":{"line":41,"column":4},"end":{"line":41,"column":45}},"15":{"start":{"line":42,"column":4},"end":{"line":42,"column":68}},"16":{"start":{"line":44,"column":4},"end":{"line":44,"column":20}},"17":{"start":{"line":48,"column":2},"end":{"line":63,"column":4}},"18":{"start":{"line":49,"column":4},"end":{"line":61,"column":5}},"19":{"start":{"line":50,"column":6},"end":{"line":50,"column":56}},"20":{"start":{"line":51,"column":11},"end":{"line":61,"column":5}},"21":{"start":{"line":52,"column":6},"end":{"line":52,"column":53}},"22":{"start":{"line":53,"column":11},"end":{"line":61,"column":5}},"23":{"start":{"line":54,"column":6},"end":{"line":54,"column":50}},"24":{"start":{"line":55,"column":11},"end":{"line":61,"column":5}},"25":{"start":{"line":56,"column":6},"end":{"line":56,"column":31}},"26":{"start":{"line":57,"column":11},"end":{"line":61,"column":5}},"27":{"start":{"line":58,"column":6},"end":{"line":58,"column":30}},"28":{"start":{"line":60,"column":6},"end":{"line":60,"column":23}},"29":{"start":{"line":62,"column":4},"end":{"line":62,"column":17}},"30":{"start":{"line":66,"column":2},"end":{"line":84,"column":4}},"31":{"start":{"line":68,"column":4},"end":{"line":68,"column":24}},"32":{"start":{"line":69,"column":4},"end":{"line":73,"column":67}},"33":{"start":{"line":72,"column":27},"end":{"line":72,"column":72}},"34":{"start":{"line":75,"column":4},"end":{"line":80,"column":5}},"35":{"start":{"line":76,"column":6},"end":{"line":79,"column":8}},"36":{"start":{"line":82,"column":4},"end":{"line":82,"column":22}},"37":{"start":{"line":87,"column":2},"end":{"line":89,"column":4}},"38":{"start":{"line":88,"column":4},"end":{"line":88,"column":64}},"39":{"start":{"line":93,"column":2},"end":{"line":101,"column":3}},"40":{"start":{"line":94,"column":4},"end":{"line":100,"column":6}},"41":{"start":{"line":96,"column":40},"end":{"line":96,"column":76}},"42":{"start":{"line":97,"column":35},"end":{"line":97,"column":101}},"43":{"start":{"line":98,"column":35},"end":{"line":98,"column":64}},"44":{"start":{"line":99,"column":33},"end":{"line":99,"column":56}},"45":{"start":{"line":104,"column":2},"end":{"line":162,"column":4}},"46":{"start":{"line":106,"column":4},"end":{"line":107,"column":69}},"47":{"start":{"line":109,"column":4},"end":{"line":132,"column":5}},"48":{"start":{"line":111,"column":6},"end":{"line":111,"column":38}},"49":{"start":{"line":113,"column":6},"end":{"line":127,"column":9}},"50":{"start":{"line":114,"column":8},"end":{"line":120,"column":9}},"51":{"start":{"line":115,"column":10},"end":{"line":115,"column":67}},"52":{"start":{"line":118,"column":10},"end":{"line":118,"column":38}},"53":{"start":{"line":123,"column":8},"end":{"line":126,"column":9}},"54":{"start":{"line":124,"column":10},"end":{"line":124,"column":38}},"55":{"start":{"line":131,"column":6},"end":{"line":131,"column":22}},"56":{"start":{"line":134,"column":4},"end":{"line":156,"column":5}},"57":{"start":{"line":136,"column":6},"end":{"line":138,"column":18}},"58":{"start":{"line":140,"column":6},"end":{"line":142,"column":7}},"59":{"start":{"line":141,"column":8},"end":{"line":141,"column":30}},"60":{"start":{"line":144,"column":6},"end":{"line":146,"column":9}},"61":{"start":{"line":145,"column":8},"end":{"line":145,"column":67}},"62":{"start":{"line":150,"column":6},"end":{"line":150,"column":37}},"63":{"start":{"line":151,"column":6},"end":{"line":151,"column":27}},"64":{"start":{"line":152,"column":6},"end":{"line":152,"column":37}},"65":{"start":{"line":154,"column":6},"end":{"line":154,"column":21}},"66":{"start":{"line":160,"column":4},"end":{"line":160,"column":69}},"67":{"start":{"line":167,"column":2},"end":{"line":181,"column":4}},"68":{"start":{"line":169,"column":6},"end":{"line":170,"column":131}},"69":{"start":{"line":172,"column":6},"end":{"line":179,"column":7}},"70":{"start":{"line":173,"column":10},"end":{"line":173,"column":29}},"71":{"start":{"line":174,"column":10},"end":{"line":174,"column":85}},"72":{"start":{"line":175,"column":10},"end":{"line":175,"column":38}},"73":{"start":{"line":176,"column":10},"end":{"line":178,"column":32}},"74":{"start":{"line":177,"column":12},"end":{"line":177,"column":43}},"75":{"start":{"line":184,"column":2},"end":{"line":203,"column":3}},"76":{"start":{"line":185,"column":4},"end":{"line":202,"column":6}},"77":{"start":{"line":186,"column":6},"end":{"line":189,"column":7}},"78":{"start":{"line":188,"column":8},"end":{"line":188,"column":100}},"79":{"start":{"line":191,"column":6},"end":{"line":196,"column":12}},"80":{"start":{"line":195,"column":12},"end":{"line":195,"column":132}},"81":{"start":{"line":198,"column":6},"end":{"line":198,"column":38}},"82":{"start":{"line":199,"column":6},"end":{"line":199,"column":36}},"83":{"start":{"line":201,"column":6},"end":{"line":201,"column":20}},"84":{"start":{"line":206,"column":2},"end":{"line":208,"column":4}},"85":{"start":{"line":207,"column":6},"end":{"line":207,"column":71}},"86":{"start":{"line":211,"column":2},"end":{"line":241,"column":3}},"87":{"start":{"line":212,"column":4},"end":{"line":240,"column":6}},"88":{"start":{"line":213,"column":6},"end":{"line":215,"column":7}},"89":{"start":{"line":214,"column":8},"end":{"line":214,"column":30}},"90":{"start":{"line":216,"column":6},"end":{"line":217,"column":31}},"91":{"start":{"line":219,"column":6},"end":{"line":221,"column":7}},"92":{"start":{"line":220,"column":8},"end":{"line":220,"column":18}},"93":{"start":{"line":222,"column":6},"end":{"line":222,"column":12}},"94":{"start":{"line":223,"column":6},"end":{"line":230,"column":7}},"95":{"start":{"line":224,"column":8},"end":{"line":224,"column":33}},"96":{"start":{"line":225,"column":8},"end":{"line":229,"column":9}},"97":{"start":{"line":226,"column":10},"end":{"line":226,"column":16}},"98":{"start":{"line":227,"column":15},"end":{"line":229,"column":9}},"99":{"start":{"line":228,"column":10},"end":{"line":228,"column":54}},"100":{"start":{"line":231,"column":6},"end":{"line":233,"column":7}},"101":{"start":{"line":232,"column":8},"end":{"line":232,"column":18}},"102":{"start":{"line":234,"column":6},"end":{"line":238,"column":7}},"103":{"start":{"line":235,"column":8},"end":{"line":237,"column":9}},"104":{"start":{"line":236,"column":10},"end":{"line":236,"column":19}},"105":{"start":{"line":239,"column":6},"end":{"line":239,"column":16}},"106":{"start":{"line":243,"column":2},"end":{"line":243,"column":20}},"107":{"start":{"line":245,"column":2},"end":{"line":245,"column":13}}},"branchMap":{"1":{"line":29,"type":"if","locations":[{"start":{"line":29,"column":4},"end":{"line":29,"column":4}},{"start":{"line":29,"column":4},"end":{"line":29,"column":4}}]},"2":{"line":33,"type":"if","locations":[{"start":{"line":33,"column":4},"end":{"line":33,"column":4}},{"start":{"line":33,"column":4},"end":{"line":33,"column":4}}]},"3":{"line":37,"type":"if","locations":[{"start":{"line":37,"column":4},"end":{"line":37,"column":4}},{"start":{"line":37,"column":4},"end":{"line":37,"column":4}}]},"4":{"line":49,"type":"if","locations":[{"start":{"line":49,"column":4},"end":{"line":49,"column":4}},{"start":{"line":49,"column":4},"end":{"line":49,"column":4}}]},"5":{"line":51,"type":"if","locations":[{"start":{"line":51,"column":11},"end":{"line":51,"column":11}},{"start":{"line":51,"column":11},"end":{"line":51,"column":11}}]},"6":{"line":53,"type":"if","locations":[{"start":{"line":53,"column":11},"end":{"line":53,"column":11}},{"start":{"line":53,"column":11},"end":{"line":53,"column":11}}]},"7":{"line":55,"type":"if","locations":[{"start":{"line":55,"column":11},"end":{"line":55,"column":11}},{"start":{"line":55,"column":11},"end":{"line":55,"column":11}}]},"8":{"line":57,"type":"if","locations":[{"start":{"line":57,"column":11},"end":{"line":57,"column":11}},{"start":{"line":57,"column":11},"end":{"line":57,"column":11}}]},"9":{"line":93,"type":"if","locations":[{"start":{"line":93,"column":2},"end":{"line":93,"column":2}},{"start":{"line":93,"column":2},"end":{"line":93,"column":2}}]},"10":{"line":97,"type":"cond-expr","locations":[{"start":{"line":97,"column":74},"end":{"line":97,"column":88}},{"start":{"line":97,"column":91},"end":{"line":97,"column":100}}]},"11":{"line":123,"type":"if","locations":[{"start":{"line":123,"column":8},"end":{"line":123,"column":8}},{"start":{"line":123,"column":8},"end":{"line":123,"column":8}}]},"12":{"line":140,"type":"if","locations":[{"start":{"line":140,"column":6},"end":{"line":140,"column":6}},{"start":{"line":140,"column":6},"end":{"line":140,"column":6}}]},"13":{"line":160,"type":"cond-expr","locations":[{"start":{"line":160,"column":34},"end":{"line":160,"column":51}},{"start":{"line":160,"column":54},"end":{"line":160,"column":68}}]},"14":{"line":172,"type":"if","locations":[{"start":{"line":172,"column":6},"end":{"line":172,"column":6}},{"start":{"line":172,"column":6},"end":{"line":172,"column":6}}]},"15":{"line":184,"type":"if","locations":[{"start":{"line":184,"column":2},"end":{"line":184,"column":2}},{"start":{"line":184,"column":2},"end":{"line":184,"column":2}}]},"16":{"line":186,"type":"if","locations":[{"start":{"line":186,"column":6},"end":{"line":186,"column":6}},{"start":{"line":186,"column":6},"end":{"line":186,"column":6}}]},"17":{"line":195,"type":"cond-expr","locations":[{"start":{"line":195,"column":65},"end":{"line":195,"column":69}},{"start":{"line":195,"column":72},"end":{"line":195,"column":77}}]},"18":{"line":195,"type":"binary-expr","locations":[{"start":{"line":195,"column":33},"end":{"line":195,"column":53}},{"start":{"line":195,"column":57},"end":{"line":195,"column":62}}]},"19":{"line":211,"type":"if","locations":[{"start":{"line":211,"column":2},"end":{"line":211,"column":2}},{"start":{"line":211,"column":2},"end":{"line":211,"column":2}}]},"20":{"line":213,"type":"if","locations":[{"start":{"line":213,"column":6},"end":{"line":213,"column":6}},{"start":{"line":213,"column":6},"end":{"line":213,"column":6}}]},"21":{"line":219,"type":"if","locations":[{"start":{"line":219,"column":6},"end":{"line":219,"column":6}},{"start":{"line":219,"column":6},"end":{"line":219,"column":6}}]},"22":{"line":223,"type":"if","locations":[{"start":{"line":223,"column":6},"end":{"line":223,"column":6}},{"start":{"line":223,"column":6},"end":{"line":223,"column":6}}]},"23":{"line":225,"type":"if","locations":[{"start":{"line":225,"column":8},"end":{"line":225,"column":8}},{"start":{"line":225,"column":8},"end":{"line":225,"column":8}}]},"24":{"line":227,"type":"if","locations":[{"start":{"line":227,"column":15},"end":{"line":227,"column":15}},{"start":{"line":227,"column":15},"end":{"line":227,"column":15}}]},"25":{"line":227,"type":"binary-expr","locations":[{"start":{"line":227,"column":19},"end":{"line":227,"column":26}},{"start":{"line":227,"column":30},"end":{"line":227,"column":43}},{"start":{"line":227,"column":47},"end":{"line":227,"column":61}}]},"26":{"line":228,"type":"binary-expr","locations":[{"start":{"line":228,"column":15},"end":{"line":228,"column":20}},{"start":{"line":228,"column":24},"end":{"line":228,"column":26}}]},"27":{"line":231,"type":"if","locations":[{"start":{"line":231,"column":6},"end":{"line":231,"column":6}},{"start":{"line":231,"column":6},"end":{"line":231,"column":6}}]},"28":{"line":235,"type":"if","locations":[{"start":{"line":235,"column":8},"end":{"line":235,"column":8}},{"start":{"line":235,"column":8},"end":{"line":235,"column":8}}]},"29":{"line":235,"type":"binary-expr","locations":[{"start":{"line":235,"column":12},"end":{"line":235,"column":18}},{"start":{"line":235,"column":22},"end":{"line":235,"column":44}}]},"30":{"line":247,"type":"binary-expr","locations":[{"start":{"line":247,"column":3},"end":{"line":247,"column":6}},{"start":{"line":247,"column":10},"end":{"line":247,"column":12}}]}}}}
